<?xml version="1.0" encoding="UTF-8"?>
<!-- Generated by org.testng.reporters.JUnitReportReporter -->
<testsuite hostname="LAPTOP-CO6233UV" failures="0" tests="1" name="testcase.SearchTestCase" time="3.146" errors="0" timestamp="21 Jun 2022 11:01:03 GMT" skipped="0">
  <testcase classname="testcase.SearchTestCase" name="search" time="3.146"/>
</testsuite> <!-- testcase.SearchTestCase -->
