<?xml version="1.0" encoding="UTF-8"?>
<!-- Generated by org.testng.reporters.JUnitReportReporter -->
<testsuite hostname="LAPTOP-CO6233UV" failures="0" tests="2" name="com.morningstar.testFacebook.FacebookLogin" time="3.284" errors="1" timestamp="2022-06-17T15:09:22 IST" skipped="0">
  <testcase classname="com.morningstar.testFacebook.FacebookLogin" name="closeApp" time="2.961">
    <error type="java.lang.StackOverflowError">
      <![CDATA[java.lang.StackOverflowError
at com.morningstar.testFacebook.FacebookLogin.closeApp(FacebookLogin.java:21)
at com.morningstar.testFacebook.FacebookLogin.closeApp(FacebookLogin.java:21)
at com.morningstar.testFacebook.FacebookLogin.closeApp(FacebookLogin.java:21)
at com.morningstar.testFacebook.FacebookLogin.closeApp(FacebookLogin.java:21)
at com.morningstar.testFacebook.FacebookLogin.closeApp(FacebookLogin.java:21)
at com.morningstar.testFacebook.FacebookLogin.closeApp(FacebookLogin.java:21)
at com.morningstar.testFacebook.FacebookLogin.closeApp(FacebookLogin.java:21)
at com.morningstar.testFacebook.FacebookLogin.closeApp(FacebookLogin.java:21)
at com.morningstar.testFacebook.FacebookLogin.closeApp(FacebookLogin.java:21)
at com.morningstar.testFacebook.FacebookLogin.closeApp(FacebookLogin.java:21)
at com.morningstar.testFacebook.FacebookLogin.closeApp(FacebookLogin.java:21)
at com.morningstar.testFacebook.FacebookLogin.closeApp(FacebookLogin.java:21)
at com.morningstar.testFacebook.FacebookLogin.closeApp(FacebookLogin.java:21)
at com.morningstar.testFacebook.FacebookLogin.closeApp(FacebookLogin.java:21)
at com.morningstar.testFacebook.FacebookLogin.closeApp(FacebookLogin.java:21)
at com.morningstar.testFacebook.FacebookLogin.closeApp(FacebookLogin.java:21)
at com.morningstar.testFacebook.FacebookLogin.closeApp(FacebookLogin.java:21)
at com.morningstar.testFacebook.FacebookLogin.closeApp(FacebookLogin.java:21)
at com.morningstar.testFacebook.FacebookLogin.closeApp(FacebookLogin.java:21)
at com.morningstar.testFacebook.FacebookLogin.closeApp(FacebookLogin.java:21)
at com.morningstar.testFacebook.FacebookLogin.closeApp(FacebookLogin.java:21)
at com.morningstar.testFacebook.FacebookLogin.closeApp(FacebookLogin.java:21)
at com.morningstar.testFacebook.FacebookLogin.closeApp(FacebookLogin.java:21)
at com.morningstar.testFacebook.FacebookLogin.closeApp(FacebookLogin.java:21)
at com.morningstar.testFacebook.FacebookLogin.closeApp(FacebookLogin.java:21)
at com.morningstar.testFacebook.FacebookLogin.closeApp(FacebookLogin.java:21)
at com.morningstar.testFacebook.FacebookLogin.closeApp(FacebookLogin.java:21)
at com.morningstar.testFacebook.FacebookLogin.closeApp(FacebookLogin.java:21)
at com.morningstar.testFacebook.FacebookLogin.closeApp(FacebookLogin.java:21)
at com.morningstar.testFacebook.FacebookLogin.closeApp(FacebookLogin.java:21)
at com.morningstar.testFacebook.FacebookLogin.closeApp(FacebookLogin.java:21)
at com.morningstar.testFacebook.FacebookLogin.closeApp(FacebookLogin.java:21)
at com.morningstar.testFacebook.FacebookLogin.closeApp(FacebookLogin.java:21)
at com.morningstar.testFacebook.FacebookLogin.closeApp(FacebookLogin.java:21)
at com.morningstar.testFacebook.FacebookLogin.closeApp(FacebookLogin.java:21)
at com.morningstar.testFacebook.FacebookLogin.closeApp(FacebookLogin.java:21)
at com.morningstar.testFacebook.FacebookLogin.closeApp(FacebookLogin.java:21)
at com.morningstar.testFacebook.FacebookLogin.closeApp(FacebookLogin.java:21)
at com.morningstar.testFacebook.FacebookLogin.closeApp(FacebookLogin.java:21)
at com.morningstar.testFacebook.FacebookLogin.closeApp(FacebookLogin.java:21)
at com.morningstar.testFacebook.FacebookLogin.closeApp(FacebookLogin.java:21)
at com.morningstar.testFacebook.FacebookLogin.closeApp(FacebookLogin.java:21)
at com.morningstar.testFacebook.FacebookLogin.closeApp(FacebookLogin.java:21)
at com.morningstar.testFacebook.FacebookLogin.closeApp(FacebookLogin.java:21)
at com.morningstar.testFacebook.FacebookLogin.closeApp(FacebookLogin.java:21)
at com.morningstar.testFacebook.FacebookLogin.closeApp(FacebookLogin.java:21)
at com.morningstar.testFacebook.FacebookLogin.closeApp(FacebookLogin.java:21)
at com.morningstar.testFacebook.FacebookLogin.closeApp(FacebookLogin.java:21)
at com.morningstar.testFacebook.FacebookLogin.closeApp(FacebookLogin.java:21)
at com.morningstar.testFacebook.FacebookLogin.closeApp(FacebookLogin.java:21)
at com.morningstar.testFacebook.FacebookLogin.closeApp(FacebookLogin.java:21)
at com.morningstar.testFacebook.FacebookLogin.closeApp(FacebookLogin.java:21)
at com.morningstar.testFacebook.FacebookLogin.closeApp(FacebookLogin.java:21)
at com.morningstar.testFacebook.FacebookLogin.closeApp(FacebookLogin.java:21)
at com.morningstar.testFacebook.FacebookLogin.closeApp(FacebookLogin.java:21)
at com.morningstar.testFacebook.FacebookLogin.closeApp(FacebookLogin.java:21)
at com.morningstar.testFacebook.FacebookLogin.closeApp(FacebookLogin.java:21)
at com.morningstar.testFacebook.FacebookLogin.closeApp(FacebookLogin.java:21)
at com.morningstar.testFacebook.FacebookLogin.closeApp(FacebookLogin.java:21)
at com.morningstar.testFacebook.FacebookLogin.closeApp(FacebookLogin.java:21)
at com.morningstar.testFacebook.FacebookLogin.closeApp(FacebookLogin.java:21)
at com.morningstar.testFacebook.FacebookLogin.closeApp(FacebookLogin.java:21)
at com.morningstar.testFacebook.FacebookLogin.closeApp(FacebookLogin.java:21)
at com.morningstar.testFacebook.FacebookLogin.closeApp(FacebookLogin.java:21)
at com.morningstar.testFacebook.FacebookLogin.closeApp(FacebookLogin.java:21)
at com.morningstar.testFacebook.FacebookLogin.closeApp(FacebookLogin.java:21)
at com.morningstar.testFacebook.FacebookLogin.closeApp(FacebookLogin.java:21)
at com.morningstar.testFacebook.FacebookLogin.closeApp(FacebookLogin.java:21)
at com.morningstar.testFacebook.FacebookLogin.closeApp(FacebookLogin.java:21)
at com.morningstar.testFacebook.FacebookLogin.closeApp(FacebookLogin.java:21)
at com.morningstar.testFacebook.FacebookLogin.closeApp(FacebookLogin.java:21)
at com.morningstar.testFacebook.FacebookLogin.closeApp(FacebookLogin.java:21)
at com.morningstar.testFacebook.FacebookLogin.closeApp(FacebookLogin.java:21)
at com.morningstar.testFacebook.FacebookLogin.closeApp(FacebookLogin.java:21)
at com.morningstar.testFacebook.FacebookLogin.closeApp(FacebookLogin.java:21)
at com.morningstar.testFacebook.FacebookLogin.closeApp(FacebookLogin.java:21)
at com.morningstar.testFacebook.FacebookLogin.closeApp(FacebookLogin.java:21)
at com.morningstar.testFacebook.FacebookLogin.closeApp(FacebookLogin.java:21)
at com.morningstar.testFacebook.FacebookLogin.closeApp(FacebookLogin.java:21)
at com.morningstar.testFacebook.FacebookLogin.closeApp(FacebookLogin.java:21)
at com.morningstar.testFacebook.FacebookLogin.closeApp(FacebookLogin.java:21)
at com.morningstar.testFacebook.FacebookLogin.closeApp(FacebookLogin.java:21)
at com.morningstar.testFacebook.FacebookLogin.closeApp(FacebookLogin.java:21)
at com.morningstar.testFacebook.FacebookLogin.closeApp(FacebookLogin.java:21)
at com.morningstar.testFacebook.FacebookLogin.closeApp(FacebookLogin.java:21)
at com.morningstar.testFacebook.FacebookLogin.closeApp(FacebookLogin.java:21)
at com.morningstar.testFacebook.FacebookLogin.closeApp(FacebookLogin.java:21)
at com.morningstar.testFacebook.FacebookLogin.closeApp(FacebookLogin.java:21)
at com.morningstar.testFacebook.FacebookLogin.closeApp(FacebookLogin.java:21)
at com.morningstar.testFacebook.FacebookLogin.closeApp(FacebookLogin.java:21)
at com.morningstar.testFacebook.FacebookLogin.closeApp(FacebookLogin.java:21)
at com.morningstar.testFacebook.FacebookLogin.closeApp(FacebookLogin.java:21)
at com.morningstar.testFacebook.FacebookLogin.closeApp(FacebookLogin.java:21)
at com.morningstar.testFacebook.FacebookLogin.closeApp(FacebookLogin.java:21)
at com.morningstar.testFacebook.FacebookLogin.closeApp(FacebookLogin.java:21)
at com.morningstar.testFacebook.FacebookLogin.closeApp(FacebookLogin.java:21)
at com.morningstar.testFacebook.FacebookLogin.closeApp(FacebookLogin.java:21)
at com.morningstar.testFacebook.FacebookLogin.closeApp(FacebookLogin.java:21)
at com.morningstar.testFacebook.FacebookLogin.closeApp(FacebookLogin.java:21)
at com.morningstar.testFacebook.FacebookLogin.closeApp(FacebookLogin.java:21)
at com.morningstar.testFacebook.FacebookLogin.closeApp(FacebookLogin.java:21)
at com.morningstar.testFacebook.FacebookLogin.closeApp(FacebookLogin.java:21)
at com.morningstar.testFacebook.FacebookLogin.closeApp(FacebookLogin.java:21)
at com.morningstar.testFacebook.FacebookLogin.closeApp(FacebookLogin.java:21)
at com.morningstar.testFacebook.FacebookLogin.closeApp(FacebookLogin.java:21)
at com.morningstar.testFacebook.FacebookLogin.closeApp(FacebookLogin.java:21)
at com.morningstar.testFacebook.FacebookLogin.closeApp(FacebookLogin.java:21)
at com.morningstar.testFacebook.FacebookLogin.closeApp(FacebookLogin.java:21)
at com.morningstar.testFacebook.FacebookLogin.closeApp(FacebookLogin.java:21)
at com.morningstar.testFacebook.FacebookLogin.closeApp(FacebookLogin.java:21)
at com.morningstar.testFacebook.FacebookLogin.closeApp(FacebookLogin.java:21)
at com.morningstar.testFacebook.FacebookLogin.closeApp(FacebookLogin.java:21)
at com.morningstar.testFacebook.FacebookLogin.closeApp(FacebookLogin.java:21)
at com.morningstar.testFacebook.FacebookLogin.closeApp(FacebookLogin.java:21)
at com.morningstar.testFacebook.FacebookLogin.closeApp(FacebookLogin.java:21)
at com.morningstar.testFacebook.FacebookLogin.closeApp(FacebookLogin.java:21)
at com.morningstar.testFacebook.FacebookLogin.closeApp(FacebookLogin.java:21)
at com.morningstar.testFacebook.FacebookLogin.closeApp(FacebookLogin.java:21)
at com.morningstar.testFacebook.FacebookLogin.closeApp(FacebookLogin.java:21)
at com.morningstar.testFacebook.FacebookLogin.closeApp(FacebookLogin.java:21)
at com.morningstar.testFacebook.FacebookLogin.closeApp(FacebookLogin.java:21)
at com.morningstar.testFacebook.FacebookLogin.closeApp(FacebookLogin.java:21)
at com.morningstar.testFacebook.FacebookLogin.closeApp(FacebookLogin.java:21)
at com.morningstar.testFacebook.FacebookLogin.closeApp(FacebookLogin.java:21)
at com.morningstar.testFacebook.FacebookLogin.closeApp(FacebookLogin.java:21)
at com.morningstar.testFacebook.FacebookLogin.closeApp(FacebookLogin.java:21)
at com.morningstar.testFacebook.FacebookLogin.closeApp(FacebookLogin.java:21)
at com.morningstar.testFacebook.FacebookLogin.closeApp(FacebookLogin.java:21)
at com.morningstar.testFacebook.FacebookLogin.closeApp(FacebookLogin.java:21)
at com.morningstar.testFacebook.FacebookLogin.closeApp(FacebookLogin.java:21)
at com.morningstar.testFacebook.FacebookLogin.closeApp(FacebookLogin.java:21)
at com.morningstar.testFacebook.FacebookLogin.closeApp(FacebookLogin.java:21)
at com.morningstar.testFacebook.FacebookLogin.closeApp(FacebookLogin.java:21)
at com.morningstar.testFacebook.FacebookLogin.closeApp(FacebookLogin.java:21)
at com.morningstar.testFacebook.FacebookLogin.closeApp(FacebookLogin.java:21)
at com.morningstar.testFacebook.FacebookLogin.closeApp(FacebookLogin.java:21)
at com.morningstar.testFacebook.FacebookLogin.closeApp(FacebookLogin.java:21)
at com.morningstar.testFacebook.FacebookLogin.closeApp(FacebookLogin.java:21)
at com.morningstar.testFacebook.FacebookLogin.closeApp(FacebookLogin.java:21)
at com.morningstar.testFacebook.FacebookLogin.closeApp(FacebookLogin.java:21)
at com.morningstar.testFacebook.FacebookLogin.closeApp(FacebookLogin.java:21)
at com.morningstar.testFacebook.FacebookLogin.closeApp(FacebookLogin.java:21)
at com.morningstar.testFacebook.FacebookLogin.closeApp(FacebookLogin.java:21)
at com.morningstar.testFacebook.FacebookLogin.closeApp(FacebookLogin.java:21)
at com.morningstar.testFacebook.FacebookLogin.closeApp(FacebookLogin.java:21)
at com.morningstar.testFacebook.FacebookLogin.closeApp(FacebookLogin.java:21)
at com.morningstar.testFacebook.FacebookLogin.closeApp(FacebookLogin.java:21)
at com.morningstar.testFacebook.FacebookLogin.closeApp(FacebookLogin.java:21)
at com.morningstar.testFacebook.FacebookLogin.closeApp(FacebookLogin.java:21)
at com.morningstar.testFacebook.FacebookLogin.closeApp(FacebookLogin.java:21)
at com.morningstar.testFacebook.FacebookLogin.closeApp(FacebookLogin.java:21)
at com.morningstar.testFacebook.FacebookLogin.closeApp(FacebookLogin.java:21)
at com.morningstar.testFacebook.FacebookLogin.closeApp(FacebookLogin.java:21)
at com.morningstar.testFacebook.FacebookLogin.closeApp(FacebookLogin.java:21)
at com.morningstar.testFacebook.FacebookLogin.closeApp(FacebookLogin.java:21)
at com.morningstar.testFacebook.FacebookLogin.closeApp(FacebookLogin.java:21)
at com.morningstar.testFacebook.FacebookLogin.closeApp(FacebookLogin.java:21)
at com.morningstar.testFacebook.FacebookLogin.closeApp(FacebookLogin.java:21)
at com.morningstar.testFacebook.FacebookLogin.closeApp(FacebookLogin.java:21)
at com.morningstar.testFacebook.FacebookLogin.closeApp(FacebookLogin.java:21)
at com.morningstar.testFacebook.FacebookLogin.closeApp(FacebookLogin.java:21)
at com.morningstar.testFacebook.FacebookLogin.closeApp(FacebookLogin.java:21)
at com.morningstar.testFacebook.FacebookLogin.closeApp(FacebookLogin.java:21)
at com.morningstar.testFacebook.FacebookLogin.closeApp(FacebookLogin.java:21)
at com.morningstar.testFacebook.FacebookLogin.closeApp(FacebookLogin.java:21)
at com.morningstar.testFacebook.FacebookLogin.closeApp(FacebookLogin.java:21)
at com.morningstar.testFacebook.FacebookLogin.closeApp(FacebookLogin.java:21)
at com.morningstar.testFacebook.FacebookLogin.closeApp(FacebookLogin.java:21)
at com.morningstar.testFacebook.FacebookLogin.closeApp(FacebookLogin.java:21)
at com.morningstar.testFacebook.FacebookLogin.closeApp(FacebookLogin.java:21)
at com.morningstar.testFacebook.FacebookLogin.closeApp(FacebookLogin.java:21)
at com.morningstar.testFacebook.FacebookLogin.closeApp(FacebookLogin.java:21)
at com.morningstar.testFacebook.FacebookLogin.closeApp(FacebookLogin.java:21)
at com.morningstar.testFacebook.FacebookLogin.closeApp(FacebookLogin.java:21)
at com.morningstar.testFacebook.FacebookLogin.closeApp(FacebookLogin.java:21)
at com.morningstar.testFacebook.FacebookLogin.closeApp(FacebookLogin.java:21)
at com.morningstar.testFacebook.FacebookLogin.closeApp(FacebookLogin.java:21)
at com.morningstar.testFacebook.FacebookLogin.closeApp(FacebookLogin.java:21)
at com.morningstar.testFacebook.FacebookLogin.closeApp(FacebookLogin.java:21)
at com.morningstar.testFacebook.FacebookLogin.closeApp(FacebookLogin.java:21)
at com.morningstar.testFacebook.FacebookLogin.closeApp(FacebookLogin.java:21)
at com.morningstar.testFacebook.FacebookLogin.closeApp(FacebookLogin.java:21)
at com.morningstar.testFacebook.FacebookLogin.closeApp(FacebookLogin.java:21)
at com.morningstar.testFacebook.FacebookLogin.closeApp(FacebookLogin.java:21)
at com.morningstar.testFacebook.FacebookLogin.closeApp(FacebookLogin.java:21)
at com.morningstar.testFacebook.FacebookLogin.closeApp(FacebookLogin.java:21)
at com.morningstar.testFacebook.FacebookLogin.closeApp(FacebookLogin.java:21)
at com.morningstar.testFacebook.FacebookLogin.closeApp(FacebookLogin.java:21)
at com.morningstar.testFacebook.FacebookLogin.closeApp(FacebookLogin.java:21)
at com.morningstar.testFacebook.FacebookLogin.closeApp(FacebookLogin.java:21)
at com.morningstar.testFacebook.FacebookLogin.closeApp(FacebookLogin.java:21)
at com.morningstar.testFacebook.FacebookLogin.closeApp(FacebookLogin.java:21)
at com.morningstar.testFacebook.FacebookLogin.closeApp(FacebookLogin.java:21)
at com.morningstar.testFacebook.FacebookLogin.closeApp(FacebookLogin.java:21)
at com.morningstar.testFacebook.FacebookLogin.closeApp(FacebookLogin.java:21)
at com.morningstar.testFacebook.FacebookLogin.closeApp(FacebookLogin.java:21)
at com.morningstar.testFacebook.FacebookLogin.closeApp(FacebookLogin.java:21)
at com.morningstar.testFacebook.FacebookLogin.closeApp(FacebookLogin.java:21)
at com.morningstar.testFacebook.FacebookLogin.closeApp(FacebookLogin.java:21)
at com.morningstar.testFacebook.FacebookLogin.closeApp(FacebookLogin.java:21)
at com.morningstar.testFacebook.FacebookLogin.closeApp(FacebookLogin.java:21)
at com.morningstar.testFacebook.FacebookLogin.closeApp(FacebookLogin.java:21)
at com.morningstar.testFacebook.FacebookLogin.closeApp(FacebookLogin.java:21)
at com.morningstar.testFacebook.FacebookLogin.closeApp(FacebookLogin.java:21)
at com.morningstar.testFacebook.FacebookLogin.closeApp(FacebookLogin.java:21)
at com.morningstar.testFacebook.FacebookLogin.closeApp(FacebookLogin.java:21)
at com.morningstar.testFacebook.FacebookLogin.closeApp(FacebookLogin.java:21)
at com.morningstar.testFacebook.FacebookLogin.closeApp(FacebookLogin.java:21)
at com.morningstar.testFacebook.FacebookLogin.closeApp(FacebookLogin.java:21)
at com.morningstar.testFacebook.FacebookLogin.closeApp(FacebookLogin.java:21)
at com.morningstar.testFacebook.FacebookLogin.closeApp(FacebookLogin.java:21)
at com.morningstar.testFacebook.FacebookLogin.closeApp(FacebookLogin.java:21)
at com.morningstar.testFacebook.FacebookLogin.closeApp(FacebookLogin.java:21)
at com.morningstar.testFacebook.FacebookLogin.closeApp(FacebookLogin.java:21)
at com.morningstar.testFacebook.FacebookLogin.closeApp(FacebookLogin.java:21)
at com.morningstar.testFacebook.FacebookLogin.closeApp(FacebookLogin.java:21)
at com.morningstar.testFacebook.FacebookLogin.closeApp(FacebookLogin.java:21)
at com.morningstar.testFacebook.FacebookLogin.closeApp(FacebookLogin.java:21)
at com.morningstar.testFacebook.FacebookLogin.closeApp(FacebookLogin.java:21)
at com.morningstar.testFacebook.FacebookLogin.closeApp(FacebookLogin.java:21)
at com.morningstar.testFacebook.FacebookLogin.closeApp(FacebookLogin.java:21)
at com.morningstar.testFacebook.FacebookLogin.closeApp(FacebookLogin.java:21)
at com.morningstar.testFacebook.FacebookLogin.closeApp(FacebookLogin.java:21)
at com.morningstar.testFacebook.FacebookLogin.closeApp(FacebookLogin.java:21)
at com.morningstar.testFacebook.FacebookLogin.closeApp(FacebookLogin.java:21)
at com.morningstar.testFacebook.FacebookLogin.closeApp(FacebookLogin.java:21)
at com.morningstar.testFacebook.FacebookLogin.closeApp(FacebookLogin.java:21)
at com.morningstar.testFacebook.FacebookLogin.closeApp(FacebookLogin.java:21)
at com.morningstar.testFacebook.FacebookLogin.closeApp(FacebookLogin.java:21)
at com.morningstar.testFacebook.FacebookLogin.closeApp(FacebookLogin.java:21)
at com.morningstar.testFacebook.FacebookLogin.closeApp(FacebookLogin.java:21)
at com.morningstar.testFacebook.FacebookLogin.closeApp(FacebookLogin.java:21)
at com.morningstar.testFacebook.FacebookLogin.closeApp(FacebookLogin.java:21)
at com.morningstar.testFacebook.FacebookLogin.closeApp(FacebookLogin.java:21)
at com.morningstar.testFacebook.FacebookLogin.closeApp(FacebookLogin.java:21)
at com.morningstar.testFacebook.FacebookLogin.closeApp(FacebookLogin.java:21)
at com.morningstar.testFacebook.FacebookLogin.closeApp(FacebookLogin.java:21)
at com.morningstar.testFacebook.FacebookLogin.closeApp(FacebookLogin.java:21)
at com.morningstar.testFacebook.FacebookLogin.closeApp(FacebookLogin.java:21)
at com.morningstar.testFacebook.FacebookLogin.closeApp(FacebookLogin.java:21)
at com.morningstar.testFacebook.FacebookLogin.closeApp(FacebookLogin.java:21)
at com.morningstar.testFacebook.FacebookLogin.closeApp(FacebookLogin.java:21)
at com.morningstar.testFacebook.FacebookLogin.closeApp(FacebookLogin.java:21)
at com.morningstar.testFacebook.FacebookLogin.closeApp(FacebookLogin.java:21)
at com.morningstar.testFacebook.FacebookLogin.closeApp(FacebookLogin.java:21)
at com.morningstar.testFacebook.FacebookLogin.closeApp(FacebookLogin.java:21)
at com.morningstar.testFacebook.FacebookLogin.closeApp(FacebookLogin.java:21)
at com.morningstar.testFacebook.FacebookLogin.closeApp(FacebookLogin.java:21)
at com.morningstar.testFacebook.FacebookLogin.closeApp(FacebookLogin.java:21)
at com.morningstar.testFacebook.FacebookLogin.closeApp(FacebookLogin.java:21)
at com.morningstar.testFacebook.FacebookLogin.closeApp(FacebookLogin.java:21)
at com.morningstar.testFacebook.FacebookLogin.closeApp(FacebookLogin.java:21)
at com.morningstar.testFacebook.FacebookLogin.closeApp(FacebookLogin.java:21)
at com.morningstar.testFacebook.FacebookLogin.closeApp(FacebookLogin.java:21)
at com.morningstar.testFacebook.FacebookLogin.closeApp(FacebookLogin.java:21)
at com.morningstar.testFacebook.FacebookLogin.closeApp(FacebookLogin.java:21)
at com.morningstar.testFacebook.FacebookLogin.closeApp(FacebookLogin.java:21)
at com.morningstar.testFacebook.FacebookLogin.closeApp(FacebookLogin.java:21)
at com.morningstar.testFacebook.FacebookLogin.closeApp(FacebookLogin.java:21)
at com.morningstar.testFacebook.FacebookLogin.closeApp(FacebookLogin.java:21)
at com.morningstar.testFacebook.FacebookLogin.closeApp(FacebookLogin.java:21)
at com.morningstar.testFacebook.FacebookLogin.closeApp(FacebookLogin.java:21)
at com.morningstar.testFacebook.FacebookLogin.closeApp(FacebookLogin.java:21)
at com.morningstar.testFacebook.FacebookLogin.closeApp(FacebookLogin.java:21)
at com.morningstar.testFacebook.FacebookLogin.closeApp(FacebookLogin.java:21)
at com.morningstar.testFacebook.FacebookLogin.closeApp(FacebookLogin.java:21)
at com.morningstar.testFacebook.FacebookLogin.closeApp(FacebookLogin.java:21)
at com.morningstar.testFacebook.FacebookLogin.closeApp(FacebookLogin.java:21)
at com.morningstar.testFacebook.FacebookLogin.closeApp(FacebookLogin.java:21)
at com.morningstar.testFacebook.FacebookLogin.closeApp(FacebookLogin.java:21)
at com.morningstar.testFacebook.FacebookLogin.closeApp(FacebookLogin.java:21)
at com.morningstar.testFacebook.FacebookLogin.closeApp(FacebookLogin.java:21)
at com.morningstar.testFacebook.FacebookLogin.closeApp(FacebookLogin.java:21)
at com.morningstar.testFacebook.FacebookLogin.closeApp(FacebookLogin.java:21)
at com.morningstar.testFacebook.FacebookLogin.closeApp(FacebookLogin.java:21)
at com.morningstar.testFacebook.FacebookLogin.closeApp(FacebookLogin.java:21)
at com.morningstar.testFacebook.FacebookLogin.closeApp(FacebookLogin.java:21)
at com.morningstar.testFacebook.FacebookLogin.closeApp(FacebookLogin.java:21)
at com.morningstar.testFacebook.FacebookLogin.closeApp(FacebookLogin.java:21)
at com.morningstar.testFacebook.FacebookLogin.closeApp(FacebookLogin.java:21)
at com.morningstar.testFacebook.FacebookLogin.closeApp(FacebookLogin.java:21)
at com.morningstar.testFacebook.FacebookLogin.closeApp(FacebookLogin.java:21)
at com.morningstar.testFacebook.FacebookLogin.closeApp(FacebookLogin.java:21)
at com.morningstar.testFacebook.FacebookLogin.closeApp(FacebookLogin.java:21)
at com.morningstar.testFacebook.FacebookLogin.closeApp(FacebookLogin.java:21)
at com.morningstar.testFacebook.FacebookLogin.closeApp(FacebookLogin.java:21)
at com.morningstar.testFacebook.FacebookLogin.closeApp(FacebookLogin.java:21)
at com.morningstar.testFacebook.FacebookLogin.closeApp(FacebookLogin.java:21)
at com.morningstar.testFacebook.FacebookLogin.closeApp(FacebookLogin.java:21)
at com.morningstar.testFacebook.FacebookLogin.closeApp(FacebookLogin.java:21)
at com.morningstar.testFacebook.FacebookLogin.closeApp(FacebookLogin.java:21)
at com.morningstar.testFacebook.FacebookLogin.closeApp(FacebookLogin.java:21)
at com.morningstar.testFacebook.FacebookLogin.closeApp(FacebookLogin.java:21)
at com.morningstar.testFacebook.FacebookLogin.closeApp(FacebookLogin.java:21)
at com.morningstar.testFacebook.FacebookLogin.closeApp(FacebookLogin.java:21)
at com.morningstar.testFacebook.FacebookLogin.closeApp(FacebookLogin.java:21)
at com.morningstar.testFacebook.FacebookLogin.closeApp(FacebookLogin.java:21)
at com.morningstar.testFacebook.FacebookLogin.closeApp(FacebookLogin.java:21)
at com.morningstar.testFacebook.FacebookLogin.closeApp(FacebookLogin.java:21)
at com.morningstar.testFacebook.FacebookLogin.closeApp(FacebookLogin.java:21)
at com.morningstar.testFacebook.FacebookLogin.closeApp(FacebookLogin.java:21)
at com.morningstar.testFacebook.FacebookLogin.closeApp(FacebookLogin.java:21)
at com.morningstar.testFacebook.FacebookLogin.closeApp(FacebookLogin.java:21)
at com.morningstar.testFacebook.FacebookLogin.closeApp(FacebookLogin.java:21)
at com.morningstar.testFacebook.FacebookLogin.closeApp(FacebookLogin.java:21)
at com.morningstar.testFacebook.FacebookLogin.closeApp(FacebookLogin.java:21)
at com.morningstar.testFacebook.FacebookLogin.closeApp(FacebookLogin.java:21)
at com.morningstar.testFacebook.FacebookLogin.closeApp(FacebookLogin.java:21)
at com.morningstar.testFacebook.FacebookLogin.closeApp(FacebookLogin.java:21)
at com.morningstar.testFacebook.FacebookLogin.closeApp(FacebookLogin.java:21)
at com.morningstar.testFacebook.FacebookLogin.closeApp(FacebookLogin.java:21)
at com.morningstar.testFacebook.FacebookLogin.closeApp(FacebookLogin.java:21)
at com.morningstar.testFacebook.FacebookLogin.closeApp(FacebookLogin.java:21)
at com.morningstar.testFacebook.FacebookLogin.closeApp(FacebookLogin.java:21)
at com.morningstar.testFacebook.FacebookLogin.closeApp(FacebookLogin.java:21)
at com.morningstar.testFacebook.FacebookLogin.closeApp(FacebookLogin.java:21)
at com.morningstar.testFacebook.FacebookLogin.closeApp(FacebookLogin.java:21)
at com.morningstar.testFacebook.FacebookLogin.closeApp(FacebookLogin.java:21)
at com.morningstar.testFacebook.FacebookLogin.closeApp(FacebookLogin.java:21)
at com.morningstar.testFacebook.FacebookLogin.closeApp(FacebookLogin.java:21)
at com.morningstar.testFacebook.FacebookLogin.closeApp(FacebookLogin.java:21)
at com.morningstar.testFacebook.FacebookLogin.closeApp(FacebookLogin.java:21)
at com.morningstar.testFacebook.FacebookLogin.closeApp(FacebookLogin.java:21)
at com.morningstar.testFacebook.FacebookLogin.closeApp(FacebookLogin.java:21)
at com.morningstar.testFacebook.FacebookLogin.closeApp(FacebookLogin.java:21)
at com.morningstar.testFacebook.FacebookLogin.closeApp(FacebookLogin.java:21)
at com.morningstar.testFacebook.FacebookLogin.closeApp(FacebookLogin.java:21)
at com.morningstar.testFacebook.FacebookLogin.closeApp(FacebookLogin.java:21)
at com.morningstar.testFacebook.FacebookLogin.closeApp(FacebookLogin.java:21)
at com.morningstar.testFacebook.FacebookLogin.closeApp(FacebookLogin.java:21)
at com.morningstar.testFacebook.FacebookLogin.closeApp(FacebookLogin.java:21)
at com.morningstar.testFacebook.FacebookLogin.closeApp(FacebookLogin.java:21)
at com.morningstar.testFacebook.FacebookLogin.closeApp(FacebookLogin.java:21)
at com.morningstar.testFacebook.FacebookLogin.closeApp(FacebookLogin.java:21)
at com.morningstar.testFacebook.FacebookLogin.closeApp(FacebookLogin.java:21)
at com.morningstar.testFacebook.FacebookLogin.closeApp(FacebookLogin.java:21)
at com.morningstar.testFacebook.FacebookLogin.closeApp(FacebookLogin.java:21)
at com.morningstar.testFacebook.FacebookLogin.closeApp(FacebookLogin.java:21)
at com.morningstar.testFacebook.FacebookLogin.closeApp(FacebookLogin.java:21)
at com.morningstar.testFacebook.FacebookLogin.closeApp(FacebookLogin.java:21)
at com.morningstar.testFacebook.FacebookLogin.closeApp(FacebookLogin.java:21)
at com.morningstar.testFacebook.FacebookLogin.closeApp(FacebookLogin.java:21)
at com.morningstar.testFacebook.FacebookLogin.closeApp(FacebookLogin.java:21)
at com.morningstar.testFacebook.FacebookLogin.closeApp(FacebookLogin.java:21)
at com.morningstar.testFacebook.FacebookLogin.closeApp(FacebookLogin.java:21)
at com.morningstar.testFacebook.FacebookLogin.closeApp(FacebookLogin.java:21)
at com.morningstar.testFacebook.FacebookLogin.closeApp(FacebookLogin.java:21)
at com.morningstar.testFacebook.FacebookLogin.closeApp(FacebookLogin.java:21)
at com.morningstar.testFacebook.FacebookLogin.closeApp(FacebookLogin.java:21)
at com.morningstar.testFacebook.FacebookLogin.closeApp(FacebookLogin.java:21)
at com.morningstar.testFacebook.FacebookLogin.closeApp(FacebookLogin.java:21)
at com.morningstar.testFacebook.FacebookLogin.closeApp(FacebookLogin.java:21)
at com.morningstar.testFacebook.FacebookLogin.closeApp(FacebookLogin.java:21)
at com.morningstar.testFacebook.FacebookLogin.closeApp(FacebookLogin.java:21)
at com.morningstar.testFacebook.FacebookLogin.closeApp(FacebookLogin.java:21)
at com.morningstar.testFacebook.FacebookLogin.closeApp(FacebookLogin.java:21)
at com.morningstar.testFacebook.FacebookLogin.closeApp(FacebookLogin.java:21)
at com.morningstar.testFacebook.FacebookLogin.closeApp(FacebookLogin.java:21)
at com.morningstar.testFacebook.FacebookLogin.closeApp(FacebookLogin.java:21)
at com.morningstar.testFacebook.FacebookLogin.closeApp(FacebookLogin.java:21)
at com.morningstar.testFacebook.FacebookLogin.closeApp(FacebookLogin.java:21)
at com.morningstar.testFacebook.FacebookLogin.closeApp(FacebookLogin.java:21)
at com.morningstar.testFacebook.FacebookLogin.closeApp(FacebookLogin.java:21)
at com.morningstar.testFacebook.FacebookLogin.closeApp(FacebookLogin.java:21)
at com.morningstar.testFacebook.FacebookLogin.closeApp(FacebookLogin.java:21)
at com.morningstar.testFacebook.FacebookLogin.closeApp(FacebookLogin.java:21)
at com.morningstar.testFacebook.FacebookLogin.closeApp(FacebookLogin.java:21)
at com.morningstar.testFacebook.FacebookLogin.closeApp(FacebookLogin.java:21)
at com.morningstar.testFacebook.FacebookLogin.closeApp(FacebookLogin.java:21)
at com.morningstar.testFacebook.FacebookLogin.closeApp(FacebookLogin.java:21)
at com.morningstar.testFacebook.FacebookLogin.closeApp(FacebookLogin.java:21)
at com.morningstar.testFacebook.FacebookLogin.closeApp(FacebookLogin.java:21)
at com.morningstar.testFacebook.FacebookLogin.closeApp(FacebookLogin.java:21)
at com.morningstar.testFacebook.FacebookLogin.closeApp(FacebookLogin.java:21)
at com.morningstar.testFacebook.FacebookLogin.closeApp(FacebookLogin.java:21)
at com.morningstar.testFacebook.FacebookLogin.closeApp(FacebookLogin.java:21)
at com.morningstar.testFacebook.FacebookLogin.closeApp(FacebookLogin.java:21)
at com.morningstar.testFacebook.FacebookLogin.closeApp(FacebookLogin.java:21)
at com.morningstar.testFacebook.FacebookLogin.closeApp(FacebookLogin.java:21)
at com.morningstar.testFacebook.FacebookLogin.closeApp(FacebookLogin.java:21)
at com.morningstar.testFacebook.FacebookLogin.closeApp(FacebookLogin.java:21)
at com.morningstar.testFacebook.FacebookLogin.closeApp(FacebookLogin.java:21)
at com.morningstar.testFacebook.FacebookLogin.closeApp(FacebookLogin.java:21)
at com.morningstar.testFacebook.FacebookLogin.closeApp(FacebookLogin.java:21)
at com.morningstar.testFacebook.FacebookLogin.closeApp(FacebookLogin.java:21)
at com.morningstar.testFacebook.FacebookLogin.closeApp(FacebookLogin.java:21)
at com.morningstar.testFacebook.FacebookLogin.closeApp(FacebookLogin.java:21)
at com.morningstar.testFacebook.FacebookLogin.closeApp(FacebookLogin.java:21)
at com.morningstar.testFacebook.FacebookLogin.closeApp(FacebookLogin.java:21)
at com.morningstar.testFacebook.FacebookLogin.closeApp(FacebookLogin.java:21)
at com.morningstar.testFacebook.FacebookLogin.closeApp(FacebookLogin.java:21)
at com.morningstar.testFacebook.FacebookLogin.closeApp(FacebookLogin.java:21)
at com.morningstar.testFacebook.FacebookLogin.closeApp(FacebookLogin.java:21)
at com.morningstar.testFacebook.FacebookLogin.closeApp(FacebookLogin.java:21)
at com.morningstar.testFacebook.FacebookLogin.closeApp(FacebookLogin.java:21)
at com.morningstar.testFacebook.FacebookLogin.closeApp(FacebookLogin.java:21)
at com.morningstar.testFacebook.FacebookLogin.closeApp(FacebookLogin.java:21)
at com.morningstar.testFacebook.FacebookLogin.closeApp(FacebookLogin.java:21)
at com.morningstar.testFacebook.FacebookLogin.closeApp(FacebookLogin.java:21)
at com.morningstar.testFacebook.FacebookLogin.closeApp(FacebookLogin.java:21)
at com.morningstar.testFacebook.FacebookLogin.closeApp(FacebookLogin.java:21)
at com.morningstar.testFacebook.FacebookLogin.closeApp(FacebookLogin.java:21)
at com.morningstar.testFacebook.FacebookLogin.closeApp(FacebookLogin.java:21)
at com.morningstar.testFacebook.FacebookLogin.closeApp(FacebookLogin.java:21)
at com.morningstar.testFacebook.FacebookLogin.closeApp(FacebookLogin.java:21)
at com.morningstar.testFacebook.FacebookLogin.closeApp(FacebookLogin.java:21)
at com.morningstar.testFacebook.FacebookLogin.closeApp(FacebookLogin.java:21)
at com.morningstar.testFacebook.FacebookLogin.closeApp(FacebookLogin.java:21)
at com.morningstar.testFacebook.FacebookLogin.closeApp(FacebookLogin.java:21)
at com.morningstar.testFacebook.FacebookLogin.closeApp(FacebookLogin.java:21)
at com.morningstar.testFacebook.FacebookLogin.closeApp(FacebookLogin.java:21)
at com.morningstar.testFacebook.FacebookLogin.closeApp(FacebookLogin.java:21)
at com.morningstar.testFacebook.FacebookLogin.closeApp(FacebookLogin.java:21)
at com.morningstar.testFacebook.FacebookLogin.closeApp(FacebookLogin.java:21)
at com.morningstar.testFacebook.FacebookLogin.closeApp(FacebookLogin.java:21)
at com.morningstar.testFacebook.FacebookLogin.closeApp(FacebookLogin.java:21)
at com.morningstar.testFacebook.FacebookLogin.closeApp(FacebookLogin.java:21)
at com.morningstar.testFacebook.FacebookLogin.closeApp(FacebookLogin.java:21)
at com.morningstar.testFacebook.FacebookLogin.closeApp(FacebookLogin.java:21)
at com.morningstar.testFacebook.FacebookLogin.closeApp(FacebookLogin.java:21)
at com.morningstar.testFacebook.FacebookLogin.closeApp(FacebookLogin.java:21)
at com.morningstar.testFacebook.FacebookLogin.closeApp(FacebookLogin.java:21)
at com.morningstar.testFacebook.FacebookLogin.closeApp(FacebookLogin.java:21)
at com.morningstar.testFacebook.FacebookLogin.closeApp(FacebookLogin.java:21)
at com.morningstar.testFacebook.FacebookLogin.closeApp(FacebookLogin.java:21)
at com.morningstar.testFacebook.FacebookLogin.closeApp(FacebookLogin.java:21)
at com.morningstar.testFacebook.FacebookLogin.closeApp(FacebookLogin.java:21)
at com.morningstar.testFacebook.FacebookLogin.closeApp(FacebookLogin.java:21)
at com.morningstar.testFacebook.FacebookLogin.closeApp(FacebookLogin.java:21)
at com.morningstar.testFacebook.FacebookLogin.closeApp(FacebookLogin.java:21)
at com.morningstar.testFacebook.FacebookLogin.closeApp(FacebookLogin.java:21)
at com.morningstar.testFacebook.FacebookLogin.closeApp(FacebookLogin.java:21)
at com.morningstar.testFacebook.FacebookLogin.closeApp(FacebookLogin.java:21)
at com.morningstar.testFacebook.FacebookLogin.closeApp(FacebookLogin.java:21)
at com.morningstar.testFacebook.FacebookLogin.closeApp(FacebookLogin.java:21)
at com.morningstar.testFacebook.FacebookLogin.closeApp(FacebookLogin.java:21)
at com.morningstar.testFacebook.FacebookLogin.closeApp(FacebookLogin.java:21)
at com.morningstar.testFacebook.FacebookLogin.closeApp(FacebookLogin.java:21)
at com.morningstar.testFacebook.FacebookLogin.closeApp(FacebookLogin.java:21)
at com.morningstar.testFacebook.FacebookLogin.closeApp(FacebookLogin.java:21)
at com.morningstar.testFacebook.FacebookLogin.closeApp(FacebookLogin.java:21)
at com.morningstar.testFacebook.FacebookLogin.closeApp(FacebookLogin.java:21)
at com.morningstar.testFacebook.FacebookLogin.closeApp(FacebookLogin.java:21)
at com.morningstar.testFacebook.FacebookLogin.closeApp(FacebookLogin.java:21)
at com.morningstar.testFacebook.FacebookLogin.closeApp(FacebookLogin.java:21)
at com.morningstar.testFacebook.FacebookLogin.closeApp(FacebookLogin.java:21)
at com.morningstar.testFacebook.FacebookLogin.closeApp(FacebookLogin.java:21)
at com.morningstar.testFacebook.FacebookLogin.closeApp(FacebookLogin.java:21)
at com.morningstar.testFacebook.FacebookLogin.closeApp(FacebookLogin.java:21)
at com.morningstar.testFacebook.FacebookLogin.closeApp(FacebookLogin.java:21)
at com.morningstar.testFacebook.FacebookLogin.closeApp(FacebookLogin.java:21)
at com.morningstar.testFacebook.FacebookLogin.closeApp(FacebookLogin.java:21)
at com.morningstar.testFacebook.FacebookLogin.closeApp(FacebookLogin.java:21)
at com.morningstar.testFacebook.FacebookLogin.closeApp(FacebookLogin.java:21)
at com.morningstar.testFacebook.FacebookLogin.closeApp(FacebookLogin.java:21)
at com.morningstar.testFacebook.FacebookLogin.closeApp(FacebookLogin.java:21)
at com.morningstar.testFacebook.FacebookLogin.closeApp(FacebookLogin.java:21)
at com.morningstar.testFacebook.FacebookLogin.closeApp(FacebookLogin.java:21)
at com.morningstar.testFacebook.FacebookLogin.closeApp(FacebookLogin.java:21)
at com.morningstar.testFacebook.FacebookLogin.closeApp(FacebookLogin.java:21)
at com.morningstar.testFacebook.FacebookLogin.closeApp(FacebookLogin.java:21)
at com.morningstar.testFacebook.FacebookLogin.closeApp(FacebookLogin.java:21)
at com.morningstar.testFacebook.FacebookLogin.closeApp(FacebookLogin.java:21)
at com.morningstar.testFacebook.FacebookLogin.closeApp(FacebookLogin.java:21)
at com.morningstar.testFacebook.FacebookLogin.closeApp(FacebookLogin.java:21)
at com.morningstar.testFacebook.FacebookLogin.closeApp(FacebookLogin.java:21)
at com.morningstar.testFacebook.FacebookLogin.closeApp(FacebookLogin.java:21)
at com.morningstar.testFacebook.FacebookLogin.closeApp(FacebookLogin.java:21)
at com.morningstar.testFacebook.FacebookLogin.closeApp(FacebookLogin.java:21)
at com.morningstar.testFacebook.FacebookLogin.closeApp(FacebookLogin.java:21)
at com.morningstar.testFacebook.FacebookLogin.closeApp(FacebookLogin.java:21)
at com.morningstar.testFacebook.FacebookLogin.closeApp(FacebookLogin.java:21)
at com.morningstar.testFacebook.FacebookLogin.closeApp(FacebookLogin.java:21)
at com.morningstar.testFacebook.FacebookLogin.closeApp(FacebookLogin.java:21)
at com.morningstar.testFacebook.FacebookLogin.closeApp(FacebookLogin.java:21)
at com.morningstar.testFacebook.FacebookLogin.closeApp(FacebookLogin.java:21)
at com.morningstar.testFacebook.FacebookLogin.closeApp(FacebookLogin.java:21)
at com.morningstar.testFacebook.FacebookLogin.closeApp(FacebookLogin.java:21)
at com.morningstar.testFacebook.FacebookLogin.closeApp(FacebookLogin.java:21)
at com.morningstar.testFacebook.FacebookLogin.closeApp(FacebookLogin.java:21)
at com.morningstar.testFacebook.FacebookLogin.closeApp(FacebookLogin.java:21)
at com.morningstar.testFacebook.FacebookLogin.closeApp(FacebookLogin.java:21)
at com.morningstar.testFacebook.FacebookLogin.closeApp(FacebookLogin.java:21)
at com.morningstar.testFacebook.FacebookLogin.closeApp(FacebookLogin.java:21)
at com.morningstar.testFacebook.FacebookLogin.closeApp(FacebookLogin.java:21)
at com.morningstar.testFacebook.FacebookLogin.closeApp(FacebookLogin.java:21)
at com.morningstar.testFacebook.FacebookLogin.closeApp(FacebookLogin.java:21)
at com.morningstar.testFacebook.FacebookLogin.closeApp(FacebookLogin.java:21)
at com.morningstar.testFacebook.FacebookLogin.closeApp(FacebookLogin.java:21)
at com.morningstar.testFacebook.FacebookLogin.closeApp(FacebookLogin.java:21)
at com.morningstar.testFacebook.FacebookLogin.closeApp(FacebookLogin.java:21)
at com.morningstar.testFacebook.FacebookLogin.closeApp(FacebookLogin.java:21)
at com.morningstar.testFacebook.FacebookLogin.closeApp(FacebookLogin.java:21)
at com.morningstar.testFacebook.FacebookLogin.closeApp(FacebookLogin.java:21)
at com.morningstar.testFacebook.FacebookLogin.closeApp(FacebookLogin.java:21)
at com.morningstar.testFacebook.FacebookLogin.closeApp(FacebookLogin.java:21)
at com.morningstar.testFacebook.FacebookLogin.closeApp(FacebookLogin.java:21)
at com.morningstar.testFacebook.FacebookLogin.closeApp(FacebookLogin.java:21)
at com.morningstar.testFacebook.FacebookLogin.closeApp(FacebookLogin.java:21)
at com.morningstar.testFacebook.FacebookLogin.closeApp(FacebookLogin.java:21)
at com.morningstar.testFacebook.FacebookLogin.closeApp(FacebookLogin.java:21)
at com.morningstar.testFacebook.FacebookLogin.closeApp(FacebookLogin.java:21)
at com.morningstar.testFacebook.FacebookLogin.closeApp(FacebookLogin.java:21)
at com.morningstar.testFacebook.FacebookLogin.closeApp(FacebookLogin.java:21)
at com.morningstar.testFacebook.FacebookLogin.closeApp(FacebookLogin.java:21)
at com.morningstar.testFacebook.FacebookLogin.closeApp(FacebookLogin.java:21)
at com.morningstar.testFacebook.FacebookLogin.closeApp(FacebookLogin.java:21)
at com.morningstar.testFacebook.FacebookLogin.closeApp(FacebookLogin.java:21)
at com.morningstar.testFacebook.FacebookLogin.closeApp(FacebookLogin.java:21)
at com.morningstar.testFacebook.FacebookLogin.closeApp(FacebookLogin.java:21)
at com.morningstar.testFacebook.FacebookLogin.closeApp(FacebookLogin.java:21)
at com.morningstar.testFacebook.FacebookLogin.closeApp(FacebookLogin.java:21)
at com.morningstar.testFacebook.FacebookLogin.closeApp(FacebookLogin.java:21)
at com.morningstar.testFacebook.FacebookLogin.closeApp(FacebookLogin.java:21)
at com.morningstar.testFacebook.FacebookLogin.closeApp(FacebookLogin.java:21)
at com.morningstar.testFacebook.FacebookLogin.closeApp(FacebookLogin.java:21)
at com.morningstar.testFacebook.FacebookLogin.closeApp(FacebookLogin.java:21)
at com.morningstar.testFacebook.FacebookLogin.closeApp(FacebookLogin.java:21)
at com.morningstar.testFacebook.FacebookLogin.closeApp(FacebookLogin.java:21)
at com.morningstar.testFacebook.FacebookLogin.closeApp(FacebookLogin.java:21)
at com.morningstar.testFacebook.FacebookLogin.closeApp(FacebookLogin.java:21)
at com.morningstar.testFacebook.FacebookLogin.closeApp(FacebookLogin.java:21)
at com.morningstar.testFacebook.FacebookLogin.closeApp(FacebookLogin.java:21)
at com.morningstar.testFacebook.FacebookLogin.closeApp(FacebookLogin.java:21)
at com.morningstar.testFacebook.FacebookLogin.closeApp(FacebookLogin.java:21)
at com.morningstar.testFacebook.FacebookLogin.closeApp(FacebookLogin.java:21)
at com.morningstar.testFacebook.FacebookLogin.closeApp(FacebookLogin.java:21)
at com.morningstar.testFacebook.FacebookLogin.closeApp(FacebookLogin.java:21)
at com.morningstar.testFacebook.FacebookLogin.closeApp(FacebookLogin.java:21)
at com.morningstar.testFacebook.FacebookLogin.closeApp(FacebookLogin.java:21)
at com.morningstar.testFacebook.FacebookLogin.closeApp(FacebookLogin.java:21)
at com.morningstar.testFacebook.FacebookLogin.closeApp(FacebookLogin.java:21)
at com.morningstar.testFacebook.FacebookLogin.closeApp(FacebookLogin.java:21)
at com.morningstar.testFacebook.FacebookLogin.closeApp(FacebookLogin.java:21)
at com.morningstar.testFacebook.FacebookLogin.closeApp(FacebookLogin.java:21)
at com.morningstar.testFacebook.FacebookLogin.closeApp(FacebookLogin.java:21)
at com.morningstar.testFacebook.FacebookLogin.closeApp(FacebookLogin.java:21)
at com.morningstar.testFacebook.FacebookLogin.closeApp(FacebookLogin.java:21)
at com.morningstar.testFacebook.FacebookLogin.closeApp(FacebookLogin.java:21)
at com.morningstar.testFacebook.FacebookLogin.closeApp(FacebookLogin.java:21)
at com.morningstar.testFacebook.FacebookLogin.closeApp(FacebookLogin.java:21)
at com.morningstar.testFacebook.FacebookLogin.closeApp(FacebookLogin.java:21)
at com.morningstar.testFacebook.FacebookLogin.closeApp(FacebookLogin.java:21)
at com.morningstar.testFacebook.FacebookLogin.closeApp(FacebookLogin.java:21)
at com.morningstar.testFacebook.FacebookLogin.closeApp(FacebookLogin.java:21)
at com.morningstar.testFacebook.FacebookLogin.closeApp(FacebookLogin.java:21)
at com.morningstar.testFacebook.FacebookLogin.closeApp(FacebookLogin.java:21)
at com.morningstar.testFacebook.FacebookLogin.closeApp(FacebookLogin.java:21)
at com.morningstar.testFacebook.FacebookLogin.closeApp(FacebookLogin.java:21)
at com.morningstar.testFacebook.FacebookLogin.closeApp(FacebookLogin.java:21)
at com.morningstar.testFacebook.FacebookLogin.closeApp(FacebookLogin.java:21)
at com.morningstar.testFacebook.FacebookLogin.closeApp(FacebookLogin.java:21)
at com.morningstar.testFacebook.FacebookLogin.closeApp(FacebookLogin.java:21)
at com.morningstar.testFacebook.FacebookLogin.closeApp(FacebookLogin.java:21)
at com.morningstar.testFacebook.FacebookLogin.closeApp(FacebookLogin.java:21)
at com.morningstar.testFacebook.FacebookLogin.closeApp(FacebookLogin.java:21)
at com.morningstar.testFacebook.FacebookLogin.closeApp(FacebookLogin.java:21)
at com.morningstar.testFacebook.FacebookLogin.closeApp(FacebookLogin.java:21)
at com.morningstar.testFacebook.FacebookLogin.closeApp(FacebookLogin.java:21)
at com.morningstar.testFacebook.FacebookLogin.closeApp(FacebookLogin.java:21)
at com.morningstar.testFacebook.FacebookLogin.closeApp(FacebookLogin.java:21)
at com.morningstar.testFacebook.FacebookLogin.closeApp(FacebookLogin.java:21)
at com.morningstar.testFacebook.FacebookLogin.closeApp(FacebookLogin.java:21)
at com.morningstar.testFacebook.FacebookLogin.closeApp(FacebookLogin.java:21)
at com.morningstar.testFacebook.FacebookLogin.closeApp(FacebookLogin.java:21)
at com.morningstar.testFacebook.FacebookLogin.closeApp(FacebookLogin.java:21)
at com.morningstar.testFacebook.FacebookLogin.closeApp(FacebookLogin.java:21)
at com.morningstar.testFacebook.FacebookLogin.closeApp(FacebookLogin.java:21)
at com.morningstar.testFacebook.FacebookLogin.closeApp(FacebookLogin.java:21)
at com.morningstar.testFacebook.FacebookLogin.closeApp(FacebookLogin.java:21)
at com.morningstar.testFacebook.FacebookLogin.closeApp(FacebookLogin.java:21)
at com.morningstar.testFacebook.FacebookLogin.closeApp(FacebookLogin.java:21)
at com.morningstar.testFacebook.FacebookLogin.closeApp(FacebookLogin.java:21)
at com.morningstar.testFacebook.FacebookLogin.closeApp(FacebookLogin.java:21)
at com.morningstar.testFacebook.FacebookLogin.closeApp(FacebookLogin.java:21)
at com.morningstar.testFacebook.FacebookLogin.closeApp(FacebookLogin.java:21)
at com.morningstar.testFacebook.FacebookLogin.closeApp(FacebookLogin.java:21)
at com.morningstar.testFacebook.FacebookLogin.closeApp(FacebookLogin.java:21)
at com.morningstar.testFacebook.FacebookLogin.closeApp(FacebookLogin.java:21)
at com.morningstar.testFacebook.FacebookLogin.closeApp(FacebookLogin.java:21)
at com.morningstar.testFacebook.FacebookLogin.closeApp(FacebookLogin.java:21)
at com.morningstar.testFacebook.FacebookLogin.closeApp(FacebookLogin.java:21)
at com.morningstar.testFacebook.FacebookLogin.closeApp(FacebookLogin.java:21)
at com.morningstar.testFacebook.FacebookLogin.closeApp(FacebookLogin.java:21)
at com.morningstar.testFacebook.FacebookLogin.closeApp(FacebookLogin.java:21)
at com.morningstar.testFacebook.FacebookLogin.closeApp(FacebookLogin.java:21)
at com.morningstar.testFacebook.FacebookLogin.closeApp(FacebookLogin.java:21)
at com.morningstar.testFacebook.FacebookLogin.closeApp(FacebookLogin.java:21)
at com.morningstar.testFacebook.FacebookLogin.closeApp(FacebookLogin.java:21)
at com.morningstar.testFacebook.FacebookLogin.closeApp(FacebookLogin.java:21)
at com.morningstar.testFacebook.FacebookLogin.closeApp(FacebookLogin.java:21)
at com.morningstar.testFacebook.FacebookLogin.closeApp(FacebookLogin.java:21)
at com.morningstar.testFacebook.FacebookLogin.closeApp(FacebookLogin.java:21)
at com.morningstar.testFacebook.FacebookLogin.closeApp(FacebookLogin.java:21)
at com.morningstar.testFacebook.FacebookLogin.closeApp(FacebookLogin.java:21)
at com.morningstar.testFacebook.FacebookLogin.closeApp(FacebookLogin.java:21)
at com.morningstar.testFacebook.FacebookLogin.closeApp(FacebookLogin.java:21)
at com.morningstar.testFacebook.FacebookLogin.closeApp(FacebookLogin.java:21)
at com.morningstar.testFacebook.FacebookLogin.closeApp(FacebookLogin.java:21)
at com.morningstar.testFacebook.FacebookLogin.closeApp(FacebookLogin.java:21)
at com.morningstar.testFacebook.FacebookLogin.closeApp(FacebookLogin.java:21)
at com.morningstar.testFacebook.FacebookLogin.closeApp(FacebookLogin.java:21)
at com.morningstar.testFacebook.FacebookLogin.closeApp(FacebookLogin.java:21)
at com.morningstar.testFacebook.FacebookLogin.closeApp(FacebookLogin.java:21)
at com.morningstar.testFacebook.FacebookLogin.closeApp(FacebookLogin.java:21)
at com.morningstar.testFacebook.FacebookLogin.closeApp(FacebookLogin.java:21)
at com.morningstar.testFacebook.FacebookLogin.closeApp(FacebookLogin.java:21)
at com.morningstar.testFacebook.FacebookLogin.closeApp(FacebookLogin.java:21)
at com.morningstar.testFacebook.FacebookLogin.closeApp(FacebookLogin.java:21)
at com.morningstar.testFacebook.FacebookLogin.closeApp(FacebookLogin.java:21)
at com.morningstar.testFacebook.FacebookLogin.closeApp(FacebookLogin.java:21)
at com.morningstar.testFacebook.FacebookLogin.closeApp(FacebookLogin.java:21)
at com.morningstar.testFacebook.FacebookLogin.closeApp(FacebookLogin.java:21)
at com.morningstar.testFacebook.FacebookLogin.closeApp(FacebookLogin.java:21)
at com.morningstar.testFacebook.FacebookLogin.closeApp(FacebookLogin.java:21)
at com.morningstar.testFacebook.FacebookLogin.closeApp(FacebookLogin.java:21)
at com.morningstar.testFacebook.FacebookLogin.closeApp(FacebookLogin.java:21)
at com.morningstar.testFacebook.FacebookLogin.closeApp(FacebookLogin.java:21)
at com.morningstar.testFacebook.FacebookLogin.closeApp(FacebookLogin.java:21)
at com.morningstar.testFacebook.FacebookLogin.closeApp(FacebookLogin.java:21)
at com.morningstar.testFacebook.FacebookLogin.closeApp(FacebookLogin.java:21)
at com.morningstar.testFacebook.FacebookLogin.closeApp(FacebookLogin.java:21)
at com.morningstar.testFacebook.FacebookLogin.closeApp(FacebookLogin.java:21)
at com.morningstar.testFacebook.FacebookLogin.closeApp(FacebookLogin.java:21)
at com.morningstar.testFacebook.FacebookLogin.closeApp(FacebookLogin.java:21)
at com.morningstar.testFacebook.FacebookLogin.closeApp(FacebookLogin.java:21)
at com.morningstar.testFacebook.FacebookLogin.closeApp(FacebookLogin.java:21)
at com.morningstar.testFacebook.FacebookLogin.closeApp(FacebookLogin.java:21)
at com.morningstar.testFacebook.FacebookLogin.closeApp(FacebookLogin.java:21)
at com.morningstar.testFacebook.FacebookLogin.closeApp(FacebookLogin.java:21)
at com.morningstar.testFacebook.FacebookLogin.closeApp(FacebookLogin.java:21)
at com.morningstar.testFacebook.FacebookLogin.closeApp(FacebookLogin.java:21)
at com.morningstar.testFacebook.FacebookLogin.closeApp(FacebookLogin.java:21)
at com.morningstar.testFacebook.FacebookLogin.closeApp(FacebookLogin.java:21)
at com.morningstar.testFacebook.FacebookLogin.closeApp(FacebookLogin.java:21)
at com.morningstar.testFacebook.FacebookLogin.closeApp(FacebookLogin.java:21)
at com.morningstar.testFacebook.FacebookLogin.closeApp(FacebookLogin.java:21)
at com.morningstar.testFacebook.FacebookLogin.closeApp(FacebookLogin.java:21)
at com.morningstar.testFacebook.FacebookLogin.closeApp(FacebookLogin.java:21)
at com.morningstar.testFacebook.FacebookLogin.closeApp(FacebookLogin.java:21)
at com.morningstar.testFacebook.FacebookLogin.closeApp(FacebookLogin.java:21)
at com.morningstar.testFacebook.FacebookLogin.closeApp(FacebookLogin.java:21)
at com.morningstar.testFacebook.FacebookLogin.closeApp(FacebookLogin.java:21)
at com.morningstar.testFacebook.FacebookLogin.closeApp(FacebookLogin.java:21)
at com.morningstar.testFacebook.FacebookLogin.closeApp(FacebookLogin.java:21)
at com.morningstar.testFacebook.FacebookLogin.closeApp(FacebookLogin.java:21)
at com.morningstar.testFacebook.FacebookLogin.closeApp(FacebookLogin.java:21)
at com.morningstar.testFacebook.FacebookLogin.closeApp(FacebookLogin.java:21)
at com.morningstar.testFacebook.FacebookLogin.closeApp(FacebookLogin.java:21)
at com.morningstar.testFacebook.FacebookLogin.closeApp(FacebookLogin.java:21)
at com.morningstar.testFacebook.FacebookLogin.closeApp(FacebookLogin.java:21)
at com.morningstar.testFacebook.FacebookLogin.closeApp(FacebookLogin.java:21)
at com.morningstar.testFacebook.FacebookLogin.closeApp(FacebookLogin.java:21)
at com.morningstar.testFacebook.FacebookLogin.closeApp(FacebookLogin.java:21)
at com.morningstar.testFacebook.FacebookLogin.closeApp(FacebookLogin.java:21)
at com.morningstar.testFacebook.FacebookLogin.closeApp(FacebookLogin.java:21)
at com.morningstar.testFacebook.FacebookLogin.closeApp(FacebookLogin.java:21)
at com.morningstar.testFacebook.FacebookLogin.closeApp(FacebookLogin.java:21)
at com.morningstar.testFacebook.FacebookLogin.closeApp(FacebookLogin.java:21)
at com.morningstar.testFacebook.FacebookLogin.closeApp(FacebookLogin.java:21)
at com.morningstar.testFacebook.FacebookLogin.closeApp(FacebookLogin.java:21)
at com.morningstar.testFacebook.FacebookLogin.closeApp(FacebookLogin.java:21)
at com.morningstar.testFacebook.FacebookLogin.closeApp(FacebookLogin.java:21)
at com.morningstar.testFacebook.FacebookLogin.closeApp(FacebookLogin.java:21)
at com.morningstar.testFacebook.FacebookLogin.closeApp(FacebookLogin.java:21)
at com.morningstar.testFacebook.FacebookLogin.closeApp(FacebookLogin.java:21)
at com.morningstar.testFacebook.FacebookLogin.closeApp(FacebookLogin.java:21)
at com.morningstar.testFacebook.FacebookLogin.closeApp(FacebookLogin.java:21)
at com.morningstar.testFacebook.FacebookLogin.closeApp(FacebookLogin.java:21)
at com.morningstar.testFacebook.FacebookLogin.closeApp(FacebookLogin.java:21)
at com.morningstar.testFacebook.FacebookLogin.closeApp(FacebookLogin.java:21)
at com.morningstar.testFacebook.FacebookLogin.closeApp(FacebookLogin.java:21)
at com.morningstar.testFacebook.FacebookLogin.closeApp(FacebookLogin.java:21)
at com.morningstar.testFacebook.FacebookLogin.closeApp(FacebookLogin.java:21)
at com.morningstar.testFacebook.FacebookLogin.closeApp(FacebookLogin.java:21)
at com.morningstar.testFacebook.FacebookLogin.closeApp(FacebookLogin.java:21)
at com.morningstar.testFacebook.FacebookLogin.closeApp(FacebookLogin.java:21)
at com.morningstar.testFacebook.FacebookLogin.closeApp(FacebookLogin.java:21)
at com.morningstar.testFacebook.FacebookLogin.closeApp(FacebookLogin.java:21)
at com.morningstar.testFacebook.FacebookLogin.closeApp(FacebookLogin.java:21)
at com.morningstar.testFacebook.FacebookLogin.closeApp(FacebookLogin.java:21)
at com.morningstar.testFacebook.FacebookLogin.closeApp(FacebookLogin.java:21)
at com.morningstar.testFacebook.FacebookLogin.closeApp(FacebookLogin.java:21)
at com.morningstar.testFacebook.FacebookLogin.closeApp(FacebookLogin.java:21)
at com.morningstar.testFacebook.FacebookLogin.closeApp(FacebookLogin.java:21)
at com.morningstar.testFacebook.FacebookLogin.closeApp(FacebookLogin.java:21)
at com.morningstar.testFacebook.FacebookLogin.closeApp(FacebookLogin.java:21)
at com.morningstar.testFacebook.FacebookLogin.closeApp(FacebookLogin.java:21)
at com.morningstar.testFacebook.FacebookLogin.closeApp(FacebookLogin.java:21)
at com.morningstar.testFacebook.FacebookLogin.closeApp(FacebookLogin.java:21)
at com.morningstar.testFacebook.FacebookLogin.closeApp(FacebookLogin.java:21)
at com.morningstar.testFacebook.FacebookLogin.closeApp(FacebookLogin.java:21)
at com.morningstar.testFacebook.FacebookLogin.closeApp(FacebookLogin.java:21)
at com.morningstar.testFacebook.FacebookLogin.closeApp(FacebookLogin.java:21)
at com.morningstar.testFacebook.FacebookLogin.closeApp(FacebookLogin.java:21)
at com.morningstar.testFacebook.FacebookLogin.closeApp(FacebookLogin.java:21)
at com.morningstar.testFacebook.FacebookLogin.closeApp(FacebookLogin.java:21)
at com.morningstar.testFacebook.FacebookLogin.closeApp(FacebookLogin.java:21)
at com.morningstar.testFacebook.FacebookLogin.closeApp(FacebookLogin.java:21)
at com.morningstar.testFacebook.FacebookLogin.closeApp(FacebookLogin.java:21)
at com.morningstar.testFacebook.FacebookLogin.closeApp(FacebookLogin.java:21)
at com.morningstar.testFacebook.FacebookLogin.closeApp(FacebookLogin.java:21)
at com.morningstar.testFacebook.FacebookLogin.closeApp(FacebookLogin.java:21)
at com.morningstar.testFacebook.FacebookLogin.closeApp(FacebookLogin.java:21)
at com.morningstar.testFacebook.FacebookLogin.closeApp(FacebookLogin.java:21)
at com.morningstar.testFacebook.FacebookLogin.closeApp(FacebookLogin.java:21)
at com.morningstar.testFacebook.FacebookLogin.closeApp(FacebookLogin.java:21)
at com.morningstar.testFacebook.FacebookLogin.closeApp(FacebookLogin.java:21)
at com.morningstar.testFacebook.FacebookLogin.closeApp(FacebookLogin.java:21)
at com.morningstar.testFacebook.FacebookLogin.closeApp(FacebookLogin.java:21)
at com.morningstar.testFacebook.FacebookLogin.closeApp(FacebookLogin.java:21)
at com.morningstar.testFacebook.FacebookLogin.closeApp(FacebookLogin.java:21)
at com.morningstar.testFacebook.FacebookLogin.closeApp(FacebookLogin.java:21)
at com.morningstar.testFacebook.FacebookLogin.closeApp(FacebookLogin.java:21)
at com.morningstar.testFacebook.FacebookLogin.closeApp(FacebookLogin.java:21)
at com.morningstar.testFacebook.FacebookLogin.closeApp(FacebookLogin.java:21)
at com.morningstar.testFacebook.FacebookLogin.closeApp(FacebookLogin.java:21)
at com.morningstar.testFacebook.FacebookLogin.closeApp(FacebookLogin.java:21)
at com.morningstar.testFacebook.FacebookLogin.closeApp(FacebookLogin.java:21)
at com.morningstar.testFacebook.FacebookLogin.closeApp(FacebookLogin.java:21)
at com.morningstar.testFacebook.FacebookLogin.closeApp(FacebookLogin.java:21)
at com.morningstar.testFacebook.FacebookLogin.closeApp(FacebookLogin.java:21)
at com.morningstar.testFacebook.FacebookLogin.closeApp(FacebookLogin.java:21)
at com.morningstar.testFacebook.FacebookLogin.closeApp(FacebookLogin.java:21)
at com.morningstar.testFacebook.FacebookLogin.closeApp(FacebookLogin.java:21)
at com.morningstar.testFacebook.FacebookLogin.closeApp(FacebookLogin.java:21)
at com.morningstar.testFacebook.FacebookLogin.closeApp(FacebookLogin.java:21)
at com.morningstar.testFacebook.FacebookLogin.closeApp(FacebookLogin.java:21)
at com.morningstar.testFacebook.FacebookLogin.closeApp(FacebookLogin.java:21)
at com.morningstar.testFacebook.FacebookLogin.closeApp(FacebookLogin.java:21)
at com.morningstar.testFacebook.FacebookLogin.closeApp(FacebookLogin.java:21)
at com.morningstar.testFacebook.FacebookLogin.closeApp(FacebookLogin.java:21)
at com.morningstar.testFacebook.FacebookLogin.closeApp(FacebookLogin.java:21)
at com.morningstar.testFacebook.FacebookLogin.closeApp(FacebookLogin.java:21)
at com.morningstar.testFacebook.FacebookLogin.closeApp(FacebookLogin.java:21)
at com.morningstar.testFacebook.FacebookLogin.closeApp(FacebookLogin.java:21)
at com.morningstar.testFacebook.FacebookLogin.closeApp(FacebookLogin.java:21)
at com.morningstar.testFacebook.FacebookLogin.closeApp(FacebookLogin.java:21)
at com.morningstar.testFacebook.FacebookLogin.closeApp(FacebookLogin.java:21)
at com.morningstar.testFacebook.FacebookLogin.closeApp(FacebookLogin.java:21)
at com.morningstar.testFacebook.FacebookLogin.closeApp(FacebookLogin.java:21)
at com.morningstar.testFacebook.FacebookLogin.closeApp(FacebookLogin.java:21)
at com.morningstar.testFacebook.FacebookLogin.closeApp(FacebookLogin.java:21)
at com.morningstar.testFacebook.FacebookLogin.closeApp(FacebookLogin.java:21)
at com.morningstar.testFacebook.FacebookLogin.closeApp(FacebookLogin.java:21)
at com.morningstar.testFacebook.FacebookLogin.closeApp(FacebookLogin.java:21)
at com.morningstar.testFacebook.FacebookLogin.closeApp(FacebookLogin.java:21)
at com.morningstar.testFacebook.FacebookLogin.closeApp(FacebookLogin.java:21)
at com.morningstar.testFacebook.FacebookLogin.closeApp(FacebookLogin.java:21)
at com.morningstar.testFacebook.FacebookLogin.closeApp(FacebookLogin.java:21)
at com.morningstar.testFacebook.FacebookLogin.closeApp(FacebookLogin.java:21)
at com.morningstar.testFacebook.FacebookLogin.closeApp(FacebookLogin.java:21)
at com.morningstar.testFacebook.FacebookLogin.closeApp(FacebookLogin.java:21)
at com.morningstar.testFacebook.FacebookLogin.closeApp(FacebookLogin.java:21)
at com.morningstar.testFacebook.FacebookLogin.closeApp(FacebookLogin.java:21)
at com.morningstar.testFacebook.FacebookLogin.closeApp(FacebookLogin.java:21)
at com.morningstar.testFacebook.FacebookLogin.closeApp(FacebookLogin.java:21)
at com.morningstar.testFacebook.FacebookLogin.closeApp(FacebookLogin.java:21)
at com.morningstar.testFacebook.FacebookLogin.closeApp(FacebookLogin.java:21)
at com.morningstar.testFacebook.FacebookLogin.closeApp(FacebookLogin.java:21)
at com.morningstar.testFacebook.FacebookLogin.closeApp(FacebookLogin.java:21)
at com.morningstar.testFacebook.FacebookLogin.closeApp(FacebookLogin.java:21)
at com.morningstar.testFacebook.FacebookLogin.closeApp(FacebookLogin.java:21)
at com.morningstar.testFacebook.FacebookLogin.closeApp(FacebookLogin.java:21)
at com.morningstar.testFacebook.FacebookLogin.closeApp(FacebookLogin.java:21)
at com.morningstar.testFacebook.FacebookLogin.closeApp(FacebookLogin.java:21)
at com.morningstar.testFacebook.FacebookLogin.closeApp(FacebookLogin.java:21)
at com.morningstar.testFacebook.FacebookLogin.closeApp(FacebookLogin.java:21)
at com.morningstar.testFacebook.FacebookLogin.closeApp(FacebookLogin.java:21)
at com.morningstar.testFacebook.FacebookLogin.closeApp(FacebookLogin.java:21)
at com.morningstar.testFacebook.FacebookLogin.closeApp(FacebookLogin.java:21)
at com.morningstar.testFacebook.FacebookLogin.closeApp(FacebookLogin.java:21)
at com.morningstar.testFacebook.FacebookLogin.closeApp(FacebookLogin.java:21)
at com.morningstar.testFacebook.FacebookLogin.closeApp(FacebookLogin.java:21)
at com.morningstar.testFacebook.FacebookLogin.closeApp(FacebookLogin.java:21)
at com.morningstar.testFacebook.FacebookLogin.closeApp(FacebookLogin.java:21)
at com.morningstar.testFacebook.FacebookLogin.closeApp(FacebookLogin.java:21)
at com.morningstar.testFacebook.FacebookLogin.closeApp(FacebookLogin.java:21)
at com.morningstar.testFacebook.FacebookLogin.closeApp(FacebookLogin.java:21)
at com.morningstar.testFacebook.FacebookLogin.closeApp(FacebookLogin.java:21)
at com.morningstar.testFacebook.FacebookLogin.closeApp(FacebookLogin.java:21)
at com.morningstar.testFacebook.FacebookLogin.closeApp(FacebookLogin.java:21)
at com.morningstar.testFacebook.FacebookLogin.closeApp(FacebookLogin.java:21)
at com.morningstar.testFacebook.FacebookLogin.closeApp(FacebookLogin.java:21)
at com.morningstar.testFacebook.FacebookLogin.closeApp(FacebookLogin.java:21)
at com.morningstar.testFacebook.FacebookLogin.closeApp(FacebookLogin.java:21)
at com.morningstar.testFacebook.FacebookLogin.closeApp(FacebookLogin.java:21)
at com.morningstar.testFacebook.FacebookLogin.closeApp(FacebookLogin.java:21)
at com.morningstar.testFacebook.FacebookLogin.closeApp(FacebookLogin.java:21)
at com.morningstar.testFacebook.FacebookLogin.closeApp(FacebookLogin.java:21)
at com.morningstar.testFacebook.FacebookLogin.closeApp(FacebookLogin.java:21)
at com.morningstar.testFacebook.FacebookLogin.closeApp(FacebookLogin.java:21)
at com.morningstar.testFacebook.FacebookLogin.closeApp(FacebookLogin.java:21)
at com.morningstar.testFacebook.FacebookLogin.closeApp(FacebookLogin.java:21)
at com.morningstar.testFacebook.FacebookLogin.closeApp(FacebookLogin.java:21)
at com.morningstar.testFacebook.FacebookLogin.closeApp(FacebookLogin.java:21)
at com.morningstar.testFacebook.FacebookLogin.closeApp(FacebookLogin.java:21)
at com.morningstar.testFacebook.FacebookLogin.closeApp(FacebookLogin.java:21)
at com.morningstar.testFacebook.FacebookLogin.closeApp(FacebookLogin.java:21)
at com.morningstar.testFacebook.FacebookLogin.closeApp(FacebookLogin.java:21)
at com.morningstar.testFacebook.FacebookLogin.closeApp(FacebookLogin.java:21)
at com.morningstar.testFacebook.FacebookLogin.closeApp(FacebookLogin.java:21)
at com.morningstar.testFacebook.FacebookLogin.closeApp(FacebookLogin.java:21)
at com.morningstar.testFacebook.FacebookLogin.closeApp(FacebookLogin.java:21)
at com.morningstar.testFacebook.FacebookLogin.closeApp(FacebookLogin.java:21)
at com.morningstar.testFacebook.FacebookLogin.closeApp(FacebookLogin.java:21)
at com.morningstar.testFacebook.FacebookLogin.closeApp(FacebookLogin.java:21)
at com.morningstar.testFacebook.FacebookLogin.closeApp(FacebookLogin.java:21)
at com.morningstar.testFacebook.FacebookLogin.closeApp(FacebookLogin.java:21)
at com.morningstar.testFacebook.FacebookLogin.closeApp(FacebookLogin.java:21)
at com.morningstar.testFacebook.FacebookLogin.closeApp(FacebookLogin.java:21)
at com.morningstar.testFacebook.FacebookLogin.closeApp(FacebookLogin.java:21)
at com.morningstar.testFacebook.FacebookLogin.closeApp(FacebookLogin.java:21)
at com.morningstar.testFacebook.FacebookLogin.closeApp(FacebookLogin.java:21)
at com.morningstar.testFacebook.FacebookLogin.closeApp(FacebookLogin.java:21)
at com.morningstar.testFacebook.FacebookLogin.closeApp(FacebookLogin.java:21)
at com.morningstar.testFacebook.FacebookLogin.closeApp(FacebookLogin.java:21)
at com.morningstar.testFacebook.FacebookLogin.closeApp(FacebookLogin.java:21)
at com.morningstar.testFacebook.FacebookLogin.closeApp(FacebookLogin.java:21)
at com.morningstar.testFacebook.FacebookLogin.closeApp(FacebookLogin.java:21)
at com.morningstar.testFacebook.FacebookLogin.closeApp(FacebookLogin.java:21)
at com.morningstar.testFacebook.FacebookLogin.closeApp(FacebookLogin.java:21)
at com.morningstar.testFacebook.FacebookLogin.closeApp(FacebookLogin.java:21)
at com.morningstar.testFacebook.FacebookLogin.closeApp(FacebookLogin.java:21)
at com.morningstar.testFacebook.FacebookLogin.closeApp(FacebookLogin.java:21)
at com.morningstar.testFacebook.FacebookLogin.closeApp(FacebookLogin.java:21)
at com.morningstar.testFacebook.FacebookLogin.closeApp(FacebookLogin.java:21)
at com.morningstar.testFacebook.FacebookLogin.closeApp(FacebookLogin.java:21)
at com.morningstar.testFacebook.FacebookLogin.closeApp(FacebookLogin.java:21)
at com.morningstar.testFacebook.FacebookLogin.closeApp(FacebookLogin.java:21)
at com.morningstar.testFacebook.FacebookLogin.closeApp(FacebookLogin.java:21)
at com.morningstar.testFacebook.FacebookLogin.closeApp(FacebookLogin.java:21)
at com.morningstar.testFacebook.FacebookLogin.closeApp(FacebookLogin.java:21)
at com.morningstar.testFacebook.FacebookLogin.closeApp(FacebookLogin.java:21)
at com.morningstar.testFacebook.FacebookLogin.closeApp(FacebookLogin.java:21)
at com.morningstar.testFacebook.FacebookLogin.closeApp(FacebookLogin.java:21)
at com.morningstar.testFacebook.FacebookLogin.closeApp(FacebookLogin.java:21)
at com.morningstar.testFacebook.FacebookLogin.closeApp(FacebookLogin.java:21)
at com.morningstar.testFacebook.FacebookLogin.closeApp(FacebookLogin.java:21)
at com.morningstar.testFacebook.FacebookLogin.closeApp(FacebookLogin.java:21)
at com.morningstar.testFacebook.FacebookLogin.closeApp(FacebookLogin.java:21)
at com.morningstar.testFacebook.FacebookLogin.closeApp(FacebookLogin.java:21)
at com.morningstar.testFacebook.FacebookLogin.closeApp(FacebookLogin.java:21)
at com.morningstar.testFacebook.FacebookLogin.closeApp(FacebookLogin.java:21)
at com.morningstar.testFacebook.FacebookLogin.closeApp(FacebookLogin.java:21)
at com.morningstar.testFacebook.FacebookLogin.closeApp(FacebookLogin.java:21)
at com.morningstar.testFacebook.FacebookLogin.closeApp(FacebookLogin.java:21)
at com.morningstar.testFacebook.FacebookLogin.closeApp(FacebookLogin.java:21)
at com.morningstar.testFacebook.FacebookLogin.closeApp(FacebookLogin.java:21)
at com.morningstar.testFacebook.FacebookLogin.closeApp(FacebookLogin.java:21)
at com.morningstar.testFacebook.FacebookLogin.closeApp(FacebookLogin.java:21)
at com.morningstar.testFacebook.FacebookLogin.closeApp(FacebookLogin.java:21)
at com.morningstar.testFacebook.FacebookLogin.closeApp(FacebookLogin.java:21)
at com.morningstar.testFacebook.FacebookLogin.closeApp(FacebookLogin.java:21)
at com.morningstar.testFacebook.FacebookLogin.closeApp(FacebookLogin.java:21)
at com.morningstar.testFacebook.FacebookLogin.closeApp(FacebookLogin.java:21)
at com.morningstar.testFacebook.FacebookLogin.closeApp(FacebookLogin.java:21)
at com.morningstar.testFacebook.FacebookLogin.closeApp(FacebookLogin.java:21)
at com.morningstar.testFacebook.FacebookLogin.closeApp(FacebookLogin.java:21)
at com.morningstar.testFacebook.FacebookLogin.closeApp(FacebookLogin.java:21)
at com.morningstar.testFacebook.FacebookLogin.closeApp(FacebookLogin.java:21)
at com.morningstar.testFacebook.FacebookLogin.closeApp(FacebookLogin.java:21)
at com.morningstar.testFacebook.FacebookLogin.closeApp(FacebookLogin.java:21)
at com.morningstar.testFacebook.FacebookLogin.closeApp(FacebookLogin.java:21)
at com.morningstar.testFacebook.FacebookLogin.closeApp(FacebookLogin.java:21)
at com.morningstar.testFacebook.FacebookLogin.closeApp(FacebookLogin.java:21)
at com.morningstar.testFacebook.FacebookLogin.closeApp(FacebookLogin.java:21)
at com.morningstar.testFacebook.FacebookLogin.closeApp(FacebookLogin.java:21)
at com.morningstar.testFacebook.FacebookLogin.closeApp(FacebookLogin.java:21)
at com.morningstar.testFacebook.FacebookLogin.closeApp(FacebookLogin.java:21)
at com.morningstar.testFacebook.FacebookLogin.closeApp(FacebookLogin.java:21)
at com.morningstar.testFacebook.FacebookLogin.closeApp(FacebookLogin.java:21)
at com.morningstar.testFacebook.FacebookLogin.closeApp(FacebookLogin.java:21)
at com.morningstar.testFacebook.FacebookLogin.closeApp(FacebookLogin.java:21)
at com.morningstar.testFacebook.FacebookLogin.closeApp(FacebookLogin.java:21)
at com.morningstar.testFacebook.FacebookLogin.closeApp(FacebookLogin.java:21)
at com.morningstar.testFacebook.FacebookLogin.closeApp(FacebookLogin.java:21)
at com.morningstar.testFacebook.FacebookLogin.closeApp(FacebookLogin.java:21)
at com.morningstar.testFacebook.FacebookLogin.closeApp(FacebookLogin.java:21)
at com.morningstar.testFacebook.FacebookLogin.closeApp(FacebookLogin.java:21)
at com.morningstar.testFacebook.FacebookLogin.closeApp(FacebookLogin.java:21)
at com.morningstar.testFacebook.FacebookLogin.closeApp(FacebookLogin.java:21)
at com.morningstar.testFacebook.FacebookLogin.closeApp(FacebookLogin.java:21)
at com.morningstar.testFacebook.FacebookLogin.closeApp(FacebookLogin.java:21)
at com.morningstar.testFacebook.FacebookLogin.closeApp(FacebookLogin.java:21)
at com.morningstar.testFacebook.FacebookLogin.closeApp(FacebookLogin.java:21)
at com.morningstar.testFacebook.FacebookLogin.closeApp(FacebookLogin.java:21)
at com.morningstar.testFacebook.FacebookLogin.closeApp(FacebookLogin.java:21)
at com.morningstar.testFacebook.FacebookLogin.closeApp(FacebookLogin.java:21)
at com.morningstar.testFacebook.FacebookLogin.closeApp(FacebookLogin.java:21)
at com.morningstar.testFacebook.FacebookLogin.closeApp(FacebookLogin.java:21)
at com.morningstar.testFacebook.FacebookLogin.closeApp(FacebookLogin.java:21)
at com.morningstar.testFacebook.FacebookLogin.closeApp(FacebookLogin.java:21)
at com.morningstar.testFacebook.FacebookLogin.closeApp(FacebookLogin.java:21)
at com.morningstar.testFacebook.FacebookLogin.closeApp(FacebookLogin.java:21)
at com.morningstar.testFacebook.FacebookLogin.closeApp(FacebookLogin.java:21)
at com.morningstar.testFacebook.FacebookLogin.closeApp(FacebookLogin.java:21)
at com.morningstar.testFacebook.FacebookLogin.closeApp(FacebookLogin.java:21)
at com.morningstar.testFacebook.FacebookLogin.closeApp(FacebookLogin.java:21)
at com.morningstar.testFacebook.FacebookLogin.closeApp(FacebookLogin.java:21)
at com.morningstar.testFacebook.FacebookLogin.closeApp(FacebookLogin.java:21)
at com.morningstar.testFacebook.FacebookLogin.closeApp(FacebookLogin.java:21)
at com.morningstar.testFacebook.FacebookLogin.closeApp(FacebookLogin.java:21)
at com.morningstar.testFacebook.FacebookLogin.closeApp(FacebookLogin.java:21)
at com.morningstar.testFacebook.FacebookLogin.closeApp(FacebookLogin.java:21)
at com.morningstar.testFacebook.FacebookLogin.closeApp(FacebookLogin.java:21)
at com.morningstar.testFacebook.FacebookLogin.closeApp(FacebookLogin.java:21)
at com.morningstar.testFacebook.FacebookLogin.closeApp(FacebookLogin.java:21)
at com.morningstar.testFacebook.FacebookLogin.closeApp(FacebookLogin.java:21)
at com.morningstar.testFacebook.FacebookLogin.closeApp(FacebookLogin.java:21)
at com.morningstar.testFacebook.FacebookLogin.closeApp(FacebookLogin.java:21)
at com.morningstar.testFacebook.FacebookLogin.closeApp(FacebookLogin.java:21)
at com.morningstar.testFacebook.FacebookLogin.closeApp(FacebookLogin.java:21)
at com.morningstar.testFacebook.FacebookLogin.closeApp(FacebookLogin.java:21)
at com.morningstar.testFacebook.FacebookLogin.closeApp(FacebookLogin.java:21)
at com.morningstar.testFacebook.FacebookLogin.closeApp(FacebookLogin.java:21)
at com.morningstar.testFacebook.FacebookLogin.closeApp(FacebookLogin.java:21)
at com.morningstar.testFacebook.FacebookLogin.closeApp(FacebookLogin.java:21)
at com.morningstar.testFacebook.FacebookLogin.closeApp(FacebookLogin.java:21)
at com.morningstar.testFacebook.FacebookLogin.closeApp(FacebookLogin.java:21)
at com.morningstar.testFacebook.FacebookLogin.closeApp(FacebookLogin.java:21)
at com.morningstar.testFacebook.FacebookLogin.closeApp(FacebookLogin.java:21)
at com.morningstar.testFacebook.FacebookLogin.closeApp(FacebookLogin.java:21)
at com.morningstar.testFacebook.FacebookLogin.closeApp(FacebookLogin.java:21)
at com.morningstar.testFacebook.FacebookLogin.closeApp(FacebookLogin.java:21)
at com.morningstar.testFacebook.FacebookLogin.closeApp(FacebookLogin.java:21)
at com.morningstar.testFacebook.FacebookLogin.closeApp(FacebookLogin.java:21)
at com.morningstar.testFacebook.FacebookLogin.closeApp(FacebookLogin.java:21)
at com.morningstar.testFacebook.FacebookLogin.closeApp(FacebookLogin.java:21)
at com.morningstar.testFacebook.FacebookLogin.closeApp(FacebookLogin.java:21)
at com.morningstar.testFacebook.FacebookLogin.closeApp(FacebookLogin.java:21)
at com.morningstar.testFacebook.FacebookLogin.closeApp(FacebookLogin.java:21)
at com.morningstar.testFacebook.FacebookLogin.closeApp(FacebookLogin.java:21)
at com.morningstar.testFacebook.FacebookLogin.closeApp(FacebookLogin.java:21)
at com.morningstar.testFacebook.FacebookLogin.closeApp(FacebookLogin.java:21)
at com.morningstar.testFacebook.FacebookLogin.closeApp(FacebookLogin.java:21)
at com.morningstar.testFacebook.FacebookLogin.closeApp(FacebookLogin.java:21)
at com.morningstar.testFacebook.FacebookLogin.closeApp(FacebookLogin.java:21)
at com.morningstar.testFacebook.FacebookLogin.closeApp(FacebookLogin.java:21)
at com.morningstar.testFacebook.FacebookLogin.closeApp(FacebookLogin.java:21)
at com.morningstar.testFacebook.FacebookLogin.closeApp(FacebookLogin.java:21)
at com.morningstar.testFacebook.FacebookLogin.closeApp(FacebookLogin.java:21)
at com.morningstar.testFacebook.FacebookLogin.closeApp(FacebookLogin.java:21)
at com.morningstar.testFacebook.FacebookLogin.closeApp(FacebookLogin.java:21)
at com.morningstar.testFacebook.FacebookLogin.closeApp(FacebookLogin.java:21)
at com.morningstar.testFacebook.FacebookLogin.closeApp(FacebookLogin.java:21)
at com.morningstar.testFacebook.FacebookLogin.closeApp(FacebookLogin.java:21)
at com.morningstar.testFacebook.FacebookLogin.closeApp(FacebookLogin.java:21)
at com.morningstar.testFacebook.FacebookLogin.closeApp(FacebookLogin.java:21)
at com.morningstar.testFacebook.FacebookLogin.closeApp(FacebookLogin.java:21)
at com.morningstar.testFacebook.FacebookLogin.closeApp(FacebookLogin.java:21)
at com.morningstar.testFacebook.FacebookLogin.closeApp(FacebookLogin.java:21)
at com.morningstar.testFacebook.FacebookLogin.closeApp(FacebookLogin.java:21)
at com.morningstar.testFacebook.FacebookLogin.closeApp(FacebookLogin.java:21)
at com.morningstar.testFacebook.FacebookLogin.closeApp(FacebookLogin.java:21)
at com.morningstar.testFacebook.FacebookLogin.closeApp(FacebookLogin.java:21)
at com.morningstar.testFacebook.FacebookLogin.closeApp(FacebookLogin.java:21)
at com.morningstar.testFacebook.FacebookLogin.closeApp(FacebookLogin.java:21)
at com.morningstar.testFacebook.FacebookLogin.closeApp(FacebookLogin.java:21)
at com.morningstar.testFacebook.FacebookLogin.closeApp(FacebookLogin.java:21)
at com.morningstar.testFacebook.FacebookLogin.closeApp(FacebookLogin.java:21)
at com.morningstar.testFacebook.FacebookLogin.closeApp(FacebookLogin.java:21)
at com.morningstar.testFacebook.FacebookLogin.closeApp(FacebookLogin.java:21)
at com.morningstar.testFacebook.FacebookLogin.closeApp(FacebookLogin.java:21)
at com.morningstar.testFacebook.FacebookLogin.closeApp(FacebookLogin.java:21)
at com.morningstar.testFacebook.FacebookLogin.closeApp(FacebookLogin.java:21)
at com.morningstar.testFacebook.FacebookLogin.closeApp(FacebookLogin.java:21)
at com.morningstar.testFacebook.FacebookLogin.closeApp(FacebookLogin.java:21)
at com.morningstar.testFacebook.FacebookLogin.closeApp(FacebookLogin.java:21)
at com.morningstar.testFacebook.FacebookLogin.closeApp(FacebookLogin.java:21)
at com.morningstar.testFacebook.FacebookLogin.closeApp(FacebookLogin.java:21)
at com.morningstar.testFacebook.FacebookLogin.closeApp(FacebookLogin.java:21)
at com.morningstar.testFacebook.FacebookLogin.closeApp(FacebookLogin.java:21)
at com.morningstar.testFacebook.FacebookLogin.closeApp(FacebookLogin.java:21)
at com.morningstar.testFacebook.FacebookLogin.closeApp(FacebookLogin.java:21)
at com.morningstar.testFacebook.FacebookLogin.closeApp(FacebookLogin.java:21)
at com.morningstar.testFacebook.FacebookLogin.closeApp(FacebookLogin.java:21)
at com.morningstar.testFacebook.FacebookLogin.closeApp(FacebookLogin.java:21)
at com.morningstar.testFacebook.FacebookLogin.closeApp(FacebookLogin.java:21)
at com.morningstar.testFacebook.FacebookLogin.closeApp(FacebookLogin.java:21)
at com.morningstar.testFacebook.FacebookLogin.closeApp(FacebookLogin.java:21)
at com.morningstar.testFacebook.FacebookLogin.closeApp(FacebookLogin.java:21)
at com.morningstar.testFacebook.FacebookLogin.closeApp(FacebookLogin.java:21)
at com.morningstar.testFacebook.FacebookLogin.closeApp(FacebookLogin.java:21)
at com.morningstar.testFacebook.FacebookLogin.closeApp(FacebookLogin.java:21)
at com.morningstar.testFacebook.FacebookLogin.closeApp(FacebookLogin.java:21)
at com.morningstar.testFacebook.FacebookLogin.closeApp(FacebookLogin.java:21)
at com.morningstar.testFacebook.FacebookLogin.closeApp(FacebookLogin.java:21)
at com.morningstar.testFacebook.FacebookLogin.closeApp(FacebookLogin.java:21)
at com.morningstar.testFacebook.FacebookLogin.closeApp(FacebookLogin.java:21)
at com.morningstar.testFacebook.FacebookLogin.closeApp(FacebookLogin.java:21)
at com.morningstar.testFacebook.FacebookLogin.closeApp(FacebookLogin.java:21)
at com.morningstar.testFacebook.FacebookLogin.closeApp(FacebookLogin.java:21)
at com.morningstar.testFacebook.FacebookLogin.closeApp(FacebookLogin.java:21)
at com.morningstar.testFacebook.FacebookLogin.closeApp(FacebookLogin.java:21)
at com.morningstar.testFacebook.FacebookLogin.closeApp(FacebookLogin.java:21)
at com.morningstar.testFacebook.FacebookLogin.closeApp(FacebookLogin.java:21)
at com.morningstar.testFacebook.FacebookLogin.closeApp(FacebookLogin.java:21)
at com.morningstar.testFacebook.FacebookLogin.closeApp(FacebookLogin.java:21)
at com.morningstar.testFacebook.FacebookLogin.closeApp(FacebookLogin.java:21)
at com.morningstar.testFacebook.FacebookLogin.closeApp(FacebookLogin.java:21)
at com.morningstar.testFacebook.FacebookLogin.closeApp(FacebookLogin.java:21)
at com.morningstar.testFacebook.FacebookLogin.closeApp(FacebookLogin.java:21)
at com.morningstar.testFacebook.FacebookLogin.closeApp(FacebookLogin.java:21)
at com.morningstar.testFacebook.FacebookLogin.closeApp(FacebookLogin.java:21)
at com.morningstar.testFacebook.FacebookLogin.closeApp(FacebookLogin.java:21)
at com.morningstar.testFacebook.FacebookLogin.closeApp(FacebookLogin.java:21)
at com.morningstar.testFacebook.FacebookLogin.closeApp(FacebookLogin.java:21)
at com.morningstar.testFacebook.FacebookLogin.closeApp(FacebookLogin.java:21)
at com.morningstar.testFacebook.FacebookLogin.closeApp(FacebookLogin.java:21)
at com.morningstar.testFacebook.FacebookLogin.closeApp(FacebookLogin.java:21)
at com.morningstar.testFacebook.FacebookLogin.closeApp(FacebookLogin.java:21)
at com.morningstar.testFacebook.FacebookLogin.closeApp(FacebookLogin.java:21)
at com.morningstar.testFacebook.FacebookLogin.closeApp(FacebookLogin.java:21)
at com.morningstar.testFacebook.FacebookLogin.closeApp(FacebookLogin.java:21)
at com.morningstar.testFacebook.FacebookLogin.closeApp(FacebookLogin.java:21)
at com.morningstar.testFacebook.FacebookLogin.closeApp(FacebookLogin.java:21)
at com.morningstar.testFacebook.FacebookLogin.closeApp(FacebookLogin.java:21)
at com.morningstar.testFacebook.FacebookLogin.closeApp(FacebookLogin.java:21)
at com.morningstar.testFacebook.FacebookLogin.closeApp(FacebookLogin.java:21)
at com.morningstar.testFacebook.FacebookLogin.closeApp(FacebookLogin.java:21)
at com.morningstar.testFacebook.FacebookLogin.closeApp(FacebookLogin.java:21)
at com.morningstar.testFacebook.FacebookLogin.closeApp(FacebookLogin.java:21)
at com.morningstar.testFacebook.FacebookLogin.closeApp(FacebookLogin.java:21)
]]>
    </error>
  </testcase> <!-- closeApp -->
  <system-out/>
  <testcase classname="com.morningstar.testFacebook.FacebookLogin" name="login" time="0.323"/>
  <system-out/>
</testsuite> <!-- com.morningstar.testFacebook.FacebookLogin -->
