<?xml version="1.0" encoding="UTF-8"?>
<!-- Generated by org.testng.reporters.JUnitReportReporter -->
<testsuite hostname="LAPTOP-CO6233UV" failures="0" tests="3" name="com.morningstar.testNG.ParallelExecution1" time="0.011" errors="0" timestamp="2022-06-17T12:37:36 IST" skipped="0">
  <testcase classname="com.morningstar.testNG.ParallelExecution1" name="testCase5" time="0.002"/>
  <system-out/>
  <testcase classname="com.morningstar.testNG.ParallelExecution1" name="testCase4" time="0.007"/>
  <system-out/>
  <testcase classname="com.morningstar.testNG.ParallelExecution1" name="testCase6" time="0.002"/>
  <system-out/>
</testsuite> <!-- com.morningstar.testNG.ParallelExecution1 -->
