<?xml version="1.0" encoding="UTF-8"?>
<!-- Generated by org.testng.reporters.JUnitReportReporter -->
<testsuite hostname="LAPTOP-CO6233UV" failures="0" tests="3" name="com.morningstar.testNG.DataTest_DataProvider" time="39.081" errors="0" timestamp="2022-06-20T15:37:58 IST" skipped="0">
  <testcase classname="com.morningstar.testNG.DataTest_DataProvider" name="login" time="13.289"/>
  <system-out/>
  <testcase classname="com.morningstar.testNG.DataTest_DataProvider" name="login" time="14.406"/>
  <system-out/>
  <testcase classname="com.morningstar.testNG.DataTest_DataProvider" name="login" time="11.386"/>
  <system-out/>
</testsuite> <!-- com.morningstar.testNG.DataTest_DataProvider -->
