<?xml version="1.0" encoding="UTF-8"?>
<!-- Generated by org.testng.reporters.JUnitReportReporter -->
<testsuite hostname="LAPTOP-CO6233UV" failures="0" tests="2" name="com.morningstar.testFacebook.MainFacebook" time="3.382" errors="1" timestamp="2022-06-17T14:58:08 IST" skipped="0">
  <testcase classname="com.morningstar.testFacebook.MainFacebook" name="login" time="3.372"/>
  <system-out/>
  <testcase classname="com.morningstar.testFacebook.MainFacebook" name="closeApp" time="0.010">
    <error type="java.lang.StackOverflowError">
      <![CDATA[java.lang.StackOverflowError
at com.morningstar.testFacebook.MainFacebook.closeApp(MainFacebook.java:21)
at com.morningstar.testFacebook.MainFacebook.closeApp(MainFacebook.java:21)
at com.morningstar.testFacebook.MainFacebook.closeApp(MainFacebook.java:21)
at com.morningstar.testFacebook.MainFacebook.closeApp(MainFacebook.java:21)
at com.morningstar.testFacebook.MainFacebook.closeApp(MainFacebook.java:21)
at com.morningstar.testFacebook.MainFacebook.closeApp(MainFacebook.java:21)
at com.morningstar.testFacebook.MainFacebook.closeApp(MainFacebook.java:21)
at com.morningstar.testFacebook.MainFacebook.closeApp(MainFacebook.java:21)
at com.morningstar.testFacebook.MainFacebook.closeApp(MainFacebook.java:21)
at com.morningstar.testFacebook.MainFacebook.closeApp(MainFacebook.java:21)
at com.morningstar.testFacebook.MainFacebook.closeApp(MainFacebook.java:21)
at com.morningstar.testFacebook.MainFacebook.closeApp(MainFacebook.java:21)
at com.morningstar.testFacebook.MainFacebook.closeApp(MainFacebook.java:21)
at com.morningstar.testFacebook.MainFacebook.closeApp(MainFacebook.java:21)
at com.morningstar.testFacebook.MainFacebook.closeApp(MainFacebook.java:21)
at com.morningstar.testFacebook.MainFacebook.closeApp(MainFacebook.java:21)
at com.morningstar.testFacebook.MainFacebook.closeApp(MainFacebook.java:21)
at com.morningstar.testFacebook.MainFacebook.closeApp(MainFacebook.java:21)
at com.morningstar.testFacebook.MainFacebook.closeApp(MainFacebook.java:21)
at com.morningstar.testFacebook.MainFacebook.closeApp(MainFacebook.java:21)
at com.morningstar.testFacebook.MainFacebook.closeApp(MainFacebook.java:21)
at com.morningstar.testFacebook.MainFacebook.closeApp(MainFacebook.java:21)
at com.morningstar.testFacebook.MainFacebook.closeApp(MainFacebook.java:21)
at com.morningstar.testFacebook.MainFacebook.closeApp(MainFacebook.java:21)
at com.morningstar.testFacebook.MainFacebook.closeApp(MainFacebook.java:21)
at com.morningstar.testFacebook.MainFacebook.closeApp(MainFacebook.java:21)
at com.morningstar.testFacebook.MainFacebook.closeApp(MainFacebook.java:21)
at com.morningstar.testFacebook.MainFacebook.closeApp(MainFacebook.java:21)
at com.morningstar.testFacebook.MainFacebook.closeApp(MainFacebook.java:21)
at com.morningstar.testFacebook.MainFacebook.closeApp(MainFacebook.java:21)
at com.morningstar.testFacebook.MainFacebook.closeApp(MainFacebook.java:21)
at com.morningstar.testFacebook.MainFacebook.closeApp(MainFacebook.java:21)
at com.morningstar.testFacebook.MainFacebook.closeApp(MainFacebook.java:21)
at com.morningstar.testFacebook.MainFacebook.closeApp(MainFacebook.java:21)
at com.morningstar.testFacebook.MainFacebook.closeApp(MainFacebook.java:21)
at com.morningstar.testFacebook.MainFacebook.closeApp(MainFacebook.java:21)
at com.morningstar.testFacebook.MainFacebook.closeApp(MainFacebook.java:21)
at com.morningstar.testFacebook.MainFacebook.closeApp(MainFacebook.java:21)
at com.morningstar.testFacebook.MainFacebook.closeApp(MainFacebook.java:21)
at com.morningstar.testFacebook.MainFacebook.closeApp(MainFacebook.java:21)
at com.morningstar.testFacebook.MainFacebook.closeApp(MainFacebook.java:21)
at com.morningstar.testFacebook.MainFacebook.closeApp(MainFacebook.java:21)
at com.morningstar.testFacebook.MainFacebook.closeApp(MainFacebook.java:21)
at com.morningstar.testFacebook.MainFacebook.closeApp(MainFacebook.java:21)
at com.morningstar.testFacebook.MainFacebook.closeApp(MainFacebook.java:21)
at com.morningstar.testFacebook.MainFacebook.closeApp(MainFacebook.java:21)
at com.morningstar.testFacebook.MainFacebook.closeApp(MainFacebook.java:21)
at com.morningstar.testFacebook.MainFacebook.closeApp(MainFacebook.java:21)
at com.morningstar.testFacebook.MainFacebook.closeApp(MainFacebook.java:21)
at com.morningstar.testFacebook.MainFacebook.closeApp(MainFacebook.java:21)
at com.morningstar.testFacebook.MainFacebook.closeApp(MainFacebook.java:21)
at com.morningstar.testFacebook.MainFacebook.closeApp(MainFacebook.java:21)
at com.morningstar.testFacebook.MainFacebook.closeApp(MainFacebook.java:21)
at com.morningstar.testFacebook.MainFacebook.closeApp(MainFacebook.java:21)
at com.morningstar.testFacebook.MainFacebook.closeApp(MainFacebook.java:21)
at com.morningstar.testFacebook.MainFacebook.closeApp(MainFacebook.java:21)
at com.morningstar.testFacebook.MainFacebook.closeApp(MainFacebook.java:21)
at com.morningstar.testFacebook.MainFacebook.closeApp(MainFacebook.java:21)
at com.morningstar.testFacebook.MainFacebook.closeApp(MainFacebook.java:21)
at com.morningstar.testFacebook.MainFacebook.closeApp(MainFacebook.java:21)
at com.morningstar.testFacebook.MainFacebook.closeApp(MainFacebook.java:21)
at com.morningstar.testFacebook.MainFacebook.closeApp(MainFacebook.java:21)
at com.morningstar.testFacebook.MainFacebook.closeApp(MainFacebook.java:21)
at com.morningstar.testFacebook.MainFacebook.closeApp(MainFacebook.java:21)
at com.morningstar.testFacebook.MainFacebook.closeApp(MainFacebook.java:21)
at com.morningstar.testFacebook.MainFacebook.closeApp(MainFacebook.java:21)
at com.morningstar.testFacebook.MainFacebook.closeApp(MainFacebook.java:21)
at com.morningstar.testFacebook.MainFacebook.closeApp(MainFacebook.java:21)
at com.morningstar.testFacebook.MainFacebook.closeApp(MainFacebook.java:21)
at com.morningstar.testFacebook.MainFacebook.closeApp(MainFacebook.java:21)
at com.morningstar.testFacebook.MainFacebook.closeApp(MainFacebook.java:21)
at com.morningstar.testFacebook.MainFacebook.closeApp(MainFacebook.java:21)
at com.morningstar.testFacebook.MainFacebook.closeApp(MainFacebook.java:21)
at com.morningstar.testFacebook.MainFacebook.closeApp(MainFacebook.java:21)
at com.morningstar.testFacebook.MainFacebook.closeApp(MainFacebook.java:21)
at com.morningstar.testFacebook.MainFacebook.closeApp(MainFacebook.java:21)
at com.morningstar.testFacebook.MainFacebook.closeApp(MainFacebook.java:21)
at com.morningstar.testFacebook.MainFacebook.closeApp(MainFacebook.java:21)
at com.morningstar.testFacebook.MainFacebook.closeApp(MainFacebook.java:21)
at com.morningstar.testFacebook.MainFacebook.closeApp(MainFacebook.java:21)
at com.morningstar.testFacebook.MainFacebook.closeApp(MainFacebook.java:21)
at com.morningstar.testFacebook.MainFacebook.closeApp(MainFacebook.java:21)
at com.morningstar.testFacebook.MainFacebook.closeApp(MainFacebook.java:21)
at com.morningstar.testFacebook.MainFacebook.closeApp(MainFacebook.java:21)
at com.morningstar.testFacebook.MainFacebook.closeApp(MainFacebook.java:21)
at com.morningstar.testFacebook.MainFacebook.closeApp(MainFacebook.java:21)
at com.morningstar.testFacebook.MainFacebook.closeApp(MainFacebook.java:21)
at com.morningstar.testFacebook.MainFacebook.closeApp(MainFacebook.java:21)
at com.morningstar.testFacebook.MainFacebook.closeApp(MainFacebook.java:21)
at com.morningstar.testFacebook.MainFacebook.closeApp(MainFacebook.java:21)
at com.morningstar.testFacebook.MainFacebook.closeApp(MainFacebook.java:21)
at com.morningstar.testFacebook.MainFacebook.closeApp(MainFacebook.java:21)
at com.morningstar.testFacebook.MainFacebook.closeApp(MainFacebook.java:21)
at com.morningstar.testFacebook.MainFacebook.closeApp(MainFacebook.java:21)
at com.morningstar.testFacebook.MainFacebook.closeApp(MainFacebook.java:21)
at com.morningstar.testFacebook.MainFacebook.closeApp(MainFacebook.java:21)
at com.morningstar.testFacebook.MainFacebook.closeApp(MainFacebook.java:21)
at com.morningstar.testFacebook.MainFacebook.closeApp(MainFacebook.java:21)
at com.morningstar.testFacebook.MainFacebook.closeApp(MainFacebook.java:21)
at com.morningstar.testFacebook.MainFacebook.closeApp(MainFacebook.java:21)
at com.morningstar.testFacebook.MainFacebook.closeApp(MainFacebook.java:21)
at com.morningstar.testFacebook.MainFacebook.closeApp(MainFacebook.java:21)
at com.morningstar.testFacebook.MainFacebook.closeApp(MainFacebook.java:21)
at com.morningstar.testFacebook.MainFacebook.closeApp(MainFacebook.java:21)
at com.morningstar.testFacebook.MainFacebook.closeApp(MainFacebook.java:21)
at com.morningstar.testFacebook.MainFacebook.closeApp(MainFacebook.java:21)
at com.morningstar.testFacebook.MainFacebook.closeApp(MainFacebook.java:21)
at com.morningstar.testFacebook.MainFacebook.closeApp(MainFacebook.java:21)
at com.morningstar.testFacebook.MainFacebook.closeApp(MainFacebook.java:21)
at com.morningstar.testFacebook.MainFacebook.closeApp(MainFacebook.java:21)
at com.morningstar.testFacebook.MainFacebook.closeApp(MainFacebook.java:21)
at com.morningstar.testFacebook.MainFacebook.closeApp(MainFacebook.java:21)
at com.morningstar.testFacebook.MainFacebook.closeApp(MainFacebook.java:21)
at com.morningstar.testFacebook.MainFacebook.closeApp(MainFacebook.java:21)
at com.morningstar.testFacebook.MainFacebook.closeApp(MainFacebook.java:21)
at com.morningstar.testFacebook.MainFacebook.closeApp(MainFacebook.java:21)
at com.morningstar.testFacebook.MainFacebook.closeApp(MainFacebook.java:21)
at com.morningstar.testFacebook.MainFacebook.closeApp(MainFacebook.java:21)
at com.morningstar.testFacebook.MainFacebook.closeApp(MainFacebook.java:21)
at com.morningstar.testFacebook.MainFacebook.closeApp(MainFacebook.java:21)
at com.morningstar.testFacebook.MainFacebook.closeApp(MainFacebook.java:21)
at com.morningstar.testFacebook.MainFacebook.closeApp(MainFacebook.java:21)
at com.morningstar.testFacebook.MainFacebook.closeApp(MainFacebook.java:21)
at com.morningstar.testFacebook.MainFacebook.closeApp(MainFacebook.java:21)
at com.morningstar.testFacebook.MainFacebook.closeApp(MainFacebook.java:21)
at com.morningstar.testFacebook.MainFacebook.closeApp(MainFacebook.java:21)
at com.morningstar.testFacebook.MainFacebook.closeApp(MainFacebook.java:21)
at com.morningstar.testFacebook.MainFacebook.closeApp(MainFacebook.java:21)
at com.morningstar.testFacebook.MainFacebook.closeApp(MainFacebook.java:21)
at com.morningstar.testFacebook.MainFacebook.closeApp(MainFacebook.java:21)
at com.morningstar.testFacebook.MainFacebook.closeApp(MainFacebook.java:21)
at com.morningstar.testFacebook.MainFacebook.closeApp(MainFacebook.java:21)
at com.morningstar.testFacebook.MainFacebook.closeApp(MainFacebook.java:21)
at com.morningstar.testFacebook.MainFacebook.closeApp(MainFacebook.java:21)
at com.morningstar.testFacebook.MainFacebook.closeApp(MainFacebook.java:21)
at com.morningstar.testFacebook.MainFacebook.closeApp(MainFacebook.java:21)
at com.morningstar.testFacebook.MainFacebook.closeApp(MainFacebook.java:21)
at com.morningstar.testFacebook.MainFacebook.closeApp(MainFacebook.java:21)
at com.morningstar.testFacebook.MainFacebook.closeApp(MainFacebook.java:21)
at com.morningstar.testFacebook.MainFacebook.closeApp(MainFacebook.java:21)
at com.morningstar.testFacebook.MainFacebook.closeApp(MainFacebook.java:21)
at com.morningstar.testFacebook.MainFacebook.closeApp(MainFacebook.java:21)
at com.morningstar.testFacebook.MainFacebook.closeApp(MainFacebook.java:21)
at com.morningstar.testFacebook.MainFacebook.closeApp(MainFacebook.java:21)
at com.morningstar.testFacebook.MainFacebook.closeApp(MainFacebook.java:21)
at com.morningstar.testFacebook.MainFacebook.closeApp(MainFacebook.java:21)
at com.morningstar.testFacebook.MainFacebook.closeApp(MainFacebook.java:21)
at com.morningstar.testFacebook.MainFacebook.closeApp(MainFacebook.java:21)
at com.morningstar.testFacebook.MainFacebook.closeApp(MainFacebook.java:21)
at com.morningstar.testFacebook.MainFacebook.closeApp(MainFacebook.java:21)
at com.morningstar.testFacebook.MainFacebook.closeApp(MainFacebook.java:21)
at com.morningstar.testFacebook.MainFacebook.closeApp(MainFacebook.java:21)
at com.morningstar.testFacebook.MainFacebook.closeApp(MainFacebook.java:21)
at com.morningstar.testFacebook.MainFacebook.closeApp(MainFacebook.java:21)
at com.morningstar.testFacebook.MainFacebook.closeApp(MainFacebook.java:21)
at com.morningstar.testFacebook.MainFacebook.closeApp(MainFacebook.java:21)
at com.morningstar.testFacebook.MainFacebook.closeApp(MainFacebook.java:21)
at com.morningstar.testFacebook.MainFacebook.closeApp(MainFacebook.java:21)
at com.morningstar.testFacebook.MainFacebook.closeApp(MainFacebook.java:21)
at com.morningstar.testFacebook.MainFacebook.closeApp(MainFacebook.java:21)
at com.morningstar.testFacebook.MainFacebook.closeApp(MainFacebook.java:21)
at com.morningstar.testFacebook.MainFacebook.closeApp(MainFacebook.java:21)
at com.morningstar.testFacebook.MainFacebook.closeApp(MainFacebook.java:21)
at com.morningstar.testFacebook.MainFacebook.closeApp(MainFacebook.java:21)
at com.morningstar.testFacebook.MainFacebook.closeApp(MainFacebook.java:21)
at com.morningstar.testFacebook.MainFacebook.closeApp(MainFacebook.java:21)
at com.morningstar.testFacebook.MainFacebook.closeApp(MainFacebook.java:21)
at com.morningstar.testFacebook.MainFacebook.closeApp(MainFacebook.java:21)
at com.morningstar.testFacebook.MainFacebook.closeApp(MainFacebook.java:21)
at com.morningstar.testFacebook.MainFacebook.closeApp(MainFacebook.java:21)
at com.morningstar.testFacebook.MainFacebook.closeApp(MainFacebook.java:21)
at com.morningstar.testFacebook.MainFacebook.closeApp(MainFacebook.java:21)
at com.morningstar.testFacebook.MainFacebook.closeApp(MainFacebook.java:21)
at com.morningstar.testFacebook.MainFacebook.closeApp(MainFacebook.java:21)
at com.morningstar.testFacebook.MainFacebook.closeApp(MainFacebook.java:21)
at com.morningstar.testFacebook.MainFacebook.closeApp(MainFacebook.java:21)
at com.morningstar.testFacebook.MainFacebook.closeApp(MainFacebook.java:21)
at com.morningstar.testFacebook.MainFacebook.closeApp(MainFacebook.java:21)
at com.morningstar.testFacebook.MainFacebook.closeApp(MainFacebook.java:21)
at com.morningstar.testFacebook.MainFacebook.closeApp(MainFacebook.java:21)
at com.morningstar.testFacebook.MainFacebook.closeApp(MainFacebook.java:21)
at com.morningstar.testFacebook.MainFacebook.closeApp(MainFacebook.java:21)
at com.morningstar.testFacebook.MainFacebook.closeApp(MainFacebook.java:21)
at com.morningstar.testFacebook.MainFacebook.closeApp(MainFacebook.java:21)
at com.morningstar.testFacebook.MainFacebook.closeApp(MainFacebook.java:21)
at com.morningstar.testFacebook.MainFacebook.closeApp(MainFacebook.java:21)
at com.morningstar.testFacebook.MainFacebook.closeApp(MainFacebook.java:21)
at com.morningstar.testFacebook.MainFacebook.closeApp(MainFacebook.java:21)
at com.morningstar.testFacebook.MainFacebook.closeApp(MainFacebook.java:21)
at com.morningstar.testFacebook.MainFacebook.closeApp(MainFacebook.java:21)
at com.morningstar.testFacebook.MainFacebook.closeApp(MainFacebook.java:21)
at com.morningstar.testFacebook.MainFacebook.closeApp(MainFacebook.java:21)
at com.morningstar.testFacebook.MainFacebook.closeApp(MainFacebook.java:21)
at com.morningstar.testFacebook.MainFacebook.closeApp(MainFacebook.java:21)
at com.morningstar.testFacebook.MainFacebook.closeApp(MainFacebook.java:21)
at com.morningstar.testFacebook.MainFacebook.closeApp(MainFacebook.java:21)
at com.morningstar.testFacebook.MainFacebook.closeApp(MainFacebook.java:21)
at com.morningstar.testFacebook.MainFacebook.closeApp(MainFacebook.java:21)
at com.morningstar.testFacebook.MainFacebook.closeApp(MainFacebook.java:21)
at com.morningstar.testFacebook.MainFacebook.closeApp(MainFacebook.java:21)
at com.morningstar.testFacebook.MainFacebook.closeApp(MainFacebook.java:21)
at com.morningstar.testFacebook.MainFacebook.closeApp(MainFacebook.java:21)
at com.morningstar.testFacebook.MainFacebook.closeApp(MainFacebook.java:21)
at com.morningstar.testFacebook.MainFacebook.closeApp(MainFacebook.java:21)
at com.morningstar.testFacebook.MainFacebook.closeApp(MainFacebook.java:21)
at com.morningstar.testFacebook.MainFacebook.closeApp(MainFacebook.java:21)
at com.morningstar.testFacebook.MainFacebook.closeApp(MainFacebook.java:21)
at com.morningstar.testFacebook.MainFacebook.closeApp(MainFacebook.java:21)
at com.morningstar.testFacebook.MainFacebook.closeApp(MainFacebook.java:21)
at com.morningstar.testFacebook.MainFacebook.closeApp(MainFacebook.java:21)
at com.morningstar.testFacebook.MainFacebook.closeApp(MainFacebook.java:21)
at com.morningstar.testFacebook.MainFacebook.closeApp(MainFacebook.java:21)
at com.morningstar.testFacebook.MainFacebook.closeApp(MainFacebook.java:21)
at com.morningstar.testFacebook.MainFacebook.closeApp(MainFacebook.java:21)
at com.morningstar.testFacebook.MainFacebook.closeApp(MainFacebook.java:21)
at com.morningstar.testFacebook.MainFacebook.closeApp(MainFacebook.java:21)
at com.morningstar.testFacebook.MainFacebook.closeApp(MainFacebook.java:21)
at com.morningstar.testFacebook.MainFacebook.closeApp(MainFacebook.java:21)
at com.morningstar.testFacebook.MainFacebook.closeApp(MainFacebook.java:21)
at com.morningstar.testFacebook.MainFacebook.closeApp(MainFacebook.java:21)
at com.morningstar.testFacebook.MainFacebook.closeApp(MainFacebook.java:21)
at com.morningstar.testFacebook.MainFacebook.closeApp(MainFacebook.java:21)
at com.morningstar.testFacebook.MainFacebook.closeApp(MainFacebook.java:21)
at com.morningstar.testFacebook.MainFacebook.closeApp(MainFacebook.java:21)
at com.morningstar.testFacebook.MainFacebook.closeApp(MainFacebook.java:21)
at com.morningstar.testFacebook.MainFacebook.closeApp(MainFacebook.java:21)
at com.morningstar.testFacebook.MainFacebook.closeApp(MainFacebook.java:21)
at com.morningstar.testFacebook.MainFacebook.closeApp(MainFacebook.java:21)
at com.morningstar.testFacebook.MainFacebook.closeApp(MainFacebook.java:21)
at com.morningstar.testFacebook.MainFacebook.closeApp(MainFacebook.java:21)
at com.morningstar.testFacebook.MainFacebook.closeApp(MainFacebook.java:21)
at com.morningstar.testFacebook.MainFacebook.closeApp(MainFacebook.java:21)
at com.morningstar.testFacebook.MainFacebook.closeApp(MainFacebook.java:21)
at com.morningstar.testFacebook.MainFacebook.closeApp(MainFacebook.java:21)
at com.morningstar.testFacebook.MainFacebook.closeApp(MainFacebook.java:21)
at com.morningstar.testFacebook.MainFacebook.closeApp(MainFacebook.java:21)
at com.morningstar.testFacebook.MainFacebook.closeApp(MainFacebook.java:21)
at com.morningstar.testFacebook.MainFacebook.closeApp(MainFacebook.java:21)
at com.morningstar.testFacebook.MainFacebook.closeApp(MainFacebook.java:21)
at com.morningstar.testFacebook.MainFacebook.closeApp(MainFacebook.java:21)
at com.morningstar.testFacebook.MainFacebook.closeApp(MainFacebook.java:21)
at com.morningstar.testFacebook.MainFacebook.closeApp(MainFacebook.java:21)
at com.morningstar.testFacebook.MainFacebook.closeApp(MainFacebook.java:21)
at com.morningstar.testFacebook.MainFacebook.closeApp(MainFacebook.java:21)
at com.morningstar.testFacebook.MainFacebook.closeApp(MainFacebook.java:21)
at com.morningstar.testFacebook.MainFacebook.closeApp(MainFacebook.java:21)
at com.morningstar.testFacebook.MainFacebook.closeApp(MainFacebook.java:21)
at com.morningstar.testFacebook.MainFacebook.closeApp(MainFacebook.java:21)
at com.morningstar.testFacebook.MainFacebook.closeApp(MainFacebook.java:21)
at com.morningstar.testFacebook.MainFacebook.closeApp(MainFacebook.java:21)
at com.morningstar.testFacebook.MainFacebook.closeApp(MainFacebook.java:21)
at com.morningstar.testFacebook.MainFacebook.closeApp(MainFacebook.java:21)
at com.morningstar.testFacebook.MainFacebook.closeApp(MainFacebook.java:21)
at com.morningstar.testFacebook.MainFacebook.closeApp(MainFacebook.java:21)
at com.morningstar.testFacebook.MainFacebook.closeApp(MainFacebook.java:21)
at com.morningstar.testFacebook.MainFacebook.closeApp(MainFacebook.java:21)
at com.morningstar.testFacebook.MainFacebook.closeApp(MainFacebook.java:21)
at com.morningstar.testFacebook.MainFacebook.closeApp(MainFacebook.java:21)
at com.morningstar.testFacebook.MainFacebook.closeApp(MainFacebook.java:21)
at com.morningstar.testFacebook.MainFacebook.closeApp(MainFacebook.java:21)
at com.morningstar.testFacebook.MainFacebook.closeApp(MainFacebook.java:21)
at com.morningstar.testFacebook.MainFacebook.closeApp(MainFacebook.java:21)
at com.morningstar.testFacebook.MainFacebook.closeApp(MainFacebook.java:21)
at com.morningstar.testFacebook.MainFacebook.closeApp(MainFacebook.java:21)
at com.morningstar.testFacebook.MainFacebook.closeApp(MainFacebook.java:21)
at com.morningstar.testFacebook.MainFacebook.closeApp(MainFacebook.java:21)
at com.morningstar.testFacebook.MainFacebook.closeApp(MainFacebook.java:21)
at com.morningstar.testFacebook.MainFacebook.closeApp(MainFacebook.java:21)
at com.morningstar.testFacebook.MainFacebook.closeApp(MainFacebook.java:21)
at com.morningstar.testFacebook.MainFacebook.closeApp(MainFacebook.java:21)
at com.morningstar.testFacebook.MainFacebook.closeApp(MainFacebook.java:21)
at com.morningstar.testFacebook.MainFacebook.closeApp(MainFacebook.java:21)
at com.morningstar.testFacebook.MainFacebook.closeApp(MainFacebook.java:21)
at com.morningstar.testFacebook.MainFacebook.closeApp(MainFacebook.java:21)
at com.morningstar.testFacebook.MainFacebook.closeApp(MainFacebook.java:21)
at com.morningstar.testFacebook.MainFacebook.closeApp(MainFacebook.java:21)
at com.morningstar.testFacebook.MainFacebook.closeApp(MainFacebook.java:21)
at com.morningstar.testFacebook.MainFacebook.closeApp(MainFacebook.java:21)
at com.morningstar.testFacebook.MainFacebook.closeApp(MainFacebook.java:21)
at com.morningstar.testFacebook.MainFacebook.closeApp(MainFacebook.java:21)
at com.morningstar.testFacebook.MainFacebook.closeApp(MainFacebook.java:21)
at com.morningstar.testFacebook.MainFacebook.closeApp(MainFacebook.java:21)
at com.morningstar.testFacebook.MainFacebook.closeApp(MainFacebook.java:21)
at com.morningstar.testFacebook.MainFacebook.closeApp(MainFacebook.java:21)
at com.morningstar.testFacebook.MainFacebook.closeApp(MainFacebook.java:21)
at com.morningstar.testFacebook.MainFacebook.closeApp(MainFacebook.java:21)
at com.morningstar.testFacebook.MainFacebook.closeApp(MainFacebook.java:21)
at com.morningstar.testFacebook.MainFacebook.closeApp(MainFacebook.java:21)
at com.morningstar.testFacebook.MainFacebook.closeApp(MainFacebook.java:21)
at com.morningstar.testFacebook.MainFacebook.closeApp(MainFacebook.java:21)
at com.morningstar.testFacebook.MainFacebook.closeApp(MainFacebook.java:21)
at com.morningstar.testFacebook.MainFacebook.closeApp(MainFacebook.java:21)
at com.morningstar.testFacebook.MainFacebook.closeApp(MainFacebook.java:21)
at com.morningstar.testFacebook.MainFacebook.closeApp(MainFacebook.java:21)
at com.morningstar.testFacebook.MainFacebook.closeApp(MainFacebook.java:21)
at com.morningstar.testFacebook.MainFacebook.closeApp(MainFacebook.java:21)
at com.morningstar.testFacebook.MainFacebook.closeApp(MainFacebook.java:21)
at com.morningstar.testFacebook.MainFacebook.closeApp(MainFacebook.java:21)
at com.morningstar.testFacebook.MainFacebook.closeApp(MainFacebook.java:21)
at com.morningstar.testFacebook.MainFacebook.closeApp(MainFacebook.java:21)
at com.morningstar.testFacebook.MainFacebook.closeApp(MainFacebook.java:21)
at com.morningstar.testFacebook.MainFacebook.closeApp(MainFacebook.java:21)
at com.morningstar.testFacebook.MainFacebook.closeApp(MainFacebook.java:21)
at com.morningstar.testFacebook.MainFacebook.closeApp(MainFacebook.java:21)
at com.morningstar.testFacebook.MainFacebook.closeApp(MainFacebook.java:21)
at com.morningstar.testFacebook.MainFacebook.closeApp(MainFacebook.java:21)
at com.morningstar.testFacebook.MainFacebook.closeApp(MainFacebook.java:21)
at com.morningstar.testFacebook.MainFacebook.closeApp(MainFacebook.java:21)
at com.morningstar.testFacebook.MainFacebook.closeApp(MainFacebook.java:21)
at com.morningstar.testFacebook.MainFacebook.closeApp(MainFacebook.java:21)
at com.morningstar.testFacebook.MainFacebook.closeApp(MainFacebook.java:21)
at com.morningstar.testFacebook.MainFacebook.closeApp(MainFacebook.java:21)
at com.morningstar.testFacebook.MainFacebook.closeApp(MainFacebook.java:21)
at com.morningstar.testFacebook.MainFacebook.closeApp(MainFacebook.java:21)
at com.morningstar.testFacebook.MainFacebook.closeApp(MainFacebook.java:21)
at com.morningstar.testFacebook.MainFacebook.closeApp(MainFacebook.java:21)
at com.morningstar.testFacebook.MainFacebook.closeApp(MainFacebook.java:21)
at com.morningstar.testFacebook.MainFacebook.closeApp(MainFacebook.java:21)
at com.morningstar.testFacebook.MainFacebook.closeApp(MainFacebook.java:21)
at com.morningstar.testFacebook.MainFacebook.closeApp(MainFacebook.java:21)
at com.morningstar.testFacebook.MainFacebook.closeApp(MainFacebook.java:21)
at com.morningstar.testFacebook.MainFacebook.closeApp(MainFacebook.java:21)
at com.morningstar.testFacebook.MainFacebook.closeApp(MainFacebook.java:21)
at com.morningstar.testFacebook.MainFacebook.closeApp(MainFacebook.java:21)
at com.morningstar.testFacebook.MainFacebook.closeApp(MainFacebook.java:21)
at com.morningstar.testFacebook.MainFacebook.closeApp(MainFacebook.java:21)
at com.morningstar.testFacebook.MainFacebook.closeApp(MainFacebook.java:21)
at com.morningstar.testFacebook.MainFacebook.closeApp(MainFacebook.java:21)
at com.morningstar.testFacebook.MainFacebook.closeApp(MainFacebook.java:21)
at com.morningstar.testFacebook.MainFacebook.closeApp(MainFacebook.java:21)
at com.morningstar.testFacebook.MainFacebook.closeApp(MainFacebook.java:21)
at com.morningstar.testFacebook.MainFacebook.closeApp(MainFacebook.java:21)
at com.morningstar.testFacebook.MainFacebook.closeApp(MainFacebook.java:21)
at com.morningstar.testFacebook.MainFacebook.closeApp(MainFacebook.java:21)
at com.morningstar.testFacebook.MainFacebook.closeApp(MainFacebook.java:21)
at com.morningstar.testFacebook.MainFacebook.closeApp(MainFacebook.java:21)
at com.morningstar.testFacebook.MainFacebook.closeApp(MainFacebook.java:21)
at com.morningstar.testFacebook.MainFacebook.closeApp(MainFacebook.java:21)
at com.morningstar.testFacebook.MainFacebook.closeApp(MainFacebook.java:21)
at com.morningstar.testFacebook.MainFacebook.closeApp(MainFacebook.java:21)
at com.morningstar.testFacebook.MainFacebook.closeApp(MainFacebook.java:21)
at com.morningstar.testFacebook.MainFacebook.closeApp(MainFacebook.java:21)
at com.morningstar.testFacebook.MainFacebook.closeApp(MainFacebook.java:21)
at com.morningstar.testFacebook.MainFacebook.closeApp(MainFacebook.java:21)
at com.morningstar.testFacebook.MainFacebook.closeApp(MainFacebook.java:21)
at com.morningstar.testFacebook.MainFacebook.closeApp(MainFacebook.java:21)
at com.morningstar.testFacebook.MainFacebook.closeApp(MainFacebook.java:21)
at com.morningstar.testFacebook.MainFacebook.closeApp(MainFacebook.java:21)
at com.morningstar.testFacebook.MainFacebook.closeApp(MainFacebook.java:21)
at com.morningstar.testFacebook.MainFacebook.closeApp(MainFacebook.java:21)
at com.morningstar.testFacebook.MainFacebook.closeApp(MainFacebook.java:21)
at com.morningstar.testFacebook.MainFacebook.closeApp(MainFacebook.java:21)
at com.morningstar.testFacebook.MainFacebook.closeApp(MainFacebook.java:21)
at com.morningstar.testFacebook.MainFacebook.closeApp(MainFacebook.java:21)
at com.morningstar.testFacebook.MainFacebook.closeApp(MainFacebook.java:21)
at com.morningstar.testFacebook.MainFacebook.closeApp(MainFacebook.java:21)
at com.morningstar.testFacebook.MainFacebook.closeApp(MainFacebook.java:21)
at com.morningstar.testFacebook.MainFacebook.closeApp(MainFacebook.java:21)
at com.morningstar.testFacebook.MainFacebook.closeApp(MainFacebook.java:21)
at com.morningstar.testFacebook.MainFacebook.closeApp(MainFacebook.java:21)
at com.morningstar.testFacebook.MainFacebook.closeApp(MainFacebook.java:21)
at com.morningstar.testFacebook.MainFacebook.closeApp(MainFacebook.java:21)
at com.morningstar.testFacebook.MainFacebook.closeApp(MainFacebook.java:21)
at com.morningstar.testFacebook.MainFacebook.closeApp(MainFacebook.java:21)
at com.morningstar.testFacebook.MainFacebook.closeApp(MainFacebook.java:21)
at com.morningstar.testFacebook.MainFacebook.closeApp(MainFacebook.java:21)
at com.morningstar.testFacebook.MainFacebook.closeApp(MainFacebook.java:21)
at com.morningstar.testFacebook.MainFacebook.closeApp(MainFacebook.java:21)
at com.morningstar.testFacebook.MainFacebook.closeApp(MainFacebook.java:21)
at com.morningstar.testFacebook.MainFacebook.closeApp(MainFacebook.java:21)
at com.morningstar.testFacebook.MainFacebook.closeApp(MainFacebook.java:21)
at com.morningstar.testFacebook.MainFacebook.closeApp(MainFacebook.java:21)
at com.morningstar.testFacebook.MainFacebook.closeApp(MainFacebook.java:21)
at com.morningstar.testFacebook.MainFacebook.closeApp(MainFacebook.java:21)
at com.morningstar.testFacebook.MainFacebook.closeApp(MainFacebook.java:21)
at com.morningstar.testFacebook.MainFacebook.closeApp(MainFacebook.java:21)
at com.morningstar.testFacebook.MainFacebook.closeApp(MainFacebook.java:21)
at com.morningstar.testFacebook.MainFacebook.closeApp(MainFacebook.java:21)
at com.morningstar.testFacebook.MainFacebook.closeApp(MainFacebook.java:21)
at com.morningstar.testFacebook.MainFacebook.closeApp(MainFacebook.java:21)
at com.morningstar.testFacebook.MainFacebook.closeApp(MainFacebook.java:21)
at com.morningstar.testFacebook.MainFacebook.closeApp(MainFacebook.java:21)
at com.morningstar.testFacebook.MainFacebook.closeApp(MainFacebook.java:21)
at com.morningstar.testFacebook.MainFacebook.closeApp(MainFacebook.java:21)
at com.morningstar.testFacebook.MainFacebook.closeApp(MainFacebook.java:21)
at com.morningstar.testFacebook.MainFacebook.closeApp(MainFacebook.java:21)
at com.morningstar.testFacebook.MainFacebook.closeApp(MainFacebook.java:21)
at com.morningstar.testFacebook.MainFacebook.closeApp(MainFacebook.java:21)
at com.morningstar.testFacebook.MainFacebook.closeApp(MainFacebook.java:21)
at com.morningstar.testFacebook.MainFacebook.closeApp(MainFacebook.java:21)
at com.morningstar.testFacebook.MainFacebook.closeApp(MainFacebook.java:21)
at com.morningstar.testFacebook.MainFacebook.closeApp(MainFacebook.java:21)
at com.morningstar.testFacebook.MainFacebook.closeApp(MainFacebook.java:21)
at com.morningstar.testFacebook.MainFacebook.closeApp(MainFacebook.java:21)
at com.morningstar.testFacebook.MainFacebook.closeApp(MainFacebook.java:21)
at com.morningstar.testFacebook.MainFacebook.closeApp(MainFacebook.java:21)
at com.morningstar.testFacebook.MainFacebook.closeApp(MainFacebook.java:21)
at com.morningstar.testFacebook.MainFacebook.closeApp(MainFacebook.java:21)
at com.morningstar.testFacebook.MainFacebook.closeApp(MainFacebook.java:21)
at com.morningstar.testFacebook.MainFacebook.closeApp(MainFacebook.java:21)
at com.morningstar.testFacebook.MainFacebook.closeApp(MainFacebook.java:21)
at com.morningstar.testFacebook.MainFacebook.closeApp(MainFacebook.java:21)
at com.morningstar.testFacebook.MainFacebook.closeApp(MainFacebook.java:21)
at com.morningstar.testFacebook.MainFacebook.closeApp(MainFacebook.java:21)
at com.morningstar.testFacebook.MainFacebook.closeApp(MainFacebook.java:21)
at com.morningstar.testFacebook.MainFacebook.closeApp(MainFacebook.java:21)
at com.morningstar.testFacebook.MainFacebook.closeApp(MainFacebook.java:21)
at com.morningstar.testFacebook.MainFacebook.closeApp(MainFacebook.java:21)
at com.morningstar.testFacebook.MainFacebook.closeApp(MainFacebook.java:21)
at com.morningstar.testFacebook.MainFacebook.closeApp(MainFacebook.java:21)
at com.morningstar.testFacebook.MainFacebook.closeApp(MainFacebook.java:21)
at com.morningstar.testFacebook.MainFacebook.closeApp(MainFacebook.java:21)
at com.morningstar.testFacebook.MainFacebook.closeApp(MainFacebook.java:21)
at com.morningstar.testFacebook.MainFacebook.closeApp(MainFacebook.java:21)
at com.morningstar.testFacebook.MainFacebook.closeApp(MainFacebook.java:21)
at com.morningstar.testFacebook.MainFacebook.closeApp(MainFacebook.java:21)
at com.morningstar.testFacebook.MainFacebook.closeApp(MainFacebook.java:21)
at com.morningstar.testFacebook.MainFacebook.closeApp(MainFacebook.java:21)
at com.morningstar.testFacebook.MainFacebook.closeApp(MainFacebook.java:21)
at com.morningstar.testFacebook.MainFacebook.closeApp(MainFacebook.java:21)
at com.morningstar.testFacebook.MainFacebook.closeApp(MainFacebook.java:21)
at com.morningstar.testFacebook.MainFacebook.closeApp(MainFacebook.java:21)
at com.morningstar.testFacebook.MainFacebook.closeApp(MainFacebook.java:21)
at com.morningstar.testFacebook.MainFacebook.closeApp(MainFacebook.java:21)
at com.morningstar.testFacebook.MainFacebook.closeApp(MainFacebook.java:21)
at com.morningstar.testFacebook.MainFacebook.closeApp(MainFacebook.java:21)
at com.morningstar.testFacebook.MainFacebook.closeApp(MainFacebook.java:21)
at com.morningstar.testFacebook.MainFacebook.closeApp(MainFacebook.java:21)
at com.morningstar.testFacebook.MainFacebook.closeApp(MainFacebook.java:21)
at com.morningstar.testFacebook.MainFacebook.closeApp(MainFacebook.java:21)
at com.morningstar.testFacebook.MainFacebook.closeApp(MainFacebook.java:21)
at com.morningstar.testFacebook.MainFacebook.closeApp(MainFacebook.java:21)
at com.morningstar.testFacebook.MainFacebook.closeApp(MainFacebook.java:21)
at com.morningstar.testFacebook.MainFacebook.closeApp(MainFacebook.java:21)
at com.morningstar.testFacebook.MainFacebook.closeApp(MainFacebook.java:21)
at com.morningstar.testFacebook.MainFacebook.closeApp(MainFacebook.java:21)
at com.morningstar.testFacebook.MainFacebook.closeApp(MainFacebook.java:21)
at com.morningstar.testFacebook.MainFacebook.closeApp(MainFacebook.java:21)
at com.morningstar.testFacebook.MainFacebook.closeApp(MainFacebook.java:21)
at com.morningstar.testFacebook.MainFacebook.closeApp(MainFacebook.java:21)
at com.morningstar.testFacebook.MainFacebook.closeApp(MainFacebook.java:21)
at com.morningstar.testFacebook.MainFacebook.closeApp(MainFacebook.java:21)
at com.morningstar.testFacebook.MainFacebook.closeApp(MainFacebook.java:21)
at com.morningstar.testFacebook.MainFacebook.closeApp(MainFacebook.java:21)
at com.morningstar.testFacebook.MainFacebook.closeApp(MainFacebook.java:21)
at com.morningstar.testFacebook.MainFacebook.closeApp(MainFacebook.java:21)
at com.morningstar.testFacebook.MainFacebook.closeApp(MainFacebook.java:21)
at com.morningstar.testFacebook.MainFacebook.closeApp(MainFacebook.java:21)
at com.morningstar.testFacebook.MainFacebook.closeApp(MainFacebook.java:21)
at com.morningstar.testFacebook.MainFacebook.closeApp(MainFacebook.java:21)
at com.morningstar.testFacebook.MainFacebook.closeApp(MainFacebook.java:21)
at com.morningstar.testFacebook.MainFacebook.closeApp(MainFacebook.java:21)
at com.morningstar.testFacebook.MainFacebook.closeApp(MainFacebook.java:21)
at com.morningstar.testFacebook.MainFacebook.closeApp(MainFacebook.java:21)
at com.morningstar.testFacebook.MainFacebook.closeApp(MainFacebook.java:21)
at com.morningstar.testFacebook.MainFacebook.closeApp(MainFacebook.java:21)
at com.morningstar.testFacebook.MainFacebook.closeApp(MainFacebook.java:21)
at com.morningstar.testFacebook.MainFacebook.closeApp(MainFacebook.java:21)
at com.morningstar.testFacebook.MainFacebook.closeApp(MainFacebook.java:21)
at com.morningstar.testFacebook.MainFacebook.closeApp(MainFacebook.java:21)
at com.morningstar.testFacebook.MainFacebook.closeApp(MainFacebook.java:21)
at com.morningstar.testFacebook.MainFacebook.closeApp(MainFacebook.java:21)
at com.morningstar.testFacebook.MainFacebook.closeApp(MainFacebook.java:21)
at com.morningstar.testFacebook.MainFacebook.closeApp(MainFacebook.java:21)
at com.morningstar.testFacebook.MainFacebook.closeApp(MainFacebook.java:21)
at com.morningstar.testFacebook.MainFacebook.closeApp(MainFacebook.java:21)
at com.morningstar.testFacebook.MainFacebook.closeApp(MainFacebook.java:21)
at com.morningstar.testFacebook.MainFacebook.closeApp(MainFacebook.java:21)
at com.morningstar.testFacebook.MainFacebook.closeApp(MainFacebook.java:21)
at com.morningstar.testFacebook.MainFacebook.closeApp(MainFacebook.java:21)
at com.morningstar.testFacebook.MainFacebook.closeApp(MainFacebook.java:21)
at com.morningstar.testFacebook.MainFacebook.closeApp(MainFacebook.java:21)
at com.morningstar.testFacebook.MainFacebook.closeApp(MainFacebook.java:21)
at com.morningstar.testFacebook.MainFacebook.closeApp(MainFacebook.java:21)
at com.morningstar.testFacebook.MainFacebook.closeApp(MainFacebook.java:21)
at com.morningstar.testFacebook.MainFacebook.closeApp(MainFacebook.java:21)
at com.morningstar.testFacebook.MainFacebook.closeApp(MainFacebook.java:21)
at com.morningstar.testFacebook.MainFacebook.closeApp(MainFacebook.java:21)
at com.morningstar.testFacebook.MainFacebook.closeApp(MainFacebook.java:21)
at com.morningstar.testFacebook.MainFacebook.closeApp(MainFacebook.java:21)
at com.morningstar.testFacebook.MainFacebook.closeApp(MainFacebook.java:21)
at com.morningstar.testFacebook.MainFacebook.closeApp(MainFacebook.java:21)
at com.morningstar.testFacebook.MainFacebook.closeApp(MainFacebook.java:21)
at com.morningstar.testFacebook.MainFacebook.closeApp(MainFacebook.java:21)
at com.morningstar.testFacebook.MainFacebook.closeApp(MainFacebook.java:21)
at com.morningstar.testFacebook.MainFacebook.closeApp(MainFacebook.java:21)
at com.morningstar.testFacebook.MainFacebook.closeApp(MainFacebook.java:21)
at com.morningstar.testFacebook.MainFacebook.closeApp(MainFacebook.java:21)
at com.morningstar.testFacebook.MainFacebook.closeApp(MainFacebook.java:21)
at com.morningstar.testFacebook.MainFacebook.closeApp(MainFacebook.java:21)
at com.morningstar.testFacebook.MainFacebook.closeApp(MainFacebook.java:21)
at com.morningstar.testFacebook.MainFacebook.closeApp(MainFacebook.java:21)
at com.morningstar.testFacebook.MainFacebook.closeApp(MainFacebook.java:21)
at com.morningstar.testFacebook.MainFacebook.closeApp(MainFacebook.java:21)
at com.morningstar.testFacebook.MainFacebook.closeApp(MainFacebook.java:21)
at com.morningstar.testFacebook.MainFacebook.closeApp(MainFacebook.java:21)
at com.morningstar.testFacebook.MainFacebook.closeApp(MainFacebook.java:21)
at com.morningstar.testFacebook.MainFacebook.closeApp(MainFacebook.java:21)
at com.morningstar.testFacebook.MainFacebook.closeApp(MainFacebook.java:21)
at com.morningstar.testFacebook.MainFacebook.closeApp(MainFacebook.java:21)
at com.morningstar.testFacebook.MainFacebook.closeApp(MainFacebook.java:21)
at com.morningstar.testFacebook.MainFacebook.closeApp(MainFacebook.java:21)
at com.morningstar.testFacebook.MainFacebook.closeApp(MainFacebook.java:21)
at com.morningstar.testFacebook.MainFacebook.closeApp(MainFacebook.java:21)
at com.morningstar.testFacebook.MainFacebook.closeApp(MainFacebook.java:21)
at com.morningstar.testFacebook.MainFacebook.closeApp(MainFacebook.java:21)
at com.morningstar.testFacebook.MainFacebook.closeApp(MainFacebook.java:21)
at com.morningstar.testFacebook.MainFacebook.closeApp(MainFacebook.java:21)
at com.morningstar.testFacebook.MainFacebook.closeApp(MainFacebook.java:21)
at com.morningstar.testFacebook.MainFacebook.closeApp(MainFacebook.java:21)
at com.morningstar.testFacebook.MainFacebook.closeApp(MainFacebook.java:21)
at com.morningstar.testFacebook.MainFacebook.closeApp(MainFacebook.java:21)
at com.morningstar.testFacebook.MainFacebook.closeApp(MainFacebook.java:21)
at com.morningstar.testFacebook.MainFacebook.closeApp(MainFacebook.java:21)
at com.morningstar.testFacebook.MainFacebook.closeApp(MainFacebook.java:21)
at com.morningstar.testFacebook.MainFacebook.closeApp(MainFacebook.java:21)
at com.morningstar.testFacebook.MainFacebook.closeApp(MainFacebook.java:21)
at com.morningstar.testFacebook.MainFacebook.closeApp(MainFacebook.java:21)
at com.morningstar.testFacebook.MainFacebook.closeApp(MainFacebook.java:21)
at com.morningstar.testFacebook.MainFacebook.closeApp(MainFacebook.java:21)
at com.morningstar.testFacebook.MainFacebook.closeApp(MainFacebook.java:21)
at com.morningstar.testFacebook.MainFacebook.closeApp(MainFacebook.java:21)
at com.morningstar.testFacebook.MainFacebook.closeApp(MainFacebook.java:21)
at com.morningstar.testFacebook.MainFacebook.closeApp(MainFacebook.java:21)
at com.morningstar.testFacebook.MainFacebook.closeApp(MainFacebook.java:21)
at com.morningstar.testFacebook.MainFacebook.closeApp(MainFacebook.java:21)
at com.morningstar.testFacebook.MainFacebook.closeApp(MainFacebook.java:21)
at com.morningstar.testFacebook.MainFacebook.closeApp(MainFacebook.java:21)
at com.morningstar.testFacebook.MainFacebook.closeApp(MainFacebook.java:21)
at com.morningstar.testFacebook.MainFacebook.closeApp(MainFacebook.java:21)
at com.morningstar.testFacebook.MainFacebook.closeApp(MainFacebook.java:21)
at com.morningstar.testFacebook.MainFacebook.closeApp(MainFacebook.java:21)
at com.morningstar.testFacebook.MainFacebook.closeApp(MainFacebook.java:21)
at com.morningstar.testFacebook.MainFacebook.closeApp(MainFacebook.java:21)
at com.morningstar.testFacebook.MainFacebook.closeApp(MainFacebook.java:21)
at com.morningstar.testFacebook.MainFacebook.closeApp(MainFacebook.java:21)
at com.morningstar.testFacebook.MainFacebook.closeApp(MainFacebook.java:21)
at com.morningstar.testFacebook.MainFacebook.closeApp(MainFacebook.java:21)
at com.morningstar.testFacebook.MainFacebook.closeApp(MainFacebook.java:21)
at com.morningstar.testFacebook.MainFacebook.closeApp(MainFacebook.java:21)
at com.morningstar.testFacebook.MainFacebook.closeApp(MainFacebook.java:21)
at com.morningstar.testFacebook.MainFacebook.closeApp(MainFacebook.java:21)
at com.morningstar.testFacebook.MainFacebook.closeApp(MainFacebook.java:21)
at com.morningstar.testFacebook.MainFacebook.closeApp(MainFacebook.java:21)
at com.morningstar.testFacebook.MainFacebook.closeApp(MainFacebook.java:21)
at com.morningstar.testFacebook.MainFacebook.closeApp(MainFacebook.java:21)
at com.morningstar.testFacebook.MainFacebook.closeApp(MainFacebook.java:21)
at com.morningstar.testFacebook.MainFacebook.closeApp(MainFacebook.java:21)
at com.morningstar.testFacebook.MainFacebook.closeApp(MainFacebook.java:21)
at com.morningstar.testFacebook.MainFacebook.closeApp(MainFacebook.java:21)
at com.morningstar.testFacebook.MainFacebook.closeApp(MainFacebook.java:21)
at com.morningstar.testFacebook.MainFacebook.closeApp(MainFacebook.java:21)
at com.morningstar.testFacebook.MainFacebook.closeApp(MainFacebook.java:21)
at com.morningstar.testFacebook.MainFacebook.closeApp(MainFacebook.java:21)
at com.morningstar.testFacebook.MainFacebook.closeApp(MainFacebook.java:21)
at com.morningstar.testFacebook.MainFacebook.closeApp(MainFacebook.java:21)
at com.morningstar.testFacebook.MainFacebook.closeApp(MainFacebook.java:21)
at com.morningstar.testFacebook.MainFacebook.closeApp(MainFacebook.java:21)
at com.morningstar.testFacebook.MainFacebook.closeApp(MainFacebook.java:21)
at com.morningstar.testFacebook.MainFacebook.closeApp(MainFacebook.java:21)
at com.morningstar.testFacebook.MainFacebook.closeApp(MainFacebook.java:21)
at com.morningstar.testFacebook.MainFacebook.closeApp(MainFacebook.java:21)
at com.morningstar.testFacebook.MainFacebook.closeApp(MainFacebook.java:21)
at com.morningstar.testFacebook.MainFacebook.closeApp(MainFacebook.java:21)
at com.morningstar.testFacebook.MainFacebook.closeApp(MainFacebook.java:21)
at com.morningstar.testFacebook.MainFacebook.closeApp(MainFacebook.java:21)
at com.morningstar.testFacebook.MainFacebook.closeApp(MainFacebook.java:21)
at com.morningstar.testFacebook.MainFacebook.closeApp(MainFacebook.java:21)
at com.morningstar.testFacebook.MainFacebook.closeApp(MainFacebook.java:21)
at com.morningstar.testFacebook.MainFacebook.closeApp(MainFacebook.java:21)
at com.morningstar.testFacebook.MainFacebook.closeApp(MainFacebook.java:21)
at com.morningstar.testFacebook.MainFacebook.closeApp(MainFacebook.java:21)
at com.morningstar.testFacebook.MainFacebook.closeApp(MainFacebook.java:21)
at com.morningstar.testFacebook.MainFacebook.closeApp(MainFacebook.java:21)
at com.morningstar.testFacebook.MainFacebook.closeApp(MainFacebook.java:21)
at com.morningstar.testFacebook.MainFacebook.closeApp(MainFacebook.java:21)
at com.morningstar.testFacebook.MainFacebook.closeApp(MainFacebook.java:21)
at com.morningstar.testFacebook.MainFacebook.closeApp(MainFacebook.java:21)
at com.morningstar.testFacebook.MainFacebook.closeApp(MainFacebook.java:21)
at com.morningstar.testFacebook.MainFacebook.closeApp(MainFacebook.java:21)
at com.morningstar.testFacebook.MainFacebook.closeApp(MainFacebook.java:21)
at com.morningstar.testFacebook.MainFacebook.closeApp(MainFacebook.java:21)
at com.morningstar.testFacebook.MainFacebook.closeApp(MainFacebook.java:21)
at com.morningstar.testFacebook.MainFacebook.closeApp(MainFacebook.java:21)
at com.morningstar.testFacebook.MainFacebook.closeApp(MainFacebook.java:21)
at com.morningstar.testFacebook.MainFacebook.closeApp(MainFacebook.java:21)
at com.morningstar.testFacebook.MainFacebook.closeApp(MainFacebook.java:21)
at com.morningstar.testFacebook.MainFacebook.closeApp(MainFacebook.java:21)
at com.morningstar.testFacebook.MainFacebook.closeApp(MainFacebook.java:21)
at com.morningstar.testFacebook.MainFacebook.closeApp(MainFacebook.java:21)
at com.morningstar.testFacebook.MainFacebook.closeApp(MainFacebook.java:21)
at com.morningstar.testFacebook.MainFacebook.closeApp(MainFacebook.java:21)
at com.morningstar.testFacebook.MainFacebook.closeApp(MainFacebook.java:21)
at com.morningstar.testFacebook.MainFacebook.closeApp(MainFacebook.java:21)
at com.morningstar.testFacebook.MainFacebook.closeApp(MainFacebook.java:21)
at com.morningstar.testFacebook.MainFacebook.closeApp(MainFacebook.java:21)
at com.morningstar.testFacebook.MainFacebook.closeApp(MainFacebook.java:21)
at com.morningstar.testFacebook.MainFacebook.closeApp(MainFacebook.java:21)
at com.morningstar.testFacebook.MainFacebook.closeApp(MainFacebook.java:21)
at com.morningstar.testFacebook.MainFacebook.closeApp(MainFacebook.java:21)
at com.morningstar.testFacebook.MainFacebook.closeApp(MainFacebook.java:21)
at com.morningstar.testFacebook.MainFacebook.closeApp(MainFacebook.java:21)
at com.morningstar.testFacebook.MainFacebook.closeApp(MainFacebook.java:21)
at com.morningstar.testFacebook.MainFacebook.closeApp(MainFacebook.java:21)
at com.morningstar.testFacebook.MainFacebook.closeApp(MainFacebook.java:21)
at com.morningstar.testFacebook.MainFacebook.closeApp(MainFacebook.java:21)
at com.morningstar.testFacebook.MainFacebook.closeApp(MainFacebook.java:21)
at com.morningstar.testFacebook.MainFacebook.closeApp(MainFacebook.java:21)
at com.morningstar.testFacebook.MainFacebook.closeApp(MainFacebook.java:21)
at com.morningstar.testFacebook.MainFacebook.closeApp(MainFacebook.java:21)
at com.morningstar.testFacebook.MainFacebook.closeApp(MainFacebook.java:21)
at com.morningstar.testFacebook.MainFacebook.closeApp(MainFacebook.java:21)
at com.morningstar.testFacebook.MainFacebook.closeApp(MainFacebook.java:21)
at com.morningstar.testFacebook.MainFacebook.closeApp(MainFacebook.java:21)
at com.morningstar.testFacebook.MainFacebook.closeApp(MainFacebook.java:21)
at com.morningstar.testFacebook.MainFacebook.closeApp(MainFacebook.java:21)
at com.morningstar.testFacebook.MainFacebook.closeApp(MainFacebook.java:21)
at com.morningstar.testFacebook.MainFacebook.closeApp(MainFacebook.java:21)
at com.morningstar.testFacebook.MainFacebook.closeApp(MainFacebook.java:21)
at com.morningstar.testFacebook.MainFacebook.closeApp(MainFacebook.java:21)
at com.morningstar.testFacebook.MainFacebook.closeApp(MainFacebook.java:21)
at com.morningstar.testFacebook.MainFacebook.closeApp(MainFacebook.java:21)
at com.morningstar.testFacebook.MainFacebook.closeApp(MainFacebook.java:21)
at com.morningstar.testFacebook.MainFacebook.closeApp(MainFacebook.java:21)
at com.morningstar.testFacebook.MainFacebook.closeApp(MainFacebook.java:21)
at com.morningstar.testFacebook.MainFacebook.closeApp(MainFacebook.java:21)
at com.morningstar.testFacebook.MainFacebook.closeApp(MainFacebook.java:21)
at com.morningstar.testFacebook.MainFacebook.closeApp(MainFacebook.java:21)
at com.morningstar.testFacebook.MainFacebook.closeApp(MainFacebook.java:21)
at com.morningstar.testFacebook.MainFacebook.closeApp(MainFacebook.java:21)
at com.morningstar.testFacebook.MainFacebook.closeApp(MainFacebook.java:21)
at com.morningstar.testFacebook.MainFacebook.closeApp(MainFacebook.java:21)
at com.morningstar.testFacebook.MainFacebook.closeApp(MainFacebook.java:21)
at com.morningstar.testFacebook.MainFacebook.closeApp(MainFacebook.java:21)
at com.morningstar.testFacebook.MainFacebook.closeApp(MainFacebook.java:21)
at com.morningstar.testFacebook.MainFacebook.closeApp(MainFacebook.java:21)
at com.morningstar.testFacebook.MainFacebook.closeApp(MainFacebook.java:21)
at com.morningstar.testFacebook.MainFacebook.closeApp(MainFacebook.java:21)
at com.morningstar.testFacebook.MainFacebook.closeApp(MainFacebook.java:21)
at com.morningstar.testFacebook.MainFacebook.closeApp(MainFacebook.java:21)
at com.morningstar.testFacebook.MainFacebook.closeApp(MainFacebook.java:21)
at com.morningstar.testFacebook.MainFacebook.closeApp(MainFacebook.java:21)
at com.morningstar.testFacebook.MainFacebook.closeApp(MainFacebook.java:21)
at com.morningstar.testFacebook.MainFacebook.closeApp(MainFacebook.java:21)
at com.morningstar.testFacebook.MainFacebook.closeApp(MainFacebook.java:21)
at com.morningstar.testFacebook.MainFacebook.closeApp(MainFacebook.java:21)
at com.morningstar.testFacebook.MainFacebook.closeApp(MainFacebook.java:21)
at com.morningstar.testFacebook.MainFacebook.closeApp(MainFacebook.java:21)
at com.morningstar.testFacebook.MainFacebook.closeApp(MainFacebook.java:21)
at com.morningstar.testFacebook.MainFacebook.closeApp(MainFacebook.java:21)
at com.morningstar.testFacebook.MainFacebook.closeApp(MainFacebook.java:21)
at com.morningstar.testFacebook.MainFacebook.closeApp(MainFacebook.java:21)
at com.morningstar.testFacebook.MainFacebook.closeApp(MainFacebook.java:21)
at com.morningstar.testFacebook.MainFacebook.closeApp(MainFacebook.java:21)
at com.morningstar.testFacebook.MainFacebook.closeApp(MainFacebook.java:21)
at com.morningstar.testFacebook.MainFacebook.closeApp(MainFacebook.java:21)
at com.morningstar.testFacebook.MainFacebook.closeApp(MainFacebook.java:21)
at com.morningstar.testFacebook.MainFacebook.closeApp(MainFacebook.java:21)
at com.morningstar.testFacebook.MainFacebook.closeApp(MainFacebook.java:21)
at com.morningstar.testFacebook.MainFacebook.closeApp(MainFacebook.java:21)
at com.morningstar.testFacebook.MainFacebook.closeApp(MainFacebook.java:21)
at com.morningstar.testFacebook.MainFacebook.closeApp(MainFacebook.java:21)
at com.morningstar.testFacebook.MainFacebook.closeApp(MainFacebook.java:21)
at com.morningstar.testFacebook.MainFacebook.closeApp(MainFacebook.java:21)
at com.morningstar.testFacebook.MainFacebook.closeApp(MainFacebook.java:21)
at com.morningstar.testFacebook.MainFacebook.closeApp(MainFacebook.java:21)
at com.morningstar.testFacebook.MainFacebook.closeApp(MainFacebook.java:21)
at com.morningstar.testFacebook.MainFacebook.closeApp(MainFacebook.java:21)
at com.morningstar.testFacebook.MainFacebook.closeApp(MainFacebook.java:21)
at com.morningstar.testFacebook.MainFacebook.closeApp(MainFacebook.java:21)
at com.morningstar.testFacebook.MainFacebook.closeApp(MainFacebook.java:21)
at com.morningstar.testFacebook.MainFacebook.closeApp(MainFacebook.java:21)
at com.morningstar.testFacebook.MainFacebook.closeApp(MainFacebook.java:21)
at com.morningstar.testFacebook.MainFacebook.closeApp(MainFacebook.java:21)
at com.morningstar.testFacebook.MainFacebook.closeApp(MainFacebook.java:21)
at com.morningstar.testFacebook.MainFacebook.closeApp(MainFacebook.java:21)
at com.morningstar.testFacebook.MainFacebook.closeApp(MainFacebook.java:21)
at com.morningstar.testFacebook.MainFacebook.closeApp(MainFacebook.java:21)
at com.morningstar.testFacebook.MainFacebook.closeApp(MainFacebook.java:21)
at com.morningstar.testFacebook.MainFacebook.closeApp(MainFacebook.java:21)
at com.morningstar.testFacebook.MainFacebook.closeApp(MainFacebook.java:21)
at com.morningstar.testFacebook.MainFacebook.closeApp(MainFacebook.java:21)
at com.morningstar.testFacebook.MainFacebook.closeApp(MainFacebook.java:21)
at com.morningstar.testFacebook.MainFacebook.closeApp(MainFacebook.java:21)
at com.morningstar.testFacebook.MainFacebook.closeApp(MainFacebook.java:21)
at com.morningstar.testFacebook.MainFacebook.closeApp(MainFacebook.java:21)
at com.morningstar.testFacebook.MainFacebook.closeApp(MainFacebook.java:21)
at com.morningstar.testFacebook.MainFacebook.closeApp(MainFacebook.java:21)
at com.morningstar.testFacebook.MainFacebook.closeApp(MainFacebook.java:21)
at com.morningstar.testFacebook.MainFacebook.closeApp(MainFacebook.java:21)
at com.morningstar.testFacebook.MainFacebook.closeApp(MainFacebook.java:21)
at com.morningstar.testFacebook.MainFacebook.closeApp(MainFacebook.java:21)
at com.morningstar.testFacebook.MainFacebook.closeApp(MainFacebook.java:21)
at com.morningstar.testFacebook.MainFacebook.closeApp(MainFacebook.java:21)
at com.morningstar.testFacebook.MainFacebook.closeApp(MainFacebook.java:21)
at com.morningstar.testFacebook.MainFacebook.closeApp(MainFacebook.java:21)
at com.morningstar.testFacebook.MainFacebook.closeApp(MainFacebook.java:21)
at com.morningstar.testFacebook.MainFacebook.closeApp(MainFacebook.java:21)
at com.morningstar.testFacebook.MainFacebook.closeApp(MainFacebook.java:21)
at com.morningstar.testFacebook.MainFacebook.closeApp(MainFacebook.java:21)
at com.morningstar.testFacebook.MainFacebook.closeApp(MainFacebook.java:21)
at com.morningstar.testFacebook.MainFacebook.closeApp(MainFacebook.java:21)
at com.morningstar.testFacebook.MainFacebook.closeApp(MainFacebook.java:21)
at com.morningstar.testFacebook.MainFacebook.closeApp(MainFacebook.java:21)
at com.morningstar.testFacebook.MainFacebook.closeApp(MainFacebook.java:21)
at com.morningstar.testFacebook.MainFacebook.closeApp(MainFacebook.java:21)
at com.morningstar.testFacebook.MainFacebook.closeApp(MainFacebook.java:21)
at com.morningstar.testFacebook.MainFacebook.closeApp(MainFacebook.java:21)
at com.morningstar.testFacebook.MainFacebook.closeApp(MainFacebook.java:21)
at com.morningstar.testFacebook.MainFacebook.closeApp(MainFacebook.java:21)
at com.morningstar.testFacebook.MainFacebook.closeApp(MainFacebook.java:21)
at com.morningstar.testFacebook.MainFacebook.closeApp(MainFacebook.java:21)
at com.morningstar.testFacebook.MainFacebook.closeApp(MainFacebook.java:21)
at com.morningstar.testFacebook.MainFacebook.closeApp(MainFacebook.java:21)
at com.morningstar.testFacebook.MainFacebook.closeApp(MainFacebook.java:21)
at com.morningstar.testFacebook.MainFacebook.closeApp(MainFacebook.java:21)
at com.morningstar.testFacebook.MainFacebook.closeApp(MainFacebook.java:21)
at com.morningstar.testFacebook.MainFacebook.closeApp(MainFacebook.java:21)
at com.morningstar.testFacebook.MainFacebook.closeApp(MainFacebook.java:21)
at com.morningstar.testFacebook.MainFacebook.closeApp(MainFacebook.java:21)
at com.morningstar.testFacebook.MainFacebook.closeApp(MainFacebook.java:21)
at com.morningstar.testFacebook.MainFacebook.closeApp(MainFacebook.java:21)
at com.morningstar.testFacebook.MainFacebook.closeApp(MainFacebook.java:21)
at com.morningstar.testFacebook.MainFacebook.closeApp(MainFacebook.java:21)
at com.morningstar.testFacebook.MainFacebook.closeApp(MainFacebook.java:21)
at com.morningstar.testFacebook.MainFacebook.closeApp(MainFacebook.java:21)
at com.morningstar.testFacebook.MainFacebook.closeApp(MainFacebook.java:21)
at com.morningstar.testFacebook.MainFacebook.closeApp(MainFacebook.java:21)
at com.morningstar.testFacebook.MainFacebook.closeApp(MainFacebook.java:21)
at com.morningstar.testFacebook.MainFacebook.closeApp(MainFacebook.java:21)
at com.morningstar.testFacebook.MainFacebook.closeApp(MainFacebook.java:21)
at com.morningstar.testFacebook.MainFacebook.closeApp(MainFacebook.java:21)
at com.morningstar.testFacebook.MainFacebook.closeApp(MainFacebook.java:21)
at com.morningstar.testFacebook.MainFacebook.closeApp(MainFacebook.java:21)
at com.morningstar.testFacebook.MainFacebook.closeApp(MainFacebook.java:21)
at com.morningstar.testFacebook.MainFacebook.closeApp(MainFacebook.java:21)
at com.morningstar.testFacebook.MainFacebook.closeApp(MainFacebook.java:21)
at com.morningstar.testFacebook.MainFacebook.closeApp(MainFacebook.java:21)
at com.morningstar.testFacebook.MainFacebook.closeApp(MainFacebook.java:21)
at com.morningstar.testFacebook.MainFacebook.closeApp(MainFacebook.java:21)
at com.morningstar.testFacebook.MainFacebook.closeApp(MainFacebook.java:21)
at com.morningstar.testFacebook.MainFacebook.closeApp(MainFacebook.java:21)
at com.morningstar.testFacebook.MainFacebook.closeApp(MainFacebook.java:21)
at com.morningstar.testFacebook.MainFacebook.closeApp(MainFacebook.java:21)
at com.morningstar.testFacebook.MainFacebook.closeApp(MainFacebook.java:21)
at com.morningstar.testFacebook.MainFacebook.closeApp(MainFacebook.java:21)
at com.morningstar.testFacebook.MainFacebook.closeApp(MainFacebook.java:21)
at com.morningstar.testFacebook.MainFacebook.closeApp(MainFacebook.java:21)
at com.morningstar.testFacebook.MainFacebook.closeApp(MainFacebook.java:21)
at com.morningstar.testFacebook.MainFacebook.closeApp(MainFacebook.java:21)
at com.morningstar.testFacebook.MainFacebook.closeApp(MainFacebook.java:21)
at com.morningstar.testFacebook.MainFacebook.closeApp(MainFacebook.java:21)
at com.morningstar.testFacebook.MainFacebook.closeApp(MainFacebook.java:21)
at com.morningstar.testFacebook.MainFacebook.closeApp(MainFacebook.java:21)
at com.morningstar.testFacebook.MainFacebook.closeApp(MainFacebook.java:21)
at com.morningstar.testFacebook.MainFacebook.closeApp(MainFacebook.java:21)
at com.morningstar.testFacebook.MainFacebook.closeApp(MainFacebook.java:21)
at com.morningstar.testFacebook.MainFacebook.closeApp(MainFacebook.java:21)
at com.morningstar.testFacebook.MainFacebook.closeApp(MainFacebook.java:21)
at com.morningstar.testFacebook.MainFacebook.closeApp(MainFacebook.java:21)
at com.morningstar.testFacebook.MainFacebook.closeApp(MainFacebook.java:21)
at com.morningstar.testFacebook.MainFacebook.closeApp(MainFacebook.java:21)
at com.morningstar.testFacebook.MainFacebook.closeApp(MainFacebook.java:21)
at com.morningstar.testFacebook.MainFacebook.closeApp(MainFacebook.java:21)
at com.morningstar.testFacebook.MainFacebook.closeApp(MainFacebook.java:21)
at com.morningstar.testFacebook.MainFacebook.closeApp(MainFacebook.java:21)
at com.morningstar.testFacebook.MainFacebook.closeApp(MainFacebook.java:21)
at com.morningstar.testFacebook.MainFacebook.closeApp(MainFacebook.java:21)
at com.morningstar.testFacebook.MainFacebook.closeApp(MainFacebook.java:21)
at com.morningstar.testFacebook.MainFacebook.closeApp(MainFacebook.java:21)
at com.morningstar.testFacebook.MainFacebook.closeApp(MainFacebook.java:21)
at com.morningstar.testFacebook.MainFacebook.closeApp(MainFacebook.java:21)
at com.morningstar.testFacebook.MainFacebook.closeApp(MainFacebook.java:21)
at com.morningstar.testFacebook.MainFacebook.closeApp(MainFacebook.java:21)
at com.morningstar.testFacebook.MainFacebook.closeApp(MainFacebook.java:21)
at com.morningstar.testFacebook.MainFacebook.closeApp(MainFacebook.java:21)
at com.morningstar.testFacebook.MainFacebook.closeApp(MainFacebook.java:21)
at com.morningstar.testFacebook.MainFacebook.closeApp(MainFacebook.java:21)
at com.morningstar.testFacebook.MainFacebook.closeApp(MainFacebook.java:21)
at com.morningstar.testFacebook.MainFacebook.closeApp(MainFacebook.java:21)
at com.morningstar.testFacebook.MainFacebook.closeApp(MainFacebook.java:21)
at com.morningstar.testFacebook.MainFacebook.closeApp(MainFacebook.java:21)
at com.morningstar.testFacebook.MainFacebook.closeApp(MainFacebook.java:21)
at com.morningstar.testFacebook.MainFacebook.closeApp(MainFacebook.java:21)
at com.morningstar.testFacebook.MainFacebook.closeApp(MainFacebook.java:21)
at com.morningstar.testFacebook.MainFacebook.closeApp(MainFacebook.java:21)
at com.morningstar.testFacebook.MainFacebook.closeApp(MainFacebook.java:21)
at com.morningstar.testFacebook.MainFacebook.closeApp(MainFacebook.java:21)
at com.morningstar.testFacebook.MainFacebook.closeApp(MainFacebook.java:21)
at com.morningstar.testFacebook.MainFacebook.closeApp(MainFacebook.java:21)
at com.morningstar.testFacebook.MainFacebook.closeApp(MainFacebook.java:21)
at com.morningstar.testFacebook.MainFacebook.closeApp(MainFacebook.java:21)
at com.morningstar.testFacebook.MainFacebook.closeApp(MainFacebook.java:21)
at com.morningstar.testFacebook.MainFacebook.closeApp(MainFacebook.java:21)
at com.morningstar.testFacebook.MainFacebook.closeApp(MainFacebook.java:21)
at com.morningstar.testFacebook.MainFacebook.closeApp(MainFacebook.java:21)
at com.morningstar.testFacebook.MainFacebook.closeApp(MainFacebook.java:21)
at com.morningstar.testFacebook.MainFacebook.closeApp(MainFacebook.java:21)
at com.morningstar.testFacebook.MainFacebook.closeApp(MainFacebook.java:21)
at com.morningstar.testFacebook.MainFacebook.closeApp(MainFacebook.java:21)
at com.morningstar.testFacebook.MainFacebook.closeApp(MainFacebook.java:21)
at com.morningstar.testFacebook.MainFacebook.closeApp(MainFacebook.java:21)
at com.morningstar.testFacebook.MainFacebook.closeApp(MainFacebook.java:21)
at com.morningstar.testFacebook.MainFacebook.closeApp(MainFacebook.java:21)
at com.morningstar.testFacebook.MainFacebook.closeApp(MainFacebook.java:21)
at com.morningstar.testFacebook.MainFacebook.closeApp(MainFacebook.java:21)
at com.morningstar.testFacebook.MainFacebook.closeApp(MainFacebook.java:21)
at com.morningstar.testFacebook.MainFacebook.closeApp(MainFacebook.java:21)
at com.morningstar.testFacebook.MainFacebook.closeApp(MainFacebook.java:21)
at com.morningstar.testFacebook.MainFacebook.closeApp(MainFacebook.java:21)
at com.morningstar.testFacebook.MainFacebook.closeApp(MainFacebook.java:21)
at com.morningstar.testFacebook.MainFacebook.closeApp(MainFacebook.java:21)
at com.morningstar.testFacebook.MainFacebook.closeApp(MainFacebook.java:21)
at com.morningstar.testFacebook.MainFacebook.closeApp(MainFacebook.java:21)
at com.morningstar.testFacebook.MainFacebook.closeApp(MainFacebook.java:21)
at com.morningstar.testFacebook.MainFacebook.closeApp(MainFacebook.java:21)
at com.morningstar.testFacebook.MainFacebook.closeApp(MainFacebook.java:21)
at com.morningstar.testFacebook.MainFacebook.closeApp(MainFacebook.java:21)
at com.morningstar.testFacebook.MainFacebook.closeApp(MainFacebook.java:21)
at com.morningstar.testFacebook.MainFacebook.closeApp(MainFacebook.java:21)
at com.morningstar.testFacebook.MainFacebook.closeApp(MainFacebook.java:21)
at com.morningstar.testFacebook.MainFacebook.closeApp(MainFacebook.java:21)
at com.morningstar.testFacebook.MainFacebook.closeApp(MainFacebook.java:21)
at com.morningstar.testFacebook.MainFacebook.closeApp(MainFacebook.java:21)
at com.morningstar.testFacebook.MainFacebook.closeApp(MainFacebook.java:21)
at com.morningstar.testFacebook.MainFacebook.closeApp(MainFacebook.java:21)
at com.morningstar.testFacebook.MainFacebook.closeApp(MainFacebook.java:21)
at com.morningstar.testFacebook.MainFacebook.closeApp(MainFacebook.java:21)
at com.morningstar.testFacebook.MainFacebook.closeApp(MainFacebook.java:21)
at com.morningstar.testFacebook.MainFacebook.closeApp(MainFacebook.java:21)
at com.morningstar.testFacebook.MainFacebook.closeApp(MainFacebook.java:21)
at com.morningstar.testFacebook.MainFacebook.closeApp(MainFacebook.java:21)
at com.morningstar.testFacebook.MainFacebook.closeApp(MainFacebook.java:21)
at com.morningstar.testFacebook.MainFacebook.closeApp(MainFacebook.java:21)
at com.morningstar.testFacebook.MainFacebook.closeApp(MainFacebook.java:21)
at com.morningstar.testFacebook.MainFacebook.closeApp(MainFacebook.java:21)
at com.morningstar.testFacebook.MainFacebook.closeApp(MainFacebook.java:21)
at com.morningstar.testFacebook.MainFacebook.closeApp(MainFacebook.java:21)
at com.morningstar.testFacebook.MainFacebook.closeApp(MainFacebook.java:21)
at com.morningstar.testFacebook.MainFacebook.closeApp(MainFacebook.java:21)
at com.morningstar.testFacebook.MainFacebook.closeApp(MainFacebook.java:21)
at com.morningstar.testFacebook.MainFacebook.closeApp(MainFacebook.java:21)
at com.morningstar.testFacebook.MainFacebook.closeApp(MainFacebook.java:21)
at com.morningstar.testFacebook.MainFacebook.closeApp(MainFacebook.java:21)
at com.morningstar.testFacebook.MainFacebook.closeApp(MainFacebook.java:21)
at com.morningstar.testFacebook.MainFacebook.closeApp(MainFacebook.java:21)
at com.morningstar.testFacebook.MainFacebook.closeApp(MainFacebook.java:21)
at com.morningstar.testFacebook.MainFacebook.closeApp(MainFacebook.java:21)
at com.morningstar.testFacebook.MainFacebook.closeApp(MainFacebook.java:21)
at com.morningstar.testFacebook.MainFacebook.closeApp(MainFacebook.java:21)
at com.morningstar.testFacebook.MainFacebook.closeApp(MainFacebook.java:21)
at com.morningstar.testFacebook.MainFacebook.closeApp(MainFacebook.java:21)
at com.morningstar.testFacebook.MainFacebook.closeApp(MainFacebook.java:21)
at com.morningstar.testFacebook.MainFacebook.closeApp(MainFacebook.java:21)
at com.morningstar.testFacebook.MainFacebook.closeApp(MainFacebook.java:21)
at com.morningstar.testFacebook.MainFacebook.closeApp(MainFacebook.java:21)
at com.morningstar.testFacebook.MainFacebook.closeApp(MainFacebook.java:21)
at com.morningstar.testFacebook.MainFacebook.closeApp(MainFacebook.java:21)
at com.morningstar.testFacebook.MainFacebook.closeApp(MainFacebook.java:21)
at com.morningstar.testFacebook.MainFacebook.closeApp(MainFacebook.java:21)
at com.morningstar.testFacebook.MainFacebook.closeApp(MainFacebook.java:21)
at com.morningstar.testFacebook.MainFacebook.closeApp(MainFacebook.java:21)
at com.morningstar.testFacebook.MainFacebook.closeApp(MainFacebook.java:21)
at com.morningstar.testFacebook.MainFacebook.closeApp(MainFacebook.java:21)
at com.morningstar.testFacebook.MainFacebook.closeApp(MainFacebook.java:21)
at com.morningstar.testFacebook.MainFacebook.closeApp(MainFacebook.java:21)
at com.morningstar.testFacebook.MainFacebook.closeApp(MainFacebook.java:21)
at com.morningstar.testFacebook.MainFacebook.closeApp(MainFacebook.java:21)
at com.morningstar.testFacebook.MainFacebook.closeApp(MainFacebook.java:21)
at com.morningstar.testFacebook.MainFacebook.closeApp(MainFacebook.java:21)
at com.morningstar.testFacebook.MainFacebook.closeApp(MainFacebook.java:21)
at com.morningstar.testFacebook.MainFacebook.closeApp(MainFacebook.java:21)
at com.morningstar.testFacebook.MainFacebook.closeApp(MainFacebook.java:21)
at com.morningstar.testFacebook.MainFacebook.closeApp(MainFacebook.java:21)
at com.morningstar.testFacebook.MainFacebook.closeApp(MainFacebook.java:21)
at com.morningstar.testFacebook.MainFacebook.closeApp(MainFacebook.java:21)
at com.morningstar.testFacebook.MainFacebook.closeApp(MainFacebook.java:21)
at com.morningstar.testFacebook.MainFacebook.closeApp(MainFacebook.java:21)
at com.morningstar.testFacebook.MainFacebook.closeApp(MainFacebook.java:21)
at com.morningstar.testFacebook.MainFacebook.closeApp(MainFacebook.java:21)
at com.morningstar.testFacebook.MainFacebook.closeApp(MainFacebook.java:21)
at com.morningstar.testFacebook.MainFacebook.closeApp(MainFacebook.java:21)
at com.morningstar.testFacebook.MainFacebook.closeApp(MainFacebook.java:21)
at com.morningstar.testFacebook.MainFacebook.closeApp(MainFacebook.java:21)
at com.morningstar.testFacebook.MainFacebook.closeApp(MainFacebook.java:21)
at com.morningstar.testFacebook.MainFacebook.closeApp(MainFacebook.java:21)
at com.morningstar.testFacebook.MainFacebook.closeApp(MainFacebook.java:21)
at com.morningstar.testFacebook.MainFacebook.closeApp(MainFacebook.java:21)
at com.morningstar.testFacebook.MainFacebook.closeApp(MainFacebook.java:21)
at com.morningstar.testFacebook.MainFacebook.closeApp(MainFacebook.java:21)
at com.morningstar.testFacebook.MainFacebook.closeApp(MainFacebook.java:21)
at com.morningstar.testFacebook.MainFacebook.closeApp(MainFacebook.java:21)
at com.morningstar.testFacebook.MainFacebook.closeApp(MainFacebook.java:21)
at com.morningstar.testFacebook.MainFacebook.closeApp(MainFacebook.java:21)
at com.morningstar.testFacebook.MainFacebook.closeApp(MainFacebook.java:21)
at com.morningstar.testFacebook.MainFacebook.closeApp(MainFacebook.java:21)
at com.morningstar.testFacebook.MainFacebook.closeApp(MainFacebook.java:21)
at com.morningstar.testFacebook.MainFacebook.closeApp(MainFacebook.java:21)
at com.morningstar.testFacebook.MainFacebook.closeApp(MainFacebook.java:21)
at com.morningstar.testFacebook.MainFacebook.closeApp(MainFacebook.java:21)
at com.morningstar.testFacebook.MainFacebook.closeApp(MainFacebook.java:21)
at com.morningstar.testFacebook.MainFacebook.closeApp(MainFacebook.java:21)
at com.morningstar.testFacebook.MainFacebook.closeApp(MainFacebook.java:21)
at com.morningstar.testFacebook.MainFacebook.closeApp(MainFacebook.java:21)
at com.morningstar.testFacebook.MainFacebook.closeApp(MainFacebook.java:21)
at com.morningstar.testFacebook.MainFacebook.closeApp(MainFacebook.java:21)
at com.morningstar.testFacebook.MainFacebook.closeApp(MainFacebook.java:21)
at com.morningstar.testFacebook.MainFacebook.closeApp(MainFacebook.java:21)
at com.morningstar.testFacebook.MainFacebook.closeApp(MainFacebook.java:21)
at com.morningstar.testFacebook.MainFacebook.closeApp(MainFacebook.java:21)
at com.morningstar.testFacebook.MainFacebook.closeApp(MainFacebook.java:21)
at com.morningstar.testFacebook.MainFacebook.closeApp(MainFacebook.java:21)
at com.morningstar.testFacebook.MainFacebook.closeApp(MainFacebook.java:21)
at com.morningstar.testFacebook.MainFacebook.closeApp(MainFacebook.java:21)
at com.morningstar.testFacebook.MainFacebook.closeApp(MainFacebook.java:21)
at com.morningstar.testFacebook.MainFacebook.closeApp(MainFacebook.java:21)
at com.morningstar.testFacebook.MainFacebook.closeApp(MainFacebook.java:21)
at com.morningstar.testFacebook.MainFacebook.closeApp(MainFacebook.java:21)
at com.morningstar.testFacebook.MainFacebook.closeApp(MainFacebook.java:21)
at com.morningstar.testFacebook.MainFacebook.closeApp(MainFacebook.java:21)
at com.morningstar.testFacebook.MainFacebook.closeApp(MainFacebook.java:21)
at com.morningstar.testFacebook.MainFacebook.closeApp(MainFacebook.java:21)
at com.morningstar.testFacebook.MainFacebook.closeApp(MainFacebook.java:21)
at com.morningstar.testFacebook.MainFacebook.closeApp(MainFacebook.java:21)
at com.morningstar.testFacebook.MainFacebook.closeApp(MainFacebook.java:21)
at com.morningstar.testFacebook.MainFacebook.closeApp(MainFacebook.java:21)
at com.morningstar.testFacebook.MainFacebook.closeApp(MainFacebook.java:21)
at com.morningstar.testFacebook.MainFacebook.closeApp(MainFacebook.java:21)
at com.morningstar.testFacebook.MainFacebook.closeApp(MainFacebook.java:21)
at com.morningstar.testFacebook.MainFacebook.closeApp(MainFacebook.java:21)
at com.morningstar.testFacebook.MainFacebook.closeApp(MainFacebook.java:21)
at com.morningstar.testFacebook.MainFacebook.closeApp(MainFacebook.java:21)
at com.morningstar.testFacebook.MainFacebook.closeApp(MainFacebook.java:21)
at com.morningstar.testFacebook.MainFacebook.closeApp(MainFacebook.java:21)
at com.morningstar.testFacebook.MainFacebook.closeApp(MainFacebook.java:21)
at com.morningstar.testFacebook.MainFacebook.closeApp(MainFacebook.java:21)
at com.morningstar.testFacebook.MainFacebook.closeApp(MainFacebook.java:21)
at com.morningstar.testFacebook.MainFacebook.closeApp(MainFacebook.java:21)
at com.morningstar.testFacebook.MainFacebook.closeApp(MainFacebook.java:21)
at com.morningstar.testFacebook.MainFacebook.closeApp(MainFacebook.java:21)
at com.morningstar.testFacebook.MainFacebook.closeApp(MainFacebook.java:21)
at com.morningstar.testFacebook.MainFacebook.closeApp(MainFacebook.java:21)
at com.morningstar.testFacebook.MainFacebook.closeApp(MainFacebook.java:21)
at com.morningstar.testFacebook.MainFacebook.closeApp(MainFacebook.java:21)
at com.morningstar.testFacebook.MainFacebook.closeApp(MainFacebook.java:21)
at com.morningstar.testFacebook.MainFacebook.closeApp(MainFacebook.java:21)
at com.morningstar.testFacebook.MainFacebook.closeApp(MainFacebook.java:21)
at com.morningstar.testFacebook.MainFacebook.closeApp(MainFacebook.java:21)
at com.morningstar.testFacebook.MainFacebook.closeApp(MainFacebook.java:21)
at com.morningstar.testFacebook.MainFacebook.closeApp(MainFacebook.java:21)
at com.morningstar.testFacebook.MainFacebook.closeApp(MainFacebook.java:21)
at com.morningstar.testFacebook.MainFacebook.closeApp(MainFacebook.java:21)
at com.morningstar.testFacebook.MainFacebook.closeApp(MainFacebook.java:21)
at com.morningstar.testFacebook.MainFacebook.closeApp(MainFacebook.java:21)
at com.morningstar.testFacebook.MainFacebook.closeApp(MainFacebook.java:21)
at com.morningstar.testFacebook.MainFacebook.closeApp(MainFacebook.java:21)
at com.morningstar.testFacebook.MainFacebook.closeApp(MainFacebook.java:21)
at com.morningstar.testFacebook.MainFacebook.closeApp(MainFacebook.java:21)
at com.morningstar.testFacebook.MainFacebook.closeApp(MainFacebook.java:21)
at com.morningstar.testFacebook.MainFacebook.closeApp(MainFacebook.java:21)
at com.morningstar.testFacebook.MainFacebook.closeApp(MainFacebook.java:21)
at com.morningstar.testFacebook.MainFacebook.closeApp(MainFacebook.java:21)
at com.morningstar.testFacebook.MainFacebook.closeApp(MainFacebook.java:21)
at com.morningstar.testFacebook.MainFacebook.closeApp(MainFacebook.java:21)
at com.morningstar.testFacebook.MainFacebook.closeApp(MainFacebook.java:21)
at com.morningstar.testFacebook.MainFacebook.closeApp(MainFacebook.java:21)
at com.morningstar.testFacebook.MainFacebook.closeApp(MainFacebook.java:21)
at com.morningstar.testFacebook.MainFacebook.closeApp(MainFacebook.java:21)
at com.morningstar.testFacebook.MainFacebook.closeApp(MainFacebook.java:21)
at com.morningstar.testFacebook.MainFacebook.closeApp(MainFacebook.java:21)
at com.morningstar.testFacebook.MainFacebook.closeApp(MainFacebook.java:21)
at com.morningstar.testFacebook.MainFacebook.closeApp(MainFacebook.java:21)
at com.morningstar.testFacebook.MainFacebook.closeApp(MainFacebook.java:21)
at com.morningstar.testFacebook.MainFacebook.closeApp(MainFacebook.java:21)
at com.morningstar.testFacebook.MainFacebook.closeApp(MainFacebook.java:21)
at com.morningstar.testFacebook.MainFacebook.closeApp(MainFacebook.java:21)
at com.morningstar.testFacebook.MainFacebook.closeApp(MainFacebook.java:21)
at com.morningstar.testFacebook.MainFacebook.closeApp(MainFacebook.java:21)
at com.morningstar.testFacebook.MainFacebook.closeApp(MainFacebook.java:21)
at com.morningstar.testFacebook.MainFacebook.closeApp(MainFacebook.java:21)
at com.morningstar.testFacebook.MainFacebook.closeApp(MainFacebook.java:21)
at com.morningstar.testFacebook.MainFacebook.closeApp(MainFacebook.java:21)
at com.morningstar.testFacebook.MainFacebook.closeApp(MainFacebook.java:21)
at com.morningstar.testFacebook.MainFacebook.closeApp(MainFacebook.java:21)
at com.morningstar.testFacebook.MainFacebook.closeApp(MainFacebook.java:21)
at com.morningstar.testFacebook.MainFacebook.closeApp(MainFacebook.java:21)
at com.morningstar.testFacebook.MainFacebook.closeApp(MainFacebook.java:21)
at com.morningstar.testFacebook.MainFacebook.closeApp(MainFacebook.java:21)
at com.morningstar.testFacebook.MainFacebook.closeApp(MainFacebook.java:21)
at com.morningstar.testFacebook.MainFacebook.closeApp(MainFacebook.java:21)
at com.morningstar.testFacebook.MainFacebook.closeApp(MainFacebook.java:21)
at com.morningstar.testFacebook.MainFacebook.closeApp(MainFacebook.java:21)
at com.morningstar.testFacebook.MainFacebook.closeApp(MainFacebook.java:21)
at com.morningstar.testFacebook.MainFacebook.closeApp(MainFacebook.java:21)
at com.morningstar.testFacebook.MainFacebook.closeApp(MainFacebook.java:21)
at com.morningstar.testFacebook.MainFacebook.closeApp(MainFacebook.java:21)
at com.morningstar.testFacebook.MainFacebook.closeApp(MainFacebook.java:21)
at com.morningstar.testFacebook.MainFacebook.closeApp(MainFacebook.java:21)
at com.morningstar.testFacebook.MainFacebook.closeApp(MainFacebook.java:21)
at com.morningstar.testFacebook.MainFacebook.closeApp(MainFacebook.java:21)
at com.morningstar.testFacebook.MainFacebook.closeApp(MainFacebook.java:21)
at com.morningstar.testFacebook.MainFacebook.closeApp(MainFacebook.java:21)
at com.morningstar.testFacebook.MainFacebook.closeApp(MainFacebook.java:21)
at com.morningstar.testFacebook.MainFacebook.closeApp(MainFacebook.java:21)
at com.morningstar.testFacebook.MainFacebook.closeApp(MainFacebook.java:21)
at com.morningstar.testFacebook.MainFacebook.closeApp(MainFacebook.java:21)
at com.morningstar.testFacebook.MainFacebook.closeApp(MainFacebook.java:21)
at com.morningstar.testFacebook.MainFacebook.closeApp(MainFacebook.java:21)
at com.morningstar.testFacebook.MainFacebook.closeApp(MainFacebook.java:21)
at com.morningstar.testFacebook.MainFacebook.closeApp(MainFacebook.java:21)
at com.morningstar.testFacebook.MainFacebook.closeApp(MainFacebook.java:21)
at com.morningstar.testFacebook.MainFacebook.closeApp(MainFacebook.java:21)
at com.morningstar.testFacebook.MainFacebook.closeApp(MainFacebook.java:21)
at com.morningstar.testFacebook.MainFacebook.closeApp(MainFacebook.java:21)
at com.morningstar.testFacebook.MainFacebook.closeApp(MainFacebook.java:21)
at com.morningstar.testFacebook.MainFacebook.closeApp(MainFacebook.java:21)
at com.morningstar.testFacebook.MainFacebook.closeApp(MainFacebook.java:21)
at com.morningstar.testFacebook.MainFacebook.closeApp(MainFacebook.java:21)
at com.morningstar.testFacebook.MainFacebook.closeApp(MainFacebook.java:21)
at com.morningstar.testFacebook.MainFacebook.closeApp(MainFacebook.java:21)
at com.morningstar.testFacebook.MainFacebook.closeApp(MainFacebook.java:21)
at com.morningstar.testFacebook.MainFacebook.closeApp(MainFacebook.java:21)
at com.morningstar.testFacebook.MainFacebook.closeApp(MainFacebook.java:21)
at com.morningstar.testFacebook.MainFacebook.closeApp(MainFacebook.java:21)
]]>
    </error>
  </testcase> <!-- closeApp -->
  <system-out/>
</testsuite> <!-- com.morningstar.testFacebook.MainFacebook -->
