<?xml version="1.0" encoding="UTF-8"?>
<!-- Generated by org.testng.reporters.JUnitReportReporter -->
<testsuite hostname="LAPTOP-CO6233UV" failures="0" tests="1" name="com.morningstar.testNG.DependsOnGroups" time="0.008" errors="0" timestamp="2022-06-17T16:56:05 IST" skipped="0">
  <testcase classname="com.morningstar.testNG.DependsOnGroups" name="testCase1" time="0.008"/>
  <system-out/>
</testsuite> <!-- com.morningstar.testNG.DependsOnGroups -->
