<?xml version="1.0" encoding="UTF-8"?>
<!-- Generated by org.testng.reporters.JUnitReportReporter -->
<testsuite hostname="LAPTOP-CO6233UV" failures="0" tests="3" name="com.morningstar.testNG.ParallelExecution" time="0.012" errors="0" timestamp="2022-06-17T12:37:36 IST" skipped="0">
  <testcase classname="com.morningstar.testNG.ParallelExecution" name="testCase1" time="0.008"/>
  <system-out/>
  <testcase classname="com.morningstar.testNG.ParallelExecution" name="testCase3" time="0.002"/>
  <system-out/>
  <testcase classname="com.morningstar.testNG.ParallelExecution" name="testCase2" time="0.002"/>
  <system-out/>
</testsuite> <!-- com.morningstar.testNG.ParallelExecution -->
