<?xml version="1.0" encoding="UTF-8"?>
<!-- Generated by org.testng.reporters.JUnitReportReporter -->
<testsuite hostname="LAPTOP-CO6233UV" failures="0" tests="2" name="com.morningstar.testNG.OrangeHTRMTestCase1" time="13.389" errors="1" timestamp="2022-06-17T14:55:25 IST" skipped="0">
  <testcase classname="com.morningstar.testNG.OrangeHTRMTestCase1" name="login" time="13.369"/>
  <system-out/>
  <testcase classname="com.morningstar.testNG.OrangeHTRMTestCase1" name="closeApp" time="0.020">
    <error type="java.lang.StackOverflowError">
      <![CDATA[java.lang.StackOverflowError
at com.morningstar.testNG.OrangeHTRMTestCase1.closeApp(OrangeHTRMTestCase1.java:24)
at com.morningstar.testNG.OrangeHTRMTestCase1.closeApp(OrangeHTRMTestCase1.java:24)
at com.morningstar.testNG.OrangeHTRMTestCase1.closeApp(OrangeHTRMTestCase1.java:24)
at com.morningstar.testNG.OrangeHTRMTestCase1.closeApp(OrangeHTRMTestCase1.java:24)
at com.morningstar.testNG.OrangeHTRMTestCase1.closeApp(OrangeHTRMTestCase1.java:24)
at com.morningstar.testNG.OrangeHTRMTestCase1.closeApp(OrangeHTRMTestCase1.java:24)
at com.morningstar.testNG.OrangeHTRMTestCase1.closeApp(OrangeHTRMTestCase1.java:24)
at com.morningstar.testNG.OrangeHTRMTestCase1.closeApp(OrangeHTRMTestCase1.java:24)
at com.morningstar.testNG.OrangeHTRMTestCase1.closeApp(OrangeHTRMTestCase1.java:24)
at com.morningstar.testNG.OrangeHTRMTestCase1.closeApp(OrangeHTRMTestCase1.java:24)
at com.morningstar.testNG.OrangeHTRMTestCase1.closeApp(OrangeHTRMTestCase1.java:24)
at com.morningstar.testNG.OrangeHTRMTestCase1.closeApp(OrangeHTRMTestCase1.java:24)
at com.morningstar.testNG.OrangeHTRMTestCase1.closeApp(OrangeHTRMTestCase1.java:24)
at com.morningstar.testNG.OrangeHTRMTestCase1.closeApp(OrangeHTRMTestCase1.java:24)
at com.morningstar.testNG.OrangeHTRMTestCase1.closeApp(OrangeHTRMTestCase1.java:24)
at com.morningstar.testNG.OrangeHTRMTestCase1.closeApp(OrangeHTRMTestCase1.java:24)
at com.morningstar.testNG.OrangeHTRMTestCase1.closeApp(OrangeHTRMTestCase1.java:24)
at com.morningstar.testNG.OrangeHTRMTestCase1.closeApp(OrangeHTRMTestCase1.java:24)
at com.morningstar.testNG.OrangeHTRMTestCase1.closeApp(OrangeHTRMTestCase1.java:24)
at com.morningstar.testNG.OrangeHTRMTestCase1.closeApp(OrangeHTRMTestCase1.java:24)
at com.morningstar.testNG.OrangeHTRMTestCase1.closeApp(OrangeHTRMTestCase1.java:24)
at com.morningstar.testNG.OrangeHTRMTestCase1.closeApp(OrangeHTRMTestCase1.java:24)
at com.morningstar.testNG.OrangeHTRMTestCase1.closeApp(OrangeHTRMTestCase1.java:24)
at com.morningstar.testNG.OrangeHTRMTestCase1.closeApp(OrangeHTRMTestCase1.java:24)
at com.morningstar.testNG.OrangeHTRMTestCase1.closeApp(OrangeHTRMTestCase1.java:24)
at com.morningstar.testNG.OrangeHTRMTestCase1.closeApp(OrangeHTRMTestCase1.java:24)
at com.morningstar.testNG.OrangeHTRMTestCase1.closeApp(OrangeHTRMTestCase1.java:24)
at com.morningstar.testNG.OrangeHTRMTestCase1.closeApp(OrangeHTRMTestCase1.java:24)
at com.morningstar.testNG.OrangeHTRMTestCase1.closeApp(OrangeHTRMTestCase1.java:24)
at com.morningstar.testNG.OrangeHTRMTestCase1.closeApp(OrangeHTRMTestCase1.java:24)
at com.morningstar.testNG.OrangeHTRMTestCase1.closeApp(OrangeHTRMTestCase1.java:24)
at com.morningstar.testNG.OrangeHTRMTestCase1.closeApp(OrangeHTRMTestCase1.java:24)
at com.morningstar.testNG.OrangeHTRMTestCase1.closeApp(OrangeHTRMTestCase1.java:24)
at com.morningstar.testNG.OrangeHTRMTestCase1.closeApp(OrangeHTRMTestCase1.java:24)
at com.morningstar.testNG.OrangeHTRMTestCase1.closeApp(OrangeHTRMTestCase1.java:24)
at com.morningstar.testNG.OrangeHTRMTestCase1.closeApp(OrangeHTRMTestCase1.java:24)
at com.morningstar.testNG.OrangeHTRMTestCase1.closeApp(OrangeHTRMTestCase1.java:24)
at com.morningstar.testNG.OrangeHTRMTestCase1.closeApp(OrangeHTRMTestCase1.java:24)
at com.morningstar.testNG.OrangeHTRMTestCase1.closeApp(OrangeHTRMTestCase1.java:24)
at com.morningstar.testNG.OrangeHTRMTestCase1.closeApp(OrangeHTRMTestCase1.java:24)
at com.morningstar.testNG.OrangeHTRMTestCase1.closeApp(OrangeHTRMTestCase1.java:24)
at com.morningstar.testNG.OrangeHTRMTestCase1.closeApp(OrangeHTRMTestCase1.java:24)
at com.morningstar.testNG.OrangeHTRMTestCase1.closeApp(OrangeHTRMTestCase1.java:24)
at com.morningstar.testNG.OrangeHTRMTestCase1.closeApp(OrangeHTRMTestCase1.java:24)
at com.morningstar.testNG.OrangeHTRMTestCase1.closeApp(OrangeHTRMTestCase1.java:24)
at com.morningstar.testNG.OrangeHTRMTestCase1.closeApp(OrangeHTRMTestCase1.java:24)
at com.morningstar.testNG.OrangeHTRMTestCase1.closeApp(OrangeHTRMTestCase1.java:24)
at com.morningstar.testNG.OrangeHTRMTestCase1.closeApp(OrangeHTRMTestCase1.java:24)
at com.morningstar.testNG.OrangeHTRMTestCase1.closeApp(OrangeHTRMTestCase1.java:24)
at com.morningstar.testNG.OrangeHTRMTestCase1.closeApp(OrangeHTRMTestCase1.java:24)
at com.morningstar.testNG.OrangeHTRMTestCase1.closeApp(OrangeHTRMTestCase1.java:24)
at com.morningstar.testNG.OrangeHTRMTestCase1.closeApp(OrangeHTRMTestCase1.java:24)
at com.morningstar.testNG.OrangeHTRMTestCase1.closeApp(OrangeHTRMTestCase1.java:24)
at com.morningstar.testNG.OrangeHTRMTestCase1.closeApp(OrangeHTRMTestCase1.java:24)
at com.morningstar.testNG.OrangeHTRMTestCase1.closeApp(OrangeHTRMTestCase1.java:24)
at com.morningstar.testNG.OrangeHTRMTestCase1.closeApp(OrangeHTRMTestCase1.java:24)
at com.morningstar.testNG.OrangeHTRMTestCase1.closeApp(OrangeHTRMTestCase1.java:24)
at com.morningstar.testNG.OrangeHTRMTestCase1.closeApp(OrangeHTRMTestCase1.java:24)
at com.morningstar.testNG.OrangeHTRMTestCase1.closeApp(OrangeHTRMTestCase1.java:24)
at com.morningstar.testNG.OrangeHTRMTestCase1.closeApp(OrangeHTRMTestCase1.java:24)
at com.morningstar.testNG.OrangeHTRMTestCase1.closeApp(OrangeHTRMTestCase1.java:24)
at com.morningstar.testNG.OrangeHTRMTestCase1.closeApp(OrangeHTRMTestCase1.java:24)
at com.morningstar.testNG.OrangeHTRMTestCase1.closeApp(OrangeHTRMTestCase1.java:24)
at com.morningstar.testNG.OrangeHTRMTestCase1.closeApp(OrangeHTRMTestCase1.java:24)
at com.morningstar.testNG.OrangeHTRMTestCase1.closeApp(OrangeHTRMTestCase1.java:24)
at com.morningstar.testNG.OrangeHTRMTestCase1.closeApp(OrangeHTRMTestCase1.java:24)
at com.morningstar.testNG.OrangeHTRMTestCase1.closeApp(OrangeHTRMTestCase1.java:24)
at com.morningstar.testNG.OrangeHTRMTestCase1.closeApp(OrangeHTRMTestCase1.java:24)
at com.morningstar.testNG.OrangeHTRMTestCase1.closeApp(OrangeHTRMTestCase1.java:24)
at com.morningstar.testNG.OrangeHTRMTestCase1.closeApp(OrangeHTRMTestCase1.java:24)
at com.morningstar.testNG.OrangeHTRMTestCase1.closeApp(OrangeHTRMTestCase1.java:24)
at com.morningstar.testNG.OrangeHTRMTestCase1.closeApp(OrangeHTRMTestCase1.java:24)
at com.morningstar.testNG.OrangeHTRMTestCase1.closeApp(OrangeHTRMTestCase1.java:24)
at com.morningstar.testNG.OrangeHTRMTestCase1.closeApp(OrangeHTRMTestCase1.java:24)
at com.morningstar.testNG.OrangeHTRMTestCase1.closeApp(OrangeHTRMTestCase1.java:24)
at com.morningstar.testNG.OrangeHTRMTestCase1.closeApp(OrangeHTRMTestCase1.java:24)
at com.morningstar.testNG.OrangeHTRMTestCase1.closeApp(OrangeHTRMTestCase1.java:24)
at com.morningstar.testNG.OrangeHTRMTestCase1.closeApp(OrangeHTRMTestCase1.java:24)
at com.morningstar.testNG.OrangeHTRMTestCase1.closeApp(OrangeHTRMTestCase1.java:24)
at com.morningstar.testNG.OrangeHTRMTestCase1.closeApp(OrangeHTRMTestCase1.java:24)
at com.morningstar.testNG.OrangeHTRMTestCase1.closeApp(OrangeHTRMTestCase1.java:24)
at com.morningstar.testNG.OrangeHTRMTestCase1.closeApp(OrangeHTRMTestCase1.java:24)
at com.morningstar.testNG.OrangeHTRMTestCase1.closeApp(OrangeHTRMTestCase1.java:24)
at com.morningstar.testNG.OrangeHTRMTestCase1.closeApp(OrangeHTRMTestCase1.java:24)
at com.morningstar.testNG.OrangeHTRMTestCase1.closeApp(OrangeHTRMTestCase1.java:24)
at com.morningstar.testNG.OrangeHTRMTestCase1.closeApp(OrangeHTRMTestCase1.java:24)
at com.morningstar.testNG.OrangeHTRMTestCase1.closeApp(OrangeHTRMTestCase1.java:24)
at com.morningstar.testNG.OrangeHTRMTestCase1.closeApp(OrangeHTRMTestCase1.java:24)
at com.morningstar.testNG.OrangeHTRMTestCase1.closeApp(OrangeHTRMTestCase1.java:24)
at com.morningstar.testNG.OrangeHTRMTestCase1.closeApp(OrangeHTRMTestCase1.java:24)
at com.morningstar.testNG.OrangeHTRMTestCase1.closeApp(OrangeHTRMTestCase1.java:24)
at com.morningstar.testNG.OrangeHTRMTestCase1.closeApp(OrangeHTRMTestCase1.java:24)
at com.morningstar.testNG.OrangeHTRMTestCase1.closeApp(OrangeHTRMTestCase1.java:24)
at com.morningstar.testNG.OrangeHTRMTestCase1.closeApp(OrangeHTRMTestCase1.java:24)
at com.morningstar.testNG.OrangeHTRMTestCase1.closeApp(OrangeHTRMTestCase1.java:24)
at com.morningstar.testNG.OrangeHTRMTestCase1.closeApp(OrangeHTRMTestCase1.java:24)
at com.morningstar.testNG.OrangeHTRMTestCase1.closeApp(OrangeHTRMTestCase1.java:24)
at com.morningstar.testNG.OrangeHTRMTestCase1.closeApp(OrangeHTRMTestCase1.java:24)
at com.morningstar.testNG.OrangeHTRMTestCase1.closeApp(OrangeHTRMTestCase1.java:24)
at com.morningstar.testNG.OrangeHTRMTestCase1.closeApp(OrangeHTRMTestCase1.java:24)
at com.morningstar.testNG.OrangeHTRMTestCase1.closeApp(OrangeHTRMTestCase1.java:24)
at com.morningstar.testNG.OrangeHTRMTestCase1.closeApp(OrangeHTRMTestCase1.java:24)
at com.morningstar.testNG.OrangeHTRMTestCase1.closeApp(OrangeHTRMTestCase1.java:24)
at com.morningstar.testNG.OrangeHTRMTestCase1.closeApp(OrangeHTRMTestCase1.java:24)
at com.morningstar.testNG.OrangeHTRMTestCase1.closeApp(OrangeHTRMTestCase1.java:24)
at com.morningstar.testNG.OrangeHTRMTestCase1.closeApp(OrangeHTRMTestCase1.java:24)
at com.morningstar.testNG.OrangeHTRMTestCase1.closeApp(OrangeHTRMTestCase1.java:24)
at com.morningstar.testNG.OrangeHTRMTestCase1.closeApp(OrangeHTRMTestCase1.java:24)
at com.morningstar.testNG.OrangeHTRMTestCase1.closeApp(OrangeHTRMTestCase1.java:24)
at com.morningstar.testNG.OrangeHTRMTestCase1.closeApp(OrangeHTRMTestCase1.java:24)
at com.morningstar.testNG.OrangeHTRMTestCase1.closeApp(OrangeHTRMTestCase1.java:24)
at com.morningstar.testNG.OrangeHTRMTestCase1.closeApp(OrangeHTRMTestCase1.java:24)
at com.morningstar.testNG.OrangeHTRMTestCase1.closeApp(OrangeHTRMTestCase1.java:24)
at com.morningstar.testNG.OrangeHTRMTestCase1.closeApp(OrangeHTRMTestCase1.java:24)
at com.morningstar.testNG.OrangeHTRMTestCase1.closeApp(OrangeHTRMTestCase1.java:24)
at com.morningstar.testNG.OrangeHTRMTestCase1.closeApp(OrangeHTRMTestCase1.java:24)
at com.morningstar.testNG.OrangeHTRMTestCase1.closeApp(OrangeHTRMTestCase1.java:24)
at com.morningstar.testNG.OrangeHTRMTestCase1.closeApp(OrangeHTRMTestCase1.java:24)
at com.morningstar.testNG.OrangeHTRMTestCase1.closeApp(OrangeHTRMTestCase1.java:24)
at com.morningstar.testNG.OrangeHTRMTestCase1.closeApp(OrangeHTRMTestCase1.java:24)
at com.morningstar.testNG.OrangeHTRMTestCase1.closeApp(OrangeHTRMTestCase1.java:24)
at com.morningstar.testNG.OrangeHTRMTestCase1.closeApp(OrangeHTRMTestCase1.java:24)
at com.morningstar.testNG.OrangeHTRMTestCase1.closeApp(OrangeHTRMTestCase1.java:24)
at com.morningstar.testNG.OrangeHTRMTestCase1.closeApp(OrangeHTRMTestCase1.java:24)
at com.morningstar.testNG.OrangeHTRMTestCase1.closeApp(OrangeHTRMTestCase1.java:24)
at com.morningstar.testNG.OrangeHTRMTestCase1.closeApp(OrangeHTRMTestCase1.java:24)
at com.morningstar.testNG.OrangeHTRMTestCase1.closeApp(OrangeHTRMTestCase1.java:24)
at com.morningstar.testNG.OrangeHTRMTestCase1.closeApp(OrangeHTRMTestCase1.java:24)
at com.morningstar.testNG.OrangeHTRMTestCase1.closeApp(OrangeHTRMTestCase1.java:24)
at com.morningstar.testNG.OrangeHTRMTestCase1.closeApp(OrangeHTRMTestCase1.java:24)
at com.morningstar.testNG.OrangeHTRMTestCase1.closeApp(OrangeHTRMTestCase1.java:24)
at com.morningstar.testNG.OrangeHTRMTestCase1.closeApp(OrangeHTRMTestCase1.java:24)
at com.morningstar.testNG.OrangeHTRMTestCase1.closeApp(OrangeHTRMTestCase1.java:24)
at com.morningstar.testNG.OrangeHTRMTestCase1.closeApp(OrangeHTRMTestCase1.java:24)
at com.morningstar.testNG.OrangeHTRMTestCase1.closeApp(OrangeHTRMTestCase1.java:24)
at com.morningstar.testNG.OrangeHTRMTestCase1.closeApp(OrangeHTRMTestCase1.java:24)
at com.morningstar.testNG.OrangeHTRMTestCase1.closeApp(OrangeHTRMTestCase1.java:24)
at com.morningstar.testNG.OrangeHTRMTestCase1.closeApp(OrangeHTRMTestCase1.java:24)
at com.morningstar.testNG.OrangeHTRMTestCase1.closeApp(OrangeHTRMTestCase1.java:24)
at com.morningstar.testNG.OrangeHTRMTestCase1.closeApp(OrangeHTRMTestCase1.java:24)
at com.morningstar.testNG.OrangeHTRMTestCase1.closeApp(OrangeHTRMTestCase1.java:24)
at com.morningstar.testNG.OrangeHTRMTestCase1.closeApp(OrangeHTRMTestCase1.java:24)
at com.morningstar.testNG.OrangeHTRMTestCase1.closeApp(OrangeHTRMTestCase1.java:24)
at com.morningstar.testNG.OrangeHTRMTestCase1.closeApp(OrangeHTRMTestCase1.java:24)
at com.morningstar.testNG.OrangeHTRMTestCase1.closeApp(OrangeHTRMTestCase1.java:24)
at com.morningstar.testNG.OrangeHTRMTestCase1.closeApp(OrangeHTRMTestCase1.java:24)
at com.morningstar.testNG.OrangeHTRMTestCase1.closeApp(OrangeHTRMTestCase1.java:24)
at com.morningstar.testNG.OrangeHTRMTestCase1.closeApp(OrangeHTRMTestCase1.java:24)
at com.morningstar.testNG.OrangeHTRMTestCase1.closeApp(OrangeHTRMTestCase1.java:24)
at com.morningstar.testNG.OrangeHTRMTestCase1.closeApp(OrangeHTRMTestCase1.java:24)
at com.morningstar.testNG.OrangeHTRMTestCase1.closeApp(OrangeHTRMTestCase1.java:24)
at com.morningstar.testNG.OrangeHTRMTestCase1.closeApp(OrangeHTRMTestCase1.java:24)
at com.morningstar.testNG.OrangeHTRMTestCase1.closeApp(OrangeHTRMTestCase1.java:24)
at com.morningstar.testNG.OrangeHTRMTestCase1.closeApp(OrangeHTRMTestCase1.java:24)
at com.morningstar.testNG.OrangeHTRMTestCase1.closeApp(OrangeHTRMTestCase1.java:24)
at com.morningstar.testNG.OrangeHTRMTestCase1.closeApp(OrangeHTRMTestCase1.java:24)
at com.morningstar.testNG.OrangeHTRMTestCase1.closeApp(OrangeHTRMTestCase1.java:24)
at com.morningstar.testNG.OrangeHTRMTestCase1.closeApp(OrangeHTRMTestCase1.java:24)
at com.morningstar.testNG.OrangeHTRMTestCase1.closeApp(OrangeHTRMTestCase1.java:24)
at com.morningstar.testNG.OrangeHTRMTestCase1.closeApp(OrangeHTRMTestCase1.java:24)
at com.morningstar.testNG.OrangeHTRMTestCase1.closeApp(OrangeHTRMTestCase1.java:24)
at com.morningstar.testNG.OrangeHTRMTestCase1.closeApp(OrangeHTRMTestCase1.java:24)
at com.morningstar.testNG.OrangeHTRMTestCase1.closeApp(OrangeHTRMTestCase1.java:24)
at com.morningstar.testNG.OrangeHTRMTestCase1.closeApp(OrangeHTRMTestCase1.java:24)
at com.morningstar.testNG.OrangeHTRMTestCase1.closeApp(OrangeHTRMTestCase1.java:24)
at com.morningstar.testNG.OrangeHTRMTestCase1.closeApp(OrangeHTRMTestCase1.java:24)
at com.morningstar.testNG.OrangeHTRMTestCase1.closeApp(OrangeHTRMTestCase1.java:24)
at com.morningstar.testNG.OrangeHTRMTestCase1.closeApp(OrangeHTRMTestCase1.java:24)
at com.morningstar.testNG.OrangeHTRMTestCase1.closeApp(OrangeHTRMTestCase1.java:24)
at com.morningstar.testNG.OrangeHTRMTestCase1.closeApp(OrangeHTRMTestCase1.java:24)
at com.morningstar.testNG.OrangeHTRMTestCase1.closeApp(OrangeHTRMTestCase1.java:24)
at com.morningstar.testNG.OrangeHTRMTestCase1.closeApp(OrangeHTRMTestCase1.java:24)
at com.morningstar.testNG.OrangeHTRMTestCase1.closeApp(OrangeHTRMTestCase1.java:24)
at com.morningstar.testNG.OrangeHTRMTestCase1.closeApp(OrangeHTRMTestCase1.java:24)
at com.morningstar.testNG.OrangeHTRMTestCase1.closeApp(OrangeHTRMTestCase1.java:24)
at com.morningstar.testNG.OrangeHTRMTestCase1.closeApp(OrangeHTRMTestCase1.java:24)
at com.morningstar.testNG.OrangeHTRMTestCase1.closeApp(OrangeHTRMTestCase1.java:24)
at com.morningstar.testNG.OrangeHTRMTestCase1.closeApp(OrangeHTRMTestCase1.java:24)
at com.morningstar.testNG.OrangeHTRMTestCase1.closeApp(OrangeHTRMTestCase1.java:24)
at com.morningstar.testNG.OrangeHTRMTestCase1.closeApp(OrangeHTRMTestCase1.java:24)
at com.morningstar.testNG.OrangeHTRMTestCase1.closeApp(OrangeHTRMTestCase1.java:24)
at com.morningstar.testNG.OrangeHTRMTestCase1.closeApp(OrangeHTRMTestCase1.java:24)
at com.morningstar.testNG.OrangeHTRMTestCase1.closeApp(OrangeHTRMTestCase1.java:24)
at com.morningstar.testNG.OrangeHTRMTestCase1.closeApp(OrangeHTRMTestCase1.java:24)
at com.morningstar.testNG.OrangeHTRMTestCase1.closeApp(OrangeHTRMTestCase1.java:24)
at com.morningstar.testNG.OrangeHTRMTestCase1.closeApp(OrangeHTRMTestCase1.java:24)
at com.morningstar.testNG.OrangeHTRMTestCase1.closeApp(OrangeHTRMTestCase1.java:24)
at com.morningstar.testNG.OrangeHTRMTestCase1.closeApp(OrangeHTRMTestCase1.java:24)
at com.morningstar.testNG.OrangeHTRMTestCase1.closeApp(OrangeHTRMTestCase1.java:24)
at com.morningstar.testNG.OrangeHTRMTestCase1.closeApp(OrangeHTRMTestCase1.java:24)
at com.morningstar.testNG.OrangeHTRMTestCase1.closeApp(OrangeHTRMTestCase1.java:24)
at com.morningstar.testNG.OrangeHTRMTestCase1.closeApp(OrangeHTRMTestCase1.java:24)
at com.morningstar.testNG.OrangeHTRMTestCase1.closeApp(OrangeHTRMTestCase1.java:24)
at com.morningstar.testNG.OrangeHTRMTestCase1.closeApp(OrangeHTRMTestCase1.java:24)
at com.morningstar.testNG.OrangeHTRMTestCase1.closeApp(OrangeHTRMTestCase1.java:24)
at com.morningstar.testNG.OrangeHTRMTestCase1.closeApp(OrangeHTRMTestCase1.java:24)
at com.morningstar.testNG.OrangeHTRMTestCase1.closeApp(OrangeHTRMTestCase1.java:24)
at com.morningstar.testNG.OrangeHTRMTestCase1.closeApp(OrangeHTRMTestCase1.java:24)
at com.morningstar.testNG.OrangeHTRMTestCase1.closeApp(OrangeHTRMTestCase1.java:24)
at com.morningstar.testNG.OrangeHTRMTestCase1.closeApp(OrangeHTRMTestCase1.java:24)
at com.morningstar.testNG.OrangeHTRMTestCase1.closeApp(OrangeHTRMTestCase1.java:24)
at com.morningstar.testNG.OrangeHTRMTestCase1.closeApp(OrangeHTRMTestCase1.java:24)
at com.morningstar.testNG.OrangeHTRMTestCase1.closeApp(OrangeHTRMTestCase1.java:24)
at com.morningstar.testNG.OrangeHTRMTestCase1.closeApp(OrangeHTRMTestCase1.java:24)
at com.morningstar.testNG.OrangeHTRMTestCase1.closeApp(OrangeHTRMTestCase1.java:24)
at com.morningstar.testNG.OrangeHTRMTestCase1.closeApp(OrangeHTRMTestCase1.java:24)
at com.morningstar.testNG.OrangeHTRMTestCase1.closeApp(OrangeHTRMTestCase1.java:24)
at com.morningstar.testNG.OrangeHTRMTestCase1.closeApp(OrangeHTRMTestCase1.java:24)
at com.morningstar.testNG.OrangeHTRMTestCase1.closeApp(OrangeHTRMTestCase1.java:24)
at com.morningstar.testNG.OrangeHTRMTestCase1.closeApp(OrangeHTRMTestCase1.java:24)
at com.morningstar.testNG.OrangeHTRMTestCase1.closeApp(OrangeHTRMTestCase1.java:24)
at com.morningstar.testNG.OrangeHTRMTestCase1.closeApp(OrangeHTRMTestCase1.java:24)
at com.morningstar.testNG.OrangeHTRMTestCase1.closeApp(OrangeHTRMTestCase1.java:24)
at com.morningstar.testNG.OrangeHTRMTestCase1.closeApp(OrangeHTRMTestCase1.java:24)
at com.morningstar.testNG.OrangeHTRMTestCase1.closeApp(OrangeHTRMTestCase1.java:24)
at com.morningstar.testNG.OrangeHTRMTestCase1.closeApp(OrangeHTRMTestCase1.java:24)
at com.morningstar.testNG.OrangeHTRMTestCase1.closeApp(OrangeHTRMTestCase1.java:24)
at com.morningstar.testNG.OrangeHTRMTestCase1.closeApp(OrangeHTRMTestCase1.java:24)
at com.morningstar.testNG.OrangeHTRMTestCase1.closeApp(OrangeHTRMTestCase1.java:24)
at com.morningstar.testNG.OrangeHTRMTestCase1.closeApp(OrangeHTRMTestCase1.java:24)
at com.morningstar.testNG.OrangeHTRMTestCase1.closeApp(OrangeHTRMTestCase1.java:24)
at com.morningstar.testNG.OrangeHTRMTestCase1.closeApp(OrangeHTRMTestCase1.java:24)
at com.morningstar.testNG.OrangeHTRMTestCase1.closeApp(OrangeHTRMTestCase1.java:24)
at com.morningstar.testNG.OrangeHTRMTestCase1.closeApp(OrangeHTRMTestCase1.java:24)
at com.morningstar.testNG.OrangeHTRMTestCase1.closeApp(OrangeHTRMTestCase1.java:24)
at com.morningstar.testNG.OrangeHTRMTestCase1.closeApp(OrangeHTRMTestCase1.java:24)
at com.morningstar.testNG.OrangeHTRMTestCase1.closeApp(OrangeHTRMTestCase1.java:24)
at com.morningstar.testNG.OrangeHTRMTestCase1.closeApp(OrangeHTRMTestCase1.java:24)
at com.morningstar.testNG.OrangeHTRMTestCase1.closeApp(OrangeHTRMTestCase1.java:24)
at com.morningstar.testNG.OrangeHTRMTestCase1.closeApp(OrangeHTRMTestCase1.java:24)
at com.morningstar.testNG.OrangeHTRMTestCase1.closeApp(OrangeHTRMTestCase1.java:24)
at com.morningstar.testNG.OrangeHTRMTestCase1.closeApp(OrangeHTRMTestCase1.java:24)
at com.morningstar.testNG.OrangeHTRMTestCase1.closeApp(OrangeHTRMTestCase1.java:24)
at com.morningstar.testNG.OrangeHTRMTestCase1.closeApp(OrangeHTRMTestCase1.java:24)
at com.morningstar.testNG.OrangeHTRMTestCase1.closeApp(OrangeHTRMTestCase1.java:24)
at com.morningstar.testNG.OrangeHTRMTestCase1.closeApp(OrangeHTRMTestCase1.java:24)
at com.morningstar.testNG.OrangeHTRMTestCase1.closeApp(OrangeHTRMTestCase1.java:24)
at com.morningstar.testNG.OrangeHTRMTestCase1.closeApp(OrangeHTRMTestCase1.java:24)
at com.morningstar.testNG.OrangeHTRMTestCase1.closeApp(OrangeHTRMTestCase1.java:24)
at com.morningstar.testNG.OrangeHTRMTestCase1.closeApp(OrangeHTRMTestCase1.java:24)
at com.morningstar.testNG.OrangeHTRMTestCase1.closeApp(OrangeHTRMTestCase1.java:24)
at com.morningstar.testNG.OrangeHTRMTestCase1.closeApp(OrangeHTRMTestCase1.java:24)
at com.morningstar.testNG.OrangeHTRMTestCase1.closeApp(OrangeHTRMTestCase1.java:24)
at com.morningstar.testNG.OrangeHTRMTestCase1.closeApp(OrangeHTRMTestCase1.java:24)
at com.morningstar.testNG.OrangeHTRMTestCase1.closeApp(OrangeHTRMTestCase1.java:24)
at com.morningstar.testNG.OrangeHTRMTestCase1.closeApp(OrangeHTRMTestCase1.java:24)
at com.morningstar.testNG.OrangeHTRMTestCase1.closeApp(OrangeHTRMTestCase1.java:24)
at com.morningstar.testNG.OrangeHTRMTestCase1.closeApp(OrangeHTRMTestCase1.java:24)
at com.morningstar.testNG.OrangeHTRMTestCase1.closeApp(OrangeHTRMTestCase1.java:24)
at com.morningstar.testNG.OrangeHTRMTestCase1.closeApp(OrangeHTRMTestCase1.java:24)
at com.morningstar.testNG.OrangeHTRMTestCase1.closeApp(OrangeHTRMTestCase1.java:24)
at com.morningstar.testNG.OrangeHTRMTestCase1.closeApp(OrangeHTRMTestCase1.java:24)
at com.morningstar.testNG.OrangeHTRMTestCase1.closeApp(OrangeHTRMTestCase1.java:24)
at com.morningstar.testNG.OrangeHTRMTestCase1.closeApp(OrangeHTRMTestCase1.java:24)
at com.morningstar.testNG.OrangeHTRMTestCase1.closeApp(OrangeHTRMTestCase1.java:24)
at com.morningstar.testNG.OrangeHTRMTestCase1.closeApp(OrangeHTRMTestCase1.java:24)
at com.morningstar.testNG.OrangeHTRMTestCase1.closeApp(OrangeHTRMTestCase1.java:24)
at com.morningstar.testNG.OrangeHTRMTestCase1.closeApp(OrangeHTRMTestCase1.java:24)
at com.morningstar.testNG.OrangeHTRMTestCase1.closeApp(OrangeHTRMTestCase1.java:24)
at com.morningstar.testNG.OrangeHTRMTestCase1.closeApp(OrangeHTRMTestCase1.java:24)
at com.morningstar.testNG.OrangeHTRMTestCase1.closeApp(OrangeHTRMTestCase1.java:24)
at com.morningstar.testNG.OrangeHTRMTestCase1.closeApp(OrangeHTRMTestCase1.java:24)
at com.morningstar.testNG.OrangeHTRMTestCase1.closeApp(OrangeHTRMTestCase1.java:24)
at com.morningstar.testNG.OrangeHTRMTestCase1.closeApp(OrangeHTRMTestCase1.java:24)
at com.morningstar.testNG.OrangeHTRMTestCase1.closeApp(OrangeHTRMTestCase1.java:24)
at com.morningstar.testNG.OrangeHTRMTestCase1.closeApp(OrangeHTRMTestCase1.java:24)
at com.morningstar.testNG.OrangeHTRMTestCase1.closeApp(OrangeHTRMTestCase1.java:24)
at com.morningstar.testNG.OrangeHTRMTestCase1.closeApp(OrangeHTRMTestCase1.java:24)
at com.morningstar.testNG.OrangeHTRMTestCase1.closeApp(OrangeHTRMTestCase1.java:24)
at com.morningstar.testNG.OrangeHTRMTestCase1.closeApp(OrangeHTRMTestCase1.java:24)
at com.morningstar.testNG.OrangeHTRMTestCase1.closeApp(OrangeHTRMTestCase1.java:24)
at com.morningstar.testNG.OrangeHTRMTestCase1.closeApp(OrangeHTRMTestCase1.java:24)
at com.morningstar.testNG.OrangeHTRMTestCase1.closeApp(OrangeHTRMTestCase1.java:24)
at com.morningstar.testNG.OrangeHTRMTestCase1.closeApp(OrangeHTRMTestCase1.java:24)
at com.morningstar.testNG.OrangeHTRMTestCase1.closeApp(OrangeHTRMTestCase1.java:24)
at com.morningstar.testNG.OrangeHTRMTestCase1.closeApp(OrangeHTRMTestCase1.java:24)
at com.morningstar.testNG.OrangeHTRMTestCase1.closeApp(OrangeHTRMTestCase1.java:24)
at com.morningstar.testNG.OrangeHTRMTestCase1.closeApp(OrangeHTRMTestCase1.java:24)
at com.morningstar.testNG.OrangeHTRMTestCase1.closeApp(OrangeHTRMTestCase1.java:24)
at com.morningstar.testNG.OrangeHTRMTestCase1.closeApp(OrangeHTRMTestCase1.java:24)
at com.morningstar.testNG.OrangeHTRMTestCase1.closeApp(OrangeHTRMTestCase1.java:24)
at com.morningstar.testNG.OrangeHTRMTestCase1.closeApp(OrangeHTRMTestCase1.java:24)
at com.morningstar.testNG.OrangeHTRMTestCase1.closeApp(OrangeHTRMTestCase1.java:24)
at com.morningstar.testNG.OrangeHTRMTestCase1.closeApp(OrangeHTRMTestCase1.java:24)
at com.morningstar.testNG.OrangeHTRMTestCase1.closeApp(OrangeHTRMTestCase1.java:24)
at com.morningstar.testNG.OrangeHTRMTestCase1.closeApp(OrangeHTRMTestCase1.java:24)
at com.morningstar.testNG.OrangeHTRMTestCase1.closeApp(OrangeHTRMTestCase1.java:24)
at com.morningstar.testNG.OrangeHTRMTestCase1.closeApp(OrangeHTRMTestCase1.java:24)
at com.morningstar.testNG.OrangeHTRMTestCase1.closeApp(OrangeHTRMTestCase1.java:24)
at com.morningstar.testNG.OrangeHTRMTestCase1.closeApp(OrangeHTRMTestCase1.java:24)
at com.morningstar.testNG.OrangeHTRMTestCase1.closeApp(OrangeHTRMTestCase1.java:24)
at com.morningstar.testNG.OrangeHTRMTestCase1.closeApp(OrangeHTRMTestCase1.java:24)
at com.morningstar.testNG.OrangeHTRMTestCase1.closeApp(OrangeHTRMTestCase1.java:24)
at com.morningstar.testNG.OrangeHTRMTestCase1.closeApp(OrangeHTRMTestCase1.java:24)
at com.morningstar.testNG.OrangeHTRMTestCase1.closeApp(OrangeHTRMTestCase1.java:24)
at com.morningstar.testNG.OrangeHTRMTestCase1.closeApp(OrangeHTRMTestCase1.java:24)
at com.morningstar.testNG.OrangeHTRMTestCase1.closeApp(OrangeHTRMTestCase1.java:24)
at com.morningstar.testNG.OrangeHTRMTestCase1.closeApp(OrangeHTRMTestCase1.java:24)
at com.morningstar.testNG.OrangeHTRMTestCase1.closeApp(OrangeHTRMTestCase1.java:24)
at com.morningstar.testNG.OrangeHTRMTestCase1.closeApp(OrangeHTRMTestCase1.java:24)
at com.morningstar.testNG.OrangeHTRMTestCase1.closeApp(OrangeHTRMTestCase1.java:24)
at com.morningstar.testNG.OrangeHTRMTestCase1.closeApp(OrangeHTRMTestCase1.java:24)
at com.morningstar.testNG.OrangeHTRMTestCase1.closeApp(OrangeHTRMTestCase1.java:24)
at com.morningstar.testNG.OrangeHTRMTestCase1.closeApp(OrangeHTRMTestCase1.java:24)
at com.morningstar.testNG.OrangeHTRMTestCase1.closeApp(OrangeHTRMTestCase1.java:24)
at com.morningstar.testNG.OrangeHTRMTestCase1.closeApp(OrangeHTRMTestCase1.java:24)
at com.morningstar.testNG.OrangeHTRMTestCase1.closeApp(OrangeHTRMTestCase1.java:24)
at com.morningstar.testNG.OrangeHTRMTestCase1.closeApp(OrangeHTRMTestCase1.java:24)
at com.morningstar.testNG.OrangeHTRMTestCase1.closeApp(OrangeHTRMTestCase1.java:24)
at com.morningstar.testNG.OrangeHTRMTestCase1.closeApp(OrangeHTRMTestCase1.java:24)
at com.morningstar.testNG.OrangeHTRMTestCase1.closeApp(OrangeHTRMTestCase1.java:24)
at com.morningstar.testNG.OrangeHTRMTestCase1.closeApp(OrangeHTRMTestCase1.java:24)
at com.morningstar.testNG.OrangeHTRMTestCase1.closeApp(OrangeHTRMTestCase1.java:24)
at com.morningstar.testNG.OrangeHTRMTestCase1.closeApp(OrangeHTRMTestCase1.java:24)
at com.morningstar.testNG.OrangeHTRMTestCase1.closeApp(OrangeHTRMTestCase1.java:24)
at com.morningstar.testNG.OrangeHTRMTestCase1.closeApp(OrangeHTRMTestCase1.java:24)
at com.morningstar.testNG.OrangeHTRMTestCase1.closeApp(OrangeHTRMTestCase1.java:24)
at com.morningstar.testNG.OrangeHTRMTestCase1.closeApp(OrangeHTRMTestCase1.java:24)
at com.morningstar.testNG.OrangeHTRMTestCase1.closeApp(OrangeHTRMTestCase1.java:24)
at com.morningstar.testNG.OrangeHTRMTestCase1.closeApp(OrangeHTRMTestCase1.java:24)
at com.morningstar.testNG.OrangeHTRMTestCase1.closeApp(OrangeHTRMTestCase1.java:24)
at com.morningstar.testNG.OrangeHTRMTestCase1.closeApp(OrangeHTRMTestCase1.java:24)
at com.morningstar.testNG.OrangeHTRMTestCase1.closeApp(OrangeHTRMTestCase1.java:24)
at com.morningstar.testNG.OrangeHTRMTestCase1.closeApp(OrangeHTRMTestCase1.java:24)
at com.morningstar.testNG.OrangeHTRMTestCase1.closeApp(OrangeHTRMTestCase1.java:24)
at com.morningstar.testNG.OrangeHTRMTestCase1.closeApp(OrangeHTRMTestCase1.java:24)
at com.morningstar.testNG.OrangeHTRMTestCase1.closeApp(OrangeHTRMTestCase1.java:24)
at com.morningstar.testNG.OrangeHTRMTestCase1.closeApp(OrangeHTRMTestCase1.java:24)
at com.morningstar.testNG.OrangeHTRMTestCase1.closeApp(OrangeHTRMTestCase1.java:24)
at com.morningstar.testNG.OrangeHTRMTestCase1.closeApp(OrangeHTRMTestCase1.java:24)
at com.morningstar.testNG.OrangeHTRMTestCase1.closeApp(OrangeHTRMTestCase1.java:24)
at com.morningstar.testNG.OrangeHTRMTestCase1.closeApp(OrangeHTRMTestCase1.java:24)
at com.morningstar.testNG.OrangeHTRMTestCase1.closeApp(OrangeHTRMTestCase1.java:24)
at com.morningstar.testNG.OrangeHTRMTestCase1.closeApp(OrangeHTRMTestCase1.java:24)
at com.morningstar.testNG.OrangeHTRMTestCase1.closeApp(OrangeHTRMTestCase1.java:24)
at com.morningstar.testNG.OrangeHTRMTestCase1.closeApp(OrangeHTRMTestCase1.java:24)
at com.morningstar.testNG.OrangeHTRMTestCase1.closeApp(OrangeHTRMTestCase1.java:24)
at com.morningstar.testNG.OrangeHTRMTestCase1.closeApp(OrangeHTRMTestCase1.java:24)
at com.morningstar.testNG.OrangeHTRMTestCase1.closeApp(OrangeHTRMTestCase1.java:24)
at com.morningstar.testNG.OrangeHTRMTestCase1.closeApp(OrangeHTRMTestCase1.java:24)
at com.morningstar.testNG.OrangeHTRMTestCase1.closeApp(OrangeHTRMTestCase1.java:24)
at com.morningstar.testNG.OrangeHTRMTestCase1.closeApp(OrangeHTRMTestCase1.java:24)
at com.morningstar.testNG.OrangeHTRMTestCase1.closeApp(OrangeHTRMTestCase1.java:24)
at com.morningstar.testNG.OrangeHTRMTestCase1.closeApp(OrangeHTRMTestCase1.java:24)
at com.morningstar.testNG.OrangeHTRMTestCase1.closeApp(OrangeHTRMTestCase1.java:24)
at com.morningstar.testNG.OrangeHTRMTestCase1.closeApp(OrangeHTRMTestCase1.java:24)
at com.morningstar.testNG.OrangeHTRMTestCase1.closeApp(OrangeHTRMTestCase1.java:24)
at com.morningstar.testNG.OrangeHTRMTestCase1.closeApp(OrangeHTRMTestCase1.java:24)
at com.morningstar.testNG.OrangeHTRMTestCase1.closeApp(OrangeHTRMTestCase1.java:24)
at com.morningstar.testNG.OrangeHTRMTestCase1.closeApp(OrangeHTRMTestCase1.java:24)
at com.morningstar.testNG.OrangeHTRMTestCase1.closeApp(OrangeHTRMTestCase1.java:24)
at com.morningstar.testNG.OrangeHTRMTestCase1.closeApp(OrangeHTRMTestCase1.java:24)
at com.morningstar.testNG.OrangeHTRMTestCase1.closeApp(OrangeHTRMTestCase1.java:24)
at com.morningstar.testNG.OrangeHTRMTestCase1.closeApp(OrangeHTRMTestCase1.java:24)
at com.morningstar.testNG.OrangeHTRMTestCase1.closeApp(OrangeHTRMTestCase1.java:24)
at com.morningstar.testNG.OrangeHTRMTestCase1.closeApp(OrangeHTRMTestCase1.java:24)
at com.morningstar.testNG.OrangeHTRMTestCase1.closeApp(OrangeHTRMTestCase1.java:24)
at com.morningstar.testNG.OrangeHTRMTestCase1.closeApp(OrangeHTRMTestCase1.java:24)
at com.morningstar.testNG.OrangeHTRMTestCase1.closeApp(OrangeHTRMTestCase1.java:24)
at com.morningstar.testNG.OrangeHTRMTestCase1.closeApp(OrangeHTRMTestCase1.java:24)
at com.morningstar.testNG.OrangeHTRMTestCase1.closeApp(OrangeHTRMTestCase1.java:24)
at com.morningstar.testNG.OrangeHTRMTestCase1.closeApp(OrangeHTRMTestCase1.java:24)
at com.morningstar.testNG.OrangeHTRMTestCase1.closeApp(OrangeHTRMTestCase1.java:24)
at com.morningstar.testNG.OrangeHTRMTestCase1.closeApp(OrangeHTRMTestCase1.java:24)
at com.morningstar.testNG.OrangeHTRMTestCase1.closeApp(OrangeHTRMTestCase1.java:24)
at com.morningstar.testNG.OrangeHTRMTestCase1.closeApp(OrangeHTRMTestCase1.java:24)
at com.morningstar.testNG.OrangeHTRMTestCase1.closeApp(OrangeHTRMTestCase1.java:24)
at com.morningstar.testNG.OrangeHTRMTestCase1.closeApp(OrangeHTRMTestCase1.java:24)
at com.morningstar.testNG.OrangeHTRMTestCase1.closeApp(OrangeHTRMTestCase1.java:24)
at com.morningstar.testNG.OrangeHTRMTestCase1.closeApp(OrangeHTRMTestCase1.java:24)
at com.morningstar.testNG.OrangeHTRMTestCase1.closeApp(OrangeHTRMTestCase1.java:24)
at com.morningstar.testNG.OrangeHTRMTestCase1.closeApp(OrangeHTRMTestCase1.java:24)
at com.morningstar.testNG.OrangeHTRMTestCase1.closeApp(OrangeHTRMTestCase1.java:24)
at com.morningstar.testNG.OrangeHTRMTestCase1.closeApp(OrangeHTRMTestCase1.java:24)
at com.morningstar.testNG.OrangeHTRMTestCase1.closeApp(OrangeHTRMTestCase1.java:24)
at com.morningstar.testNG.OrangeHTRMTestCase1.closeApp(OrangeHTRMTestCase1.java:24)
at com.morningstar.testNG.OrangeHTRMTestCase1.closeApp(OrangeHTRMTestCase1.java:24)
at com.morningstar.testNG.OrangeHTRMTestCase1.closeApp(OrangeHTRMTestCase1.java:24)
at com.morningstar.testNG.OrangeHTRMTestCase1.closeApp(OrangeHTRMTestCase1.java:24)
at com.morningstar.testNG.OrangeHTRMTestCase1.closeApp(OrangeHTRMTestCase1.java:24)
at com.morningstar.testNG.OrangeHTRMTestCase1.closeApp(OrangeHTRMTestCase1.java:24)
at com.morningstar.testNG.OrangeHTRMTestCase1.closeApp(OrangeHTRMTestCase1.java:24)
at com.morningstar.testNG.OrangeHTRMTestCase1.closeApp(OrangeHTRMTestCase1.java:24)
at com.morningstar.testNG.OrangeHTRMTestCase1.closeApp(OrangeHTRMTestCase1.java:24)
at com.morningstar.testNG.OrangeHTRMTestCase1.closeApp(OrangeHTRMTestCase1.java:24)
at com.morningstar.testNG.OrangeHTRMTestCase1.closeApp(OrangeHTRMTestCase1.java:24)
at com.morningstar.testNG.OrangeHTRMTestCase1.closeApp(OrangeHTRMTestCase1.java:24)
at com.morningstar.testNG.OrangeHTRMTestCase1.closeApp(OrangeHTRMTestCase1.java:24)
at com.morningstar.testNG.OrangeHTRMTestCase1.closeApp(OrangeHTRMTestCase1.java:24)
at com.morningstar.testNG.OrangeHTRMTestCase1.closeApp(OrangeHTRMTestCase1.java:24)
at com.morningstar.testNG.OrangeHTRMTestCase1.closeApp(OrangeHTRMTestCase1.java:24)
at com.morningstar.testNG.OrangeHTRMTestCase1.closeApp(OrangeHTRMTestCase1.java:24)
at com.morningstar.testNG.OrangeHTRMTestCase1.closeApp(OrangeHTRMTestCase1.java:24)
at com.morningstar.testNG.OrangeHTRMTestCase1.closeApp(OrangeHTRMTestCase1.java:24)
at com.morningstar.testNG.OrangeHTRMTestCase1.closeApp(OrangeHTRMTestCase1.java:24)
at com.morningstar.testNG.OrangeHTRMTestCase1.closeApp(OrangeHTRMTestCase1.java:24)
at com.morningstar.testNG.OrangeHTRMTestCase1.closeApp(OrangeHTRMTestCase1.java:24)
at com.morningstar.testNG.OrangeHTRMTestCase1.closeApp(OrangeHTRMTestCase1.java:24)
at com.morningstar.testNG.OrangeHTRMTestCase1.closeApp(OrangeHTRMTestCase1.java:24)
at com.morningstar.testNG.OrangeHTRMTestCase1.closeApp(OrangeHTRMTestCase1.java:24)
at com.morningstar.testNG.OrangeHTRMTestCase1.closeApp(OrangeHTRMTestCase1.java:24)
at com.morningstar.testNG.OrangeHTRMTestCase1.closeApp(OrangeHTRMTestCase1.java:24)
at com.morningstar.testNG.OrangeHTRMTestCase1.closeApp(OrangeHTRMTestCase1.java:24)
at com.morningstar.testNG.OrangeHTRMTestCase1.closeApp(OrangeHTRMTestCase1.java:24)
at com.morningstar.testNG.OrangeHTRMTestCase1.closeApp(OrangeHTRMTestCase1.java:24)
at com.morningstar.testNG.OrangeHTRMTestCase1.closeApp(OrangeHTRMTestCase1.java:24)
at com.morningstar.testNG.OrangeHTRMTestCase1.closeApp(OrangeHTRMTestCase1.java:24)
at com.morningstar.testNG.OrangeHTRMTestCase1.closeApp(OrangeHTRMTestCase1.java:24)
at com.morningstar.testNG.OrangeHTRMTestCase1.closeApp(OrangeHTRMTestCase1.java:24)
at com.morningstar.testNG.OrangeHTRMTestCase1.closeApp(OrangeHTRMTestCase1.java:24)
at com.morningstar.testNG.OrangeHTRMTestCase1.closeApp(OrangeHTRMTestCase1.java:24)
at com.morningstar.testNG.OrangeHTRMTestCase1.closeApp(OrangeHTRMTestCase1.java:24)
at com.morningstar.testNG.OrangeHTRMTestCase1.closeApp(OrangeHTRMTestCase1.java:24)
at com.morningstar.testNG.OrangeHTRMTestCase1.closeApp(OrangeHTRMTestCase1.java:24)
at com.morningstar.testNG.OrangeHTRMTestCase1.closeApp(OrangeHTRMTestCase1.java:24)
at com.morningstar.testNG.OrangeHTRMTestCase1.closeApp(OrangeHTRMTestCase1.java:24)
at com.morningstar.testNG.OrangeHTRMTestCase1.closeApp(OrangeHTRMTestCase1.java:24)
at com.morningstar.testNG.OrangeHTRMTestCase1.closeApp(OrangeHTRMTestCase1.java:24)
at com.morningstar.testNG.OrangeHTRMTestCase1.closeApp(OrangeHTRMTestCase1.java:24)
at com.morningstar.testNG.OrangeHTRMTestCase1.closeApp(OrangeHTRMTestCase1.java:24)
at com.morningstar.testNG.OrangeHTRMTestCase1.closeApp(OrangeHTRMTestCase1.java:24)
at com.morningstar.testNG.OrangeHTRMTestCase1.closeApp(OrangeHTRMTestCase1.java:24)
at com.morningstar.testNG.OrangeHTRMTestCase1.closeApp(OrangeHTRMTestCase1.java:24)
at com.morningstar.testNG.OrangeHTRMTestCase1.closeApp(OrangeHTRMTestCase1.java:24)
at com.morningstar.testNG.OrangeHTRMTestCase1.closeApp(OrangeHTRMTestCase1.java:24)
at com.morningstar.testNG.OrangeHTRMTestCase1.closeApp(OrangeHTRMTestCase1.java:24)
at com.morningstar.testNG.OrangeHTRMTestCase1.closeApp(OrangeHTRMTestCase1.java:24)
at com.morningstar.testNG.OrangeHTRMTestCase1.closeApp(OrangeHTRMTestCase1.java:24)
at com.morningstar.testNG.OrangeHTRMTestCase1.closeApp(OrangeHTRMTestCase1.java:24)
at com.morningstar.testNG.OrangeHTRMTestCase1.closeApp(OrangeHTRMTestCase1.java:24)
at com.morningstar.testNG.OrangeHTRMTestCase1.closeApp(OrangeHTRMTestCase1.java:24)
at com.morningstar.testNG.OrangeHTRMTestCase1.closeApp(OrangeHTRMTestCase1.java:24)
at com.morningstar.testNG.OrangeHTRMTestCase1.closeApp(OrangeHTRMTestCase1.java:24)
at com.morningstar.testNG.OrangeHTRMTestCase1.closeApp(OrangeHTRMTestCase1.java:24)
at com.morningstar.testNG.OrangeHTRMTestCase1.closeApp(OrangeHTRMTestCase1.java:24)
at com.morningstar.testNG.OrangeHTRMTestCase1.closeApp(OrangeHTRMTestCase1.java:24)
at com.morningstar.testNG.OrangeHTRMTestCase1.closeApp(OrangeHTRMTestCase1.java:24)
at com.morningstar.testNG.OrangeHTRMTestCase1.closeApp(OrangeHTRMTestCase1.java:24)
at com.morningstar.testNG.OrangeHTRMTestCase1.closeApp(OrangeHTRMTestCase1.java:24)
at com.morningstar.testNG.OrangeHTRMTestCase1.closeApp(OrangeHTRMTestCase1.java:24)
at com.morningstar.testNG.OrangeHTRMTestCase1.closeApp(OrangeHTRMTestCase1.java:24)
at com.morningstar.testNG.OrangeHTRMTestCase1.closeApp(OrangeHTRMTestCase1.java:24)
at com.morningstar.testNG.OrangeHTRMTestCase1.closeApp(OrangeHTRMTestCase1.java:24)
at com.morningstar.testNG.OrangeHTRMTestCase1.closeApp(OrangeHTRMTestCase1.java:24)
at com.morningstar.testNG.OrangeHTRMTestCase1.closeApp(OrangeHTRMTestCase1.java:24)
at com.morningstar.testNG.OrangeHTRMTestCase1.closeApp(OrangeHTRMTestCase1.java:24)
at com.morningstar.testNG.OrangeHTRMTestCase1.closeApp(OrangeHTRMTestCase1.java:24)
at com.morningstar.testNG.OrangeHTRMTestCase1.closeApp(OrangeHTRMTestCase1.java:24)
at com.morningstar.testNG.OrangeHTRMTestCase1.closeApp(OrangeHTRMTestCase1.java:24)
at com.morningstar.testNG.OrangeHTRMTestCase1.closeApp(OrangeHTRMTestCase1.java:24)
at com.morningstar.testNG.OrangeHTRMTestCase1.closeApp(OrangeHTRMTestCase1.java:24)
at com.morningstar.testNG.OrangeHTRMTestCase1.closeApp(OrangeHTRMTestCase1.java:24)
at com.morningstar.testNG.OrangeHTRMTestCase1.closeApp(OrangeHTRMTestCase1.java:24)
at com.morningstar.testNG.OrangeHTRMTestCase1.closeApp(OrangeHTRMTestCase1.java:24)
at com.morningstar.testNG.OrangeHTRMTestCase1.closeApp(OrangeHTRMTestCase1.java:24)
at com.morningstar.testNG.OrangeHTRMTestCase1.closeApp(OrangeHTRMTestCase1.java:24)
at com.morningstar.testNG.OrangeHTRMTestCase1.closeApp(OrangeHTRMTestCase1.java:24)
at com.morningstar.testNG.OrangeHTRMTestCase1.closeApp(OrangeHTRMTestCase1.java:24)
at com.morningstar.testNG.OrangeHTRMTestCase1.closeApp(OrangeHTRMTestCase1.java:24)
at com.morningstar.testNG.OrangeHTRMTestCase1.closeApp(OrangeHTRMTestCase1.java:24)
at com.morningstar.testNG.OrangeHTRMTestCase1.closeApp(OrangeHTRMTestCase1.java:24)
at com.morningstar.testNG.OrangeHTRMTestCase1.closeApp(OrangeHTRMTestCase1.java:24)
at com.morningstar.testNG.OrangeHTRMTestCase1.closeApp(OrangeHTRMTestCase1.java:24)
at com.morningstar.testNG.OrangeHTRMTestCase1.closeApp(OrangeHTRMTestCase1.java:24)
at com.morningstar.testNG.OrangeHTRMTestCase1.closeApp(OrangeHTRMTestCase1.java:24)
at com.morningstar.testNG.OrangeHTRMTestCase1.closeApp(OrangeHTRMTestCase1.java:24)
at com.morningstar.testNG.OrangeHTRMTestCase1.closeApp(OrangeHTRMTestCase1.java:24)
at com.morningstar.testNG.OrangeHTRMTestCase1.closeApp(OrangeHTRMTestCase1.java:24)
at com.morningstar.testNG.OrangeHTRMTestCase1.closeApp(OrangeHTRMTestCase1.java:24)
at com.morningstar.testNG.OrangeHTRMTestCase1.closeApp(OrangeHTRMTestCase1.java:24)
at com.morningstar.testNG.OrangeHTRMTestCase1.closeApp(OrangeHTRMTestCase1.java:24)
at com.morningstar.testNG.OrangeHTRMTestCase1.closeApp(OrangeHTRMTestCase1.java:24)
at com.morningstar.testNG.OrangeHTRMTestCase1.closeApp(OrangeHTRMTestCase1.java:24)
at com.morningstar.testNG.OrangeHTRMTestCase1.closeApp(OrangeHTRMTestCase1.java:24)
at com.morningstar.testNG.OrangeHTRMTestCase1.closeApp(OrangeHTRMTestCase1.java:24)
at com.morningstar.testNG.OrangeHTRMTestCase1.closeApp(OrangeHTRMTestCase1.java:24)
at com.morningstar.testNG.OrangeHTRMTestCase1.closeApp(OrangeHTRMTestCase1.java:24)
at com.morningstar.testNG.OrangeHTRMTestCase1.closeApp(OrangeHTRMTestCase1.java:24)
at com.morningstar.testNG.OrangeHTRMTestCase1.closeApp(OrangeHTRMTestCase1.java:24)
at com.morningstar.testNG.OrangeHTRMTestCase1.closeApp(OrangeHTRMTestCase1.java:24)
at com.morningstar.testNG.OrangeHTRMTestCase1.closeApp(OrangeHTRMTestCase1.java:24)
at com.morningstar.testNG.OrangeHTRMTestCase1.closeApp(OrangeHTRMTestCase1.java:24)
at com.morningstar.testNG.OrangeHTRMTestCase1.closeApp(OrangeHTRMTestCase1.java:24)
at com.morningstar.testNG.OrangeHTRMTestCase1.closeApp(OrangeHTRMTestCase1.java:24)
at com.morningstar.testNG.OrangeHTRMTestCase1.closeApp(OrangeHTRMTestCase1.java:24)
at com.morningstar.testNG.OrangeHTRMTestCase1.closeApp(OrangeHTRMTestCase1.java:24)
at com.morningstar.testNG.OrangeHTRMTestCase1.closeApp(OrangeHTRMTestCase1.java:24)
at com.morningstar.testNG.OrangeHTRMTestCase1.closeApp(OrangeHTRMTestCase1.java:24)
at com.morningstar.testNG.OrangeHTRMTestCase1.closeApp(OrangeHTRMTestCase1.java:24)
at com.morningstar.testNG.OrangeHTRMTestCase1.closeApp(OrangeHTRMTestCase1.java:24)
at com.morningstar.testNG.OrangeHTRMTestCase1.closeApp(OrangeHTRMTestCase1.java:24)
at com.morningstar.testNG.OrangeHTRMTestCase1.closeApp(OrangeHTRMTestCase1.java:24)
at com.morningstar.testNG.OrangeHTRMTestCase1.closeApp(OrangeHTRMTestCase1.java:24)
at com.morningstar.testNG.OrangeHTRMTestCase1.closeApp(OrangeHTRMTestCase1.java:24)
at com.morningstar.testNG.OrangeHTRMTestCase1.closeApp(OrangeHTRMTestCase1.java:24)
at com.morningstar.testNG.OrangeHTRMTestCase1.closeApp(OrangeHTRMTestCase1.java:24)
at com.morningstar.testNG.OrangeHTRMTestCase1.closeApp(OrangeHTRMTestCase1.java:24)
at com.morningstar.testNG.OrangeHTRMTestCase1.closeApp(OrangeHTRMTestCase1.java:24)
at com.morningstar.testNG.OrangeHTRMTestCase1.closeApp(OrangeHTRMTestCase1.java:24)
at com.morningstar.testNG.OrangeHTRMTestCase1.closeApp(OrangeHTRMTestCase1.java:24)
at com.morningstar.testNG.OrangeHTRMTestCase1.closeApp(OrangeHTRMTestCase1.java:24)
at com.morningstar.testNG.OrangeHTRMTestCase1.closeApp(OrangeHTRMTestCase1.java:24)
at com.morningstar.testNG.OrangeHTRMTestCase1.closeApp(OrangeHTRMTestCase1.java:24)
at com.morningstar.testNG.OrangeHTRMTestCase1.closeApp(OrangeHTRMTestCase1.java:24)
at com.morningstar.testNG.OrangeHTRMTestCase1.closeApp(OrangeHTRMTestCase1.java:24)
at com.morningstar.testNG.OrangeHTRMTestCase1.closeApp(OrangeHTRMTestCase1.java:24)
at com.morningstar.testNG.OrangeHTRMTestCase1.closeApp(OrangeHTRMTestCase1.java:24)
at com.morningstar.testNG.OrangeHTRMTestCase1.closeApp(OrangeHTRMTestCase1.java:24)
at com.morningstar.testNG.OrangeHTRMTestCase1.closeApp(OrangeHTRMTestCase1.java:24)
at com.morningstar.testNG.OrangeHTRMTestCase1.closeApp(OrangeHTRMTestCase1.java:24)
at com.morningstar.testNG.OrangeHTRMTestCase1.closeApp(OrangeHTRMTestCase1.java:24)
at com.morningstar.testNG.OrangeHTRMTestCase1.closeApp(OrangeHTRMTestCase1.java:24)
at com.morningstar.testNG.OrangeHTRMTestCase1.closeApp(OrangeHTRMTestCase1.java:24)
at com.morningstar.testNG.OrangeHTRMTestCase1.closeApp(OrangeHTRMTestCase1.java:24)
at com.morningstar.testNG.OrangeHTRMTestCase1.closeApp(OrangeHTRMTestCase1.java:24)
at com.morningstar.testNG.OrangeHTRMTestCase1.closeApp(OrangeHTRMTestCase1.java:24)
at com.morningstar.testNG.OrangeHTRMTestCase1.closeApp(OrangeHTRMTestCase1.java:24)
at com.morningstar.testNG.OrangeHTRMTestCase1.closeApp(OrangeHTRMTestCase1.java:24)
at com.morningstar.testNG.OrangeHTRMTestCase1.closeApp(OrangeHTRMTestCase1.java:24)
at com.morningstar.testNG.OrangeHTRMTestCase1.closeApp(OrangeHTRMTestCase1.java:24)
at com.morningstar.testNG.OrangeHTRMTestCase1.closeApp(OrangeHTRMTestCase1.java:24)
at com.morningstar.testNG.OrangeHTRMTestCase1.closeApp(OrangeHTRMTestCase1.java:24)
at com.morningstar.testNG.OrangeHTRMTestCase1.closeApp(OrangeHTRMTestCase1.java:24)
at com.morningstar.testNG.OrangeHTRMTestCase1.closeApp(OrangeHTRMTestCase1.java:24)
at com.morningstar.testNG.OrangeHTRMTestCase1.closeApp(OrangeHTRMTestCase1.java:24)
at com.morningstar.testNG.OrangeHTRMTestCase1.closeApp(OrangeHTRMTestCase1.java:24)
at com.morningstar.testNG.OrangeHTRMTestCase1.closeApp(OrangeHTRMTestCase1.java:24)
at com.morningstar.testNG.OrangeHTRMTestCase1.closeApp(OrangeHTRMTestCase1.java:24)
at com.morningstar.testNG.OrangeHTRMTestCase1.closeApp(OrangeHTRMTestCase1.java:24)
at com.morningstar.testNG.OrangeHTRMTestCase1.closeApp(OrangeHTRMTestCase1.java:24)
at com.morningstar.testNG.OrangeHTRMTestCase1.closeApp(OrangeHTRMTestCase1.java:24)
at com.morningstar.testNG.OrangeHTRMTestCase1.closeApp(OrangeHTRMTestCase1.java:24)
at com.morningstar.testNG.OrangeHTRMTestCase1.closeApp(OrangeHTRMTestCase1.java:24)
at com.morningstar.testNG.OrangeHTRMTestCase1.closeApp(OrangeHTRMTestCase1.java:24)
at com.morningstar.testNG.OrangeHTRMTestCase1.closeApp(OrangeHTRMTestCase1.java:24)
at com.morningstar.testNG.OrangeHTRMTestCase1.closeApp(OrangeHTRMTestCase1.java:24)
at com.morningstar.testNG.OrangeHTRMTestCase1.closeApp(OrangeHTRMTestCase1.java:24)
at com.morningstar.testNG.OrangeHTRMTestCase1.closeApp(OrangeHTRMTestCase1.java:24)
at com.morningstar.testNG.OrangeHTRMTestCase1.closeApp(OrangeHTRMTestCase1.java:24)
at com.morningstar.testNG.OrangeHTRMTestCase1.closeApp(OrangeHTRMTestCase1.java:24)
at com.morningstar.testNG.OrangeHTRMTestCase1.closeApp(OrangeHTRMTestCase1.java:24)
at com.morningstar.testNG.OrangeHTRMTestCase1.closeApp(OrangeHTRMTestCase1.java:24)
at com.morningstar.testNG.OrangeHTRMTestCase1.closeApp(OrangeHTRMTestCase1.java:24)
at com.morningstar.testNG.OrangeHTRMTestCase1.closeApp(OrangeHTRMTestCase1.java:24)
at com.morningstar.testNG.OrangeHTRMTestCase1.closeApp(OrangeHTRMTestCase1.java:24)
at com.morningstar.testNG.OrangeHTRMTestCase1.closeApp(OrangeHTRMTestCase1.java:24)
at com.morningstar.testNG.OrangeHTRMTestCase1.closeApp(OrangeHTRMTestCase1.java:24)
at com.morningstar.testNG.OrangeHTRMTestCase1.closeApp(OrangeHTRMTestCase1.java:24)
at com.morningstar.testNG.OrangeHTRMTestCase1.closeApp(OrangeHTRMTestCase1.java:24)
at com.morningstar.testNG.OrangeHTRMTestCase1.closeApp(OrangeHTRMTestCase1.java:24)
at com.morningstar.testNG.OrangeHTRMTestCase1.closeApp(OrangeHTRMTestCase1.java:24)
at com.morningstar.testNG.OrangeHTRMTestCase1.closeApp(OrangeHTRMTestCase1.java:24)
at com.morningstar.testNG.OrangeHTRMTestCase1.closeApp(OrangeHTRMTestCase1.java:24)
at com.morningstar.testNG.OrangeHTRMTestCase1.closeApp(OrangeHTRMTestCase1.java:24)
at com.morningstar.testNG.OrangeHTRMTestCase1.closeApp(OrangeHTRMTestCase1.java:24)
at com.morningstar.testNG.OrangeHTRMTestCase1.closeApp(OrangeHTRMTestCase1.java:24)
at com.morningstar.testNG.OrangeHTRMTestCase1.closeApp(OrangeHTRMTestCase1.java:24)
at com.morningstar.testNG.OrangeHTRMTestCase1.closeApp(OrangeHTRMTestCase1.java:24)
at com.morningstar.testNG.OrangeHTRMTestCase1.closeApp(OrangeHTRMTestCase1.java:24)
at com.morningstar.testNG.OrangeHTRMTestCase1.closeApp(OrangeHTRMTestCase1.java:24)
at com.morningstar.testNG.OrangeHTRMTestCase1.closeApp(OrangeHTRMTestCase1.java:24)
at com.morningstar.testNG.OrangeHTRMTestCase1.closeApp(OrangeHTRMTestCase1.java:24)
at com.morningstar.testNG.OrangeHTRMTestCase1.closeApp(OrangeHTRMTestCase1.java:24)
at com.morningstar.testNG.OrangeHTRMTestCase1.closeApp(OrangeHTRMTestCase1.java:24)
at com.morningstar.testNG.OrangeHTRMTestCase1.closeApp(OrangeHTRMTestCase1.java:24)
at com.morningstar.testNG.OrangeHTRMTestCase1.closeApp(OrangeHTRMTestCase1.java:24)
at com.morningstar.testNG.OrangeHTRMTestCase1.closeApp(OrangeHTRMTestCase1.java:24)
at com.morningstar.testNG.OrangeHTRMTestCase1.closeApp(OrangeHTRMTestCase1.java:24)
at com.morningstar.testNG.OrangeHTRMTestCase1.closeApp(OrangeHTRMTestCase1.java:24)
at com.morningstar.testNG.OrangeHTRMTestCase1.closeApp(OrangeHTRMTestCase1.java:24)
at com.morningstar.testNG.OrangeHTRMTestCase1.closeApp(OrangeHTRMTestCase1.java:24)
at com.morningstar.testNG.OrangeHTRMTestCase1.closeApp(OrangeHTRMTestCase1.java:24)
at com.morningstar.testNG.OrangeHTRMTestCase1.closeApp(OrangeHTRMTestCase1.java:24)
at com.morningstar.testNG.OrangeHTRMTestCase1.closeApp(OrangeHTRMTestCase1.java:24)
at com.morningstar.testNG.OrangeHTRMTestCase1.closeApp(OrangeHTRMTestCase1.java:24)
at com.morningstar.testNG.OrangeHTRMTestCase1.closeApp(OrangeHTRMTestCase1.java:24)
at com.morningstar.testNG.OrangeHTRMTestCase1.closeApp(OrangeHTRMTestCase1.java:24)
at com.morningstar.testNG.OrangeHTRMTestCase1.closeApp(OrangeHTRMTestCase1.java:24)
at com.morningstar.testNG.OrangeHTRMTestCase1.closeApp(OrangeHTRMTestCase1.java:24)
at com.morningstar.testNG.OrangeHTRMTestCase1.closeApp(OrangeHTRMTestCase1.java:24)
at com.morningstar.testNG.OrangeHTRMTestCase1.closeApp(OrangeHTRMTestCase1.java:24)
at com.morningstar.testNG.OrangeHTRMTestCase1.closeApp(OrangeHTRMTestCase1.java:24)
at com.morningstar.testNG.OrangeHTRMTestCase1.closeApp(OrangeHTRMTestCase1.java:24)
at com.morningstar.testNG.OrangeHTRMTestCase1.closeApp(OrangeHTRMTestCase1.java:24)
at com.morningstar.testNG.OrangeHTRMTestCase1.closeApp(OrangeHTRMTestCase1.java:24)
at com.morningstar.testNG.OrangeHTRMTestCase1.closeApp(OrangeHTRMTestCase1.java:24)
at com.morningstar.testNG.OrangeHTRMTestCase1.closeApp(OrangeHTRMTestCase1.java:24)
at com.morningstar.testNG.OrangeHTRMTestCase1.closeApp(OrangeHTRMTestCase1.java:24)
at com.morningstar.testNG.OrangeHTRMTestCase1.closeApp(OrangeHTRMTestCase1.java:24)
at com.morningstar.testNG.OrangeHTRMTestCase1.closeApp(OrangeHTRMTestCase1.java:24)
at com.morningstar.testNG.OrangeHTRMTestCase1.closeApp(OrangeHTRMTestCase1.java:24)
at com.morningstar.testNG.OrangeHTRMTestCase1.closeApp(OrangeHTRMTestCase1.java:24)
at com.morningstar.testNG.OrangeHTRMTestCase1.closeApp(OrangeHTRMTestCase1.java:24)
at com.morningstar.testNG.OrangeHTRMTestCase1.closeApp(OrangeHTRMTestCase1.java:24)
at com.morningstar.testNG.OrangeHTRMTestCase1.closeApp(OrangeHTRMTestCase1.java:24)
at com.morningstar.testNG.OrangeHTRMTestCase1.closeApp(OrangeHTRMTestCase1.java:24)
at com.morningstar.testNG.OrangeHTRMTestCase1.closeApp(OrangeHTRMTestCase1.java:24)
at com.morningstar.testNG.OrangeHTRMTestCase1.closeApp(OrangeHTRMTestCase1.java:24)
at com.morningstar.testNG.OrangeHTRMTestCase1.closeApp(OrangeHTRMTestCase1.java:24)
at com.morningstar.testNG.OrangeHTRMTestCase1.closeApp(OrangeHTRMTestCase1.java:24)
at com.morningstar.testNG.OrangeHTRMTestCase1.closeApp(OrangeHTRMTestCase1.java:24)
at com.morningstar.testNG.OrangeHTRMTestCase1.closeApp(OrangeHTRMTestCase1.java:24)
at com.morningstar.testNG.OrangeHTRMTestCase1.closeApp(OrangeHTRMTestCase1.java:24)
at com.morningstar.testNG.OrangeHTRMTestCase1.closeApp(OrangeHTRMTestCase1.java:24)
at com.morningstar.testNG.OrangeHTRMTestCase1.closeApp(OrangeHTRMTestCase1.java:24)
at com.morningstar.testNG.OrangeHTRMTestCase1.closeApp(OrangeHTRMTestCase1.java:24)
at com.morningstar.testNG.OrangeHTRMTestCase1.closeApp(OrangeHTRMTestCase1.java:24)
at com.morningstar.testNG.OrangeHTRMTestCase1.closeApp(OrangeHTRMTestCase1.java:24)
at com.morningstar.testNG.OrangeHTRMTestCase1.closeApp(OrangeHTRMTestCase1.java:24)
at com.morningstar.testNG.OrangeHTRMTestCase1.closeApp(OrangeHTRMTestCase1.java:24)
at com.morningstar.testNG.OrangeHTRMTestCase1.closeApp(OrangeHTRMTestCase1.java:24)
at com.morningstar.testNG.OrangeHTRMTestCase1.closeApp(OrangeHTRMTestCase1.java:24)
at com.morningstar.testNG.OrangeHTRMTestCase1.closeApp(OrangeHTRMTestCase1.java:24)
at com.morningstar.testNG.OrangeHTRMTestCase1.closeApp(OrangeHTRMTestCase1.java:24)
at com.morningstar.testNG.OrangeHTRMTestCase1.closeApp(OrangeHTRMTestCase1.java:24)
at com.morningstar.testNG.OrangeHTRMTestCase1.closeApp(OrangeHTRMTestCase1.java:24)
at com.morningstar.testNG.OrangeHTRMTestCase1.closeApp(OrangeHTRMTestCase1.java:24)
at com.morningstar.testNG.OrangeHTRMTestCase1.closeApp(OrangeHTRMTestCase1.java:24)
at com.morningstar.testNG.OrangeHTRMTestCase1.closeApp(OrangeHTRMTestCase1.java:24)
at com.morningstar.testNG.OrangeHTRMTestCase1.closeApp(OrangeHTRMTestCase1.java:24)
at com.morningstar.testNG.OrangeHTRMTestCase1.closeApp(OrangeHTRMTestCase1.java:24)
at com.morningstar.testNG.OrangeHTRMTestCase1.closeApp(OrangeHTRMTestCase1.java:24)
at com.morningstar.testNG.OrangeHTRMTestCase1.closeApp(OrangeHTRMTestCase1.java:24)
at com.morningstar.testNG.OrangeHTRMTestCase1.closeApp(OrangeHTRMTestCase1.java:24)
at com.morningstar.testNG.OrangeHTRMTestCase1.closeApp(OrangeHTRMTestCase1.java:24)
at com.morningstar.testNG.OrangeHTRMTestCase1.closeApp(OrangeHTRMTestCase1.java:24)
at com.morningstar.testNG.OrangeHTRMTestCase1.closeApp(OrangeHTRMTestCase1.java:24)
at com.morningstar.testNG.OrangeHTRMTestCase1.closeApp(OrangeHTRMTestCase1.java:24)
at com.morningstar.testNG.OrangeHTRMTestCase1.closeApp(OrangeHTRMTestCase1.java:24)
at com.morningstar.testNG.OrangeHTRMTestCase1.closeApp(OrangeHTRMTestCase1.java:24)
at com.morningstar.testNG.OrangeHTRMTestCase1.closeApp(OrangeHTRMTestCase1.java:24)
at com.morningstar.testNG.OrangeHTRMTestCase1.closeApp(OrangeHTRMTestCase1.java:24)
at com.morningstar.testNG.OrangeHTRMTestCase1.closeApp(OrangeHTRMTestCase1.java:24)
at com.morningstar.testNG.OrangeHTRMTestCase1.closeApp(OrangeHTRMTestCase1.java:24)
at com.morningstar.testNG.OrangeHTRMTestCase1.closeApp(OrangeHTRMTestCase1.java:24)
at com.morningstar.testNG.OrangeHTRMTestCase1.closeApp(OrangeHTRMTestCase1.java:24)
at com.morningstar.testNG.OrangeHTRMTestCase1.closeApp(OrangeHTRMTestCase1.java:24)
at com.morningstar.testNG.OrangeHTRMTestCase1.closeApp(OrangeHTRMTestCase1.java:24)
at com.morningstar.testNG.OrangeHTRMTestCase1.closeApp(OrangeHTRMTestCase1.java:24)
at com.morningstar.testNG.OrangeHTRMTestCase1.closeApp(OrangeHTRMTestCase1.java:24)
at com.morningstar.testNG.OrangeHTRMTestCase1.closeApp(OrangeHTRMTestCase1.java:24)
at com.morningstar.testNG.OrangeHTRMTestCase1.closeApp(OrangeHTRMTestCase1.java:24)
at com.morningstar.testNG.OrangeHTRMTestCase1.closeApp(OrangeHTRMTestCase1.java:24)
at com.morningstar.testNG.OrangeHTRMTestCase1.closeApp(OrangeHTRMTestCase1.java:24)
at com.morningstar.testNG.OrangeHTRMTestCase1.closeApp(OrangeHTRMTestCase1.java:24)
at com.morningstar.testNG.OrangeHTRMTestCase1.closeApp(OrangeHTRMTestCase1.java:24)
at com.morningstar.testNG.OrangeHTRMTestCase1.closeApp(OrangeHTRMTestCase1.java:24)
at com.morningstar.testNG.OrangeHTRMTestCase1.closeApp(OrangeHTRMTestCase1.java:24)
at com.morningstar.testNG.OrangeHTRMTestCase1.closeApp(OrangeHTRMTestCase1.java:24)
at com.morningstar.testNG.OrangeHTRMTestCase1.closeApp(OrangeHTRMTestCase1.java:24)
at com.morningstar.testNG.OrangeHTRMTestCase1.closeApp(OrangeHTRMTestCase1.java:24)
at com.morningstar.testNG.OrangeHTRMTestCase1.closeApp(OrangeHTRMTestCase1.java:24)
at com.morningstar.testNG.OrangeHTRMTestCase1.closeApp(OrangeHTRMTestCase1.java:24)
at com.morningstar.testNG.OrangeHTRMTestCase1.closeApp(OrangeHTRMTestCase1.java:24)
at com.morningstar.testNG.OrangeHTRMTestCase1.closeApp(OrangeHTRMTestCase1.java:24)
at com.morningstar.testNG.OrangeHTRMTestCase1.closeApp(OrangeHTRMTestCase1.java:24)
at com.morningstar.testNG.OrangeHTRMTestCase1.closeApp(OrangeHTRMTestCase1.java:24)
at com.morningstar.testNG.OrangeHTRMTestCase1.closeApp(OrangeHTRMTestCase1.java:24)
at com.morningstar.testNG.OrangeHTRMTestCase1.closeApp(OrangeHTRMTestCase1.java:24)
at com.morningstar.testNG.OrangeHTRMTestCase1.closeApp(OrangeHTRMTestCase1.java:24)
at com.morningstar.testNG.OrangeHTRMTestCase1.closeApp(OrangeHTRMTestCase1.java:24)
at com.morningstar.testNG.OrangeHTRMTestCase1.closeApp(OrangeHTRMTestCase1.java:24)
at com.morningstar.testNG.OrangeHTRMTestCase1.closeApp(OrangeHTRMTestCase1.java:24)
at com.morningstar.testNG.OrangeHTRMTestCase1.closeApp(OrangeHTRMTestCase1.java:24)
at com.morningstar.testNG.OrangeHTRMTestCase1.closeApp(OrangeHTRMTestCase1.java:24)
at com.morningstar.testNG.OrangeHTRMTestCase1.closeApp(OrangeHTRMTestCase1.java:24)
at com.morningstar.testNG.OrangeHTRMTestCase1.closeApp(OrangeHTRMTestCase1.java:24)
at com.morningstar.testNG.OrangeHTRMTestCase1.closeApp(OrangeHTRMTestCase1.java:24)
at com.morningstar.testNG.OrangeHTRMTestCase1.closeApp(OrangeHTRMTestCase1.java:24)
at com.morningstar.testNG.OrangeHTRMTestCase1.closeApp(OrangeHTRMTestCase1.java:24)
at com.morningstar.testNG.OrangeHTRMTestCase1.closeApp(OrangeHTRMTestCase1.java:24)
at com.morningstar.testNG.OrangeHTRMTestCase1.closeApp(OrangeHTRMTestCase1.java:24)
at com.morningstar.testNG.OrangeHTRMTestCase1.closeApp(OrangeHTRMTestCase1.java:24)
at com.morningstar.testNG.OrangeHTRMTestCase1.closeApp(OrangeHTRMTestCase1.java:24)
at com.morningstar.testNG.OrangeHTRMTestCase1.closeApp(OrangeHTRMTestCase1.java:24)
at com.morningstar.testNG.OrangeHTRMTestCase1.closeApp(OrangeHTRMTestCase1.java:24)
at com.morningstar.testNG.OrangeHTRMTestCase1.closeApp(OrangeHTRMTestCase1.java:24)
at com.morningstar.testNG.OrangeHTRMTestCase1.closeApp(OrangeHTRMTestCase1.java:24)
at com.morningstar.testNG.OrangeHTRMTestCase1.closeApp(OrangeHTRMTestCase1.java:24)
at com.morningstar.testNG.OrangeHTRMTestCase1.closeApp(OrangeHTRMTestCase1.java:24)
at com.morningstar.testNG.OrangeHTRMTestCase1.closeApp(OrangeHTRMTestCase1.java:24)
at com.morningstar.testNG.OrangeHTRMTestCase1.closeApp(OrangeHTRMTestCase1.java:24)
at com.morningstar.testNG.OrangeHTRMTestCase1.closeApp(OrangeHTRMTestCase1.java:24)
at com.morningstar.testNG.OrangeHTRMTestCase1.closeApp(OrangeHTRMTestCase1.java:24)
at com.morningstar.testNG.OrangeHTRMTestCase1.closeApp(OrangeHTRMTestCase1.java:24)
at com.morningstar.testNG.OrangeHTRMTestCase1.closeApp(OrangeHTRMTestCase1.java:24)
at com.morningstar.testNG.OrangeHTRMTestCase1.closeApp(OrangeHTRMTestCase1.java:24)
at com.morningstar.testNG.OrangeHTRMTestCase1.closeApp(OrangeHTRMTestCase1.java:24)
at com.morningstar.testNG.OrangeHTRMTestCase1.closeApp(OrangeHTRMTestCase1.java:24)
at com.morningstar.testNG.OrangeHTRMTestCase1.closeApp(OrangeHTRMTestCase1.java:24)
at com.morningstar.testNG.OrangeHTRMTestCase1.closeApp(OrangeHTRMTestCase1.java:24)
at com.morningstar.testNG.OrangeHTRMTestCase1.closeApp(OrangeHTRMTestCase1.java:24)
at com.morningstar.testNG.OrangeHTRMTestCase1.closeApp(OrangeHTRMTestCase1.java:24)
at com.morningstar.testNG.OrangeHTRMTestCase1.closeApp(OrangeHTRMTestCase1.java:24)
at com.morningstar.testNG.OrangeHTRMTestCase1.closeApp(OrangeHTRMTestCase1.java:24)
at com.morningstar.testNG.OrangeHTRMTestCase1.closeApp(OrangeHTRMTestCase1.java:24)
at com.morningstar.testNG.OrangeHTRMTestCase1.closeApp(OrangeHTRMTestCase1.java:24)
at com.morningstar.testNG.OrangeHTRMTestCase1.closeApp(OrangeHTRMTestCase1.java:24)
at com.morningstar.testNG.OrangeHTRMTestCase1.closeApp(OrangeHTRMTestCase1.java:24)
at com.morningstar.testNG.OrangeHTRMTestCase1.closeApp(OrangeHTRMTestCase1.java:24)
at com.morningstar.testNG.OrangeHTRMTestCase1.closeApp(OrangeHTRMTestCase1.java:24)
at com.morningstar.testNG.OrangeHTRMTestCase1.closeApp(OrangeHTRMTestCase1.java:24)
at com.morningstar.testNG.OrangeHTRMTestCase1.closeApp(OrangeHTRMTestCase1.java:24)
at com.morningstar.testNG.OrangeHTRMTestCase1.closeApp(OrangeHTRMTestCase1.java:24)
at com.morningstar.testNG.OrangeHTRMTestCase1.closeApp(OrangeHTRMTestCase1.java:24)
at com.morningstar.testNG.OrangeHTRMTestCase1.closeApp(OrangeHTRMTestCase1.java:24)
at com.morningstar.testNG.OrangeHTRMTestCase1.closeApp(OrangeHTRMTestCase1.java:24)
at com.morningstar.testNG.OrangeHTRMTestCase1.closeApp(OrangeHTRMTestCase1.java:24)
at com.morningstar.testNG.OrangeHTRMTestCase1.closeApp(OrangeHTRMTestCase1.java:24)
at com.morningstar.testNG.OrangeHTRMTestCase1.closeApp(OrangeHTRMTestCase1.java:24)
at com.morningstar.testNG.OrangeHTRMTestCase1.closeApp(OrangeHTRMTestCase1.java:24)
at com.morningstar.testNG.OrangeHTRMTestCase1.closeApp(OrangeHTRMTestCase1.java:24)
at com.morningstar.testNG.OrangeHTRMTestCase1.closeApp(OrangeHTRMTestCase1.java:24)
at com.morningstar.testNG.OrangeHTRMTestCase1.closeApp(OrangeHTRMTestCase1.java:24)
at com.morningstar.testNG.OrangeHTRMTestCase1.closeApp(OrangeHTRMTestCase1.java:24)
at com.morningstar.testNG.OrangeHTRMTestCase1.closeApp(OrangeHTRMTestCase1.java:24)
at com.morningstar.testNG.OrangeHTRMTestCase1.closeApp(OrangeHTRMTestCase1.java:24)
at com.morningstar.testNG.OrangeHTRMTestCase1.closeApp(OrangeHTRMTestCase1.java:24)
at com.morningstar.testNG.OrangeHTRMTestCase1.closeApp(OrangeHTRMTestCase1.java:24)
at com.morningstar.testNG.OrangeHTRMTestCase1.closeApp(OrangeHTRMTestCase1.java:24)
at com.morningstar.testNG.OrangeHTRMTestCase1.closeApp(OrangeHTRMTestCase1.java:24)
at com.morningstar.testNG.OrangeHTRMTestCase1.closeApp(OrangeHTRMTestCase1.java:24)
at com.morningstar.testNG.OrangeHTRMTestCase1.closeApp(OrangeHTRMTestCase1.java:24)
at com.morningstar.testNG.OrangeHTRMTestCase1.closeApp(OrangeHTRMTestCase1.java:24)
at com.morningstar.testNG.OrangeHTRMTestCase1.closeApp(OrangeHTRMTestCase1.java:24)
at com.morningstar.testNG.OrangeHTRMTestCase1.closeApp(OrangeHTRMTestCase1.java:24)
at com.morningstar.testNG.OrangeHTRMTestCase1.closeApp(OrangeHTRMTestCase1.java:24)
at com.morningstar.testNG.OrangeHTRMTestCase1.closeApp(OrangeHTRMTestCase1.java:24)
at com.morningstar.testNG.OrangeHTRMTestCase1.closeApp(OrangeHTRMTestCase1.java:24)
at com.morningstar.testNG.OrangeHTRMTestCase1.closeApp(OrangeHTRMTestCase1.java:24)
at com.morningstar.testNG.OrangeHTRMTestCase1.closeApp(OrangeHTRMTestCase1.java:24)
at com.morningstar.testNG.OrangeHTRMTestCase1.closeApp(OrangeHTRMTestCase1.java:24)
at com.morningstar.testNG.OrangeHTRMTestCase1.closeApp(OrangeHTRMTestCase1.java:24)
at com.morningstar.testNG.OrangeHTRMTestCase1.closeApp(OrangeHTRMTestCase1.java:24)
at com.morningstar.testNG.OrangeHTRMTestCase1.closeApp(OrangeHTRMTestCase1.java:24)
at com.morningstar.testNG.OrangeHTRMTestCase1.closeApp(OrangeHTRMTestCase1.java:24)
at com.morningstar.testNG.OrangeHTRMTestCase1.closeApp(OrangeHTRMTestCase1.java:24)
at com.morningstar.testNG.OrangeHTRMTestCase1.closeApp(OrangeHTRMTestCase1.java:24)
at com.morningstar.testNG.OrangeHTRMTestCase1.closeApp(OrangeHTRMTestCase1.java:24)
at com.morningstar.testNG.OrangeHTRMTestCase1.closeApp(OrangeHTRMTestCase1.java:24)
at com.morningstar.testNG.OrangeHTRMTestCase1.closeApp(OrangeHTRMTestCase1.java:24)
at com.morningstar.testNG.OrangeHTRMTestCase1.closeApp(OrangeHTRMTestCase1.java:24)
at com.morningstar.testNG.OrangeHTRMTestCase1.closeApp(OrangeHTRMTestCase1.java:24)
at com.morningstar.testNG.OrangeHTRMTestCase1.closeApp(OrangeHTRMTestCase1.java:24)
at com.morningstar.testNG.OrangeHTRMTestCase1.closeApp(OrangeHTRMTestCase1.java:24)
at com.morningstar.testNG.OrangeHTRMTestCase1.closeApp(OrangeHTRMTestCase1.java:24)
at com.morningstar.testNG.OrangeHTRMTestCase1.closeApp(OrangeHTRMTestCase1.java:24)
at com.morningstar.testNG.OrangeHTRMTestCase1.closeApp(OrangeHTRMTestCase1.java:24)
at com.morningstar.testNG.OrangeHTRMTestCase1.closeApp(OrangeHTRMTestCase1.java:24)
at com.morningstar.testNG.OrangeHTRMTestCase1.closeApp(OrangeHTRMTestCase1.java:24)
at com.morningstar.testNG.OrangeHTRMTestCase1.closeApp(OrangeHTRMTestCase1.java:24)
at com.morningstar.testNG.OrangeHTRMTestCase1.closeApp(OrangeHTRMTestCase1.java:24)
at com.morningstar.testNG.OrangeHTRMTestCase1.closeApp(OrangeHTRMTestCase1.java:24)
at com.morningstar.testNG.OrangeHTRMTestCase1.closeApp(OrangeHTRMTestCase1.java:24)
at com.morningstar.testNG.OrangeHTRMTestCase1.closeApp(OrangeHTRMTestCase1.java:24)
at com.morningstar.testNG.OrangeHTRMTestCase1.closeApp(OrangeHTRMTestCase1.java:24)
at com.morningstar.testNG.OrangeHTRMTestCase1.closeApp(OrangeHTRMTestCase1.java:24)
at com.morningstar.testNG.OrangeHTRMTestCase1.closeApp(OrangeHTRMTestCase1.java:24)
at com.morningstar.testNG.OrangeHTRMTestCase1.closeApp(OrangeHTRMTestCase1.java:24)
at com.morningstar.testNG.OrangeHTRMTestCase1.closeApp(OrangeHTRMTestCase1.java:24)
at com.morningstar.testNG.OrangeHTRMTestCase1.closeApp(OrangeHTRMTestCase1.java:24)
at com.morningstar.testNG.OrangeHTRMTestCase1.closeApp(OrangeHTRMTestCase1.java:24)
at com.morningstar.testNG.OrangeHTRMTestCase1.closeApp(OrangeHTRMTestCase1.java:24)
at com.morningstar.testNG.OrangeHTRMTestCase1.closeApp(OrangeHTRMTestCase1.java:24)
at com.morningstar.testNG.OrangeHTRMTestCase1.closeApp(OrangeHTRMTestCase1.java:24)
at com.morningstar.testNG.OrangeHTRMTestCase1.closeApp(OrangeHTRMTestCase1.java:24)
at com.morningstar.testNG.OrangeHTRMTestCase1.closeApp(OrangeHTRMTestCase1.java:24)
at com.morningstar.testNG.OrangeHTRMTestCase1.closeApp(OrangeHTRMTestCase1.java:24)
at com.morningstar.testNG.OrangeHTRMTestCase1.closeApp(OrangeHTRMTestCase1.java:24)
at com.morningstar.testNG.OrangeHTRMTestCase1.closeApp(OrangeHTRMTestCase1.java:24)
at com.morningstar.testNG.OrangeHTRMTestCase1.closeApp(OrangeHTRMTestCase1.java:24)
at com.morningstar.testNG.OrangeHTRMTestCase1.closeApp(OrangeHTRMTestCase1.java:24)
at com.morningstar.testNG.OrangeHTRMTestCase1.closeApp(OrangeHTRMTestCase1.java:24)
at com.morningstar.testNG.OrangeHTRMTestCase1.closeApp(OrangeHTRMTestCase1.java:24)
at com.morningstar.testNG.OrangeHTRMTestCase1.closeApp(OrangeHTRMTestCase1.java:24)
at com.morningstar.testNG.OrangeHTRMTestCase1.closeApp(OrangeHTRMTestCase1.java:24)
at com.morningstar.testNG.OrangeHTRMTestCase1.closeApp(OrangeHTRMTestCase1.java:24)
at com.morningstar.testNG.OrangeHTRMTestCase1.closeApp(OrangeHTRMTestCase1.java:24)
at com.morningstar.testNG.OrangeHTRMTestCase1.closeApp(OrangeHTRMTestCase1.java:24)
at com.morningstar.testNG.OrangeHTRMTestCase1.closeApp(OrangeHTRMTestCase1.java:24)
at com.morningstar.testNG.OrangeHTRMTestCase1.closeApp(OrangeHTRMTestCase1.java:24)
at com.morningstar.testNG.OrangeHTRMTestCase1.closeApp(OrangeHTRMTestCase1.java:24)
at com.morningstar.testNG.OrangeHTRMTestCase1.closeApp(OrangeHTRMTestCase1.java:24)
at com.morningstar.testNG.OrangeHTRMTestCase1.closeApp(OrangeHTRMTestCase1.java:24)
at com.morningstar.testNG.OrangeHTRMTestCase1.closeApp(OrangeHTRMTestCase1.java:24)
at com.morningstar.testNG.OrangeHTRMTestCase1.closeApp(OrangeHTRMTestCase1.java:24)
at com.morningstar.testNG.OrangeHTRMTestCase1.closeApp(OrangeHTRMTestCase1.java:24)
at com.morningstar.testNG.OrangeHTRMTestCase1.closeApp(OrangeHTRMTestCase1.java:24)
at com.morningstar.testNG.OrangeHTRMTestCase1.closeApp(OrangeHTRMTestCase1.java:24)
at com.morningstar.testNG.OrangeHTRMTestCase1.closeApp(OrangeHTRMTestCase1.java:24)
at com.morningstar.testNG.OrangeHTRMTestCase1.closeApp(OrangeHTRMTestCase1.java:24)
at com.morningstar.testNG.OrangeHTRMTestCase1.closeApp(OrangeHTRMTestCase1.java:24)
at com.morningstar.testNG.OrangeHTRMTestCase1.closeApp(OrangeHTRMTestCase1.java:24)
at com.morningstar.testNG.OrangeHTRMTestCase1.closeApp(OrangeHTRMTestCase1.java:24)
at com.morningstar.testNG.OrangeHTRMTestCase1.closeApp(OrangeHTRMTestCase1.java:24)
at com.morningstar.testNG.OrangeHTRMTestCase1.closeApp(OrangeHTRMTestCase1.java:24)
at com.morningstar.testNG.OrangeHTRMTestCase1.closeApp(OrangeHTRMTestCase1.java:24)
at com.morningstar.testNG.OrangeHTRMTestCase1.closeApp(OrangeHTRMTestCase1.java:24)
at com.morningstar.testNG.OrangeHTRMTestCase1.closeApp(OrangeHTRMTestCase1.java:24)
at com.morningstar.testNG.OrangeHTRMTestCase1.closeApp(OrangeHTRMTestCase1.java:24)
at com.morningstar.testNG.OrangeHTRMTestCase1.closeApp(OrangeHTRMTestCase1.java:24)
at com.morningstar.testNG.OrangeHTRMTestCase1.closeApp(OrangeHTRMTestCase1.java:24)
at com.morningstar.testNG.OrangeHTRMTestCase1.closeApp(OrangeHTRMTestCase1.java:24)
at com.morningstar.testNG.OrangeHTRMTestCase1.closeApp(OrangeHTRMTestCase1.java:24)
at com.morningstar.testNG.OrangeHTRMTestCase1.closeApp(OrangeHTRMTestCase1.java:24)
at com.morningstar.testNG.OrangeHTRMTestCase1.closeApp(OrangeHTRMTestCase1.java:24)
at com.morningstar.testNG.OrangeHTRMTestCase1.closeApp(OrangeHTRMTestCase1.java:24)
at com.morningstar.testNG.OrangeHTRMTestCase1.closeApp(OrangeHTRMTestCase1.java:24)
at com.morningstar.testNG.OrangeHTRMTestCase1.closeApp(OrangeHTRMTestCase1.java:24)
at com.morningstar.testNG.OrangeHTRMTestCase1.closeApp(OrangeHTRMTestCase1.java:24)
at com.morningstar.testNG.OrangeHTRMTestCase1.closeApp(OrangeHTRMTestCase1.java:24)
at com.morningstar.testNG.OrangeHTRMTestCase1.closeApp(OrangeHTRMTestCase1.java:24)
at com.morningstar.testNG.OrangeHTRMTestCase1.closeApp(OrangeHTRMTestCase1.java:24)
at com.morningstar.testNG.OrangeHTRMTestCase1.closeApp(OrangeHTRMTestCase1.java:24)
at com.morningstar.testNG.OrangeHTRMTestCase1.closeApp(OrangeHTRMTestCase1.java:24)
at com.morningstar.testNG.OrangeHTRMTestCase1.closeApp(OrangeHTRMTestCase1.java:24)
at com.morningstar.testNG.OrangeHTRMTestCase1.closeApp(OrangeHTRMTestCase1.java:24)
at com.morningstar.testNG.OrangeHTRMTestCase1.closeApp(OrangeHTRMTestCase1.java:24)
at com.morningstar.testNG.OrangeHTRMTestCase1.closeApp(OrangeHTRMTestCase1.java:24)
at com.morningstar.testNG.OrangeHTRMTestCase1.closeApp(OrangeHTRMTestCase1.java:24)
at com.morningstar.testNG.OrangeHTRMTestCase1.closeApp(OrangeHTRMTestCase1.java:24)
at com.morningstar.testNG.OrangeHTRMTestCase1.closeApp(OrangeHTRMTestCase1.java:24)
at com.morningstar.testNG.OrangeHTRMTestCase1.closeApp(OrangeHTRMTestCase1.java:24)
at com.morningstar.testNG.OrangeHTRMTestCase1.closeApp(OrangeHTRMTestCase1.java:24)
at com.morningstar.testNG.OrangeHTRMTestCase1.closeApp(OrangeHTRMTestCase1.java:24)
at com.morningstar.testNG.OrangeHTRMTestCase1.closeApp(OrangeHTRMTestCase1.java:24)
at com.morningstar.testNG.OrangeHTRMTestCase1.closeApp(OrangeHTRMTestCase1.java:24)
at com.morningstar.testNG.OrangeHTRMTestCase1.closeApp(OrangeHTRMTestCase1.java:24)
at com.morningstar.testNG.OrangeHTRMTestCase1.closeApp(OrangeHTRMTestCase1.java:24)
at com.morningstar.testNG.OrangeHTRMTestCase1.closeApp(OrangeHTRMTestCase1.java:24)
at com.morningstar.testNG.OrangeHTRMTestCase1.closeApp(OrangeHTRMTestCase1.java:24)
at com.morningstar.testNG.OrangeHTRMTestCase1.closeApp(OrangeHTRMTestCase1.java:24)
at com.morningstar.testNG.OrangeHTRMTestCase1.closeApp(OrangeHTRMTestCase1.java:24)
at com.morningstar.testNG.OrangeHTRMTestCase1.closeApp(OrangeHTRMTestCase1.java:24)
at com.morningstar.testNG.OrangeHTRMTestCase1.closeApp(OrangeHTRMTestCase1.java:24)
at com.morningstar.testNG.OrangeHTRMTestCase1.closeApp(OrangeHTRMTestCase1.java:24)
at com.morningstar.testNG.OrangeHTRMTestCase1.closeApp(OrangeHTRMTestCase1.java:24)
at com.morningstar.testNG.OrangeHTRMTestCase1.closeApp(OrangeHTRMTestCase1.java:24)
at com.morningstar.testNG.OrangeHTRMTestCase1.closeApp(OrangeHTRMTestCase1.java:24)
at com.morningstar.testNG.OrangeHTRMTestCase1.closeApp(OrangeHTRMTestCase1.java:24)
at com.morningstar.testNG.OrangeHTRMTestCase1.closeApp(OrangeHTRMTestCase1.java:24)
at com.morningstar.testNG.OrangeHTRMTestCase1.closeApp(OrangeHTRMTestCase1.java:24)
at com.morningstar.testNG.OrangeHTRMTestCase1.closeApp(OrangeHTRMTestCase1.java:24)
at com.morningstar.testNG.OrangeHTRMTestCase1.closeApp(OrangeHTRMTestCase1.java:24)
at com.morningstar.testNG.OrangeHTRMTestCase1.closeApp(OrangeHTRMTestCase1.java:24)
at com.morningstar.testNG.OrangeHTRMTestCase1.closeApp(OrangeHTRMTestCase1.java:24)
at com.morningstar.testNG.OrangeHTRMTestCase1.closeApp(OrangeHTRMTestCase1.java:24)
at com.morningstar.testNG.OrangeHTRMTestCase1.closeApp(OrangeHTRMTestCase1.java:24)
at com.morningstar.testNG.OrangeHTRMTestCase1.closeApp(OrangeHTRMTestCase1.java:24)
at com.morningstar.testNG.OrangeHTRMTestCase1.closeApp(OrangeHTRMTestCase1.java:24)
at com.morningstar.testNG.OrangeHTRMTestCase1.closeApp(OrangeHTRMTestCase1.java:24)
at com.morningstar.testNG.OrangeHTRMTestCase1.closeApp(OrangeHTRMTestCase1.java:24)
at com.morningstar.testNG.OrangeHTRMTestCase1.closeApp(OrangeHTRMTestCase1.java:24)
at com.morningstar.testNG.OrangeHTRMTestCase1.closeApp(OrangeHTRMTestCase1.java:24)
at com.morningstar.testNG.OrangeHTRMTestCase1.closeApp(OrangeHTRMTestCase1.java:24)
at com.morningstar.testNG.OrangeHTRMTestCase1.closeApp(OrangeHTRMTestCase1.java:24)
at com.morningstar.testNG.OrangeHTRMTestCase1.closeApp(OrangeHTRMTestCase1.java:24)
at com.morningstar.testNG.OrangeHTRMTestCase1.closeApp(OrangeHTRMTestCase1.java:24)
at com.morningstar.testNG.OrangeHTRMTestCase1.closeApp(OrangeHTRMTestCase1.java:24)
at com.morningstar.testNG.OrangeHTRMTestCase1.closeApp(OrangeHTRMTestCase1.java:24)
at com.morningstar.testNG.OrangeHTRMTestCase1.closeApp(OrangeHTRMTestCase1.java:24)
at com.morningstar.testNG.OrangeHTRMTestCase1.closeApp(OrangeHTRMTestCase1.java:24)
at com.morningstar.testNG.OrangeHTRMTestCase1.closeApp(OrangeHTRMTestCase1.java:24)
at com.morningstar.testNG.OrangeHTRMTestCase1.closeApp(OrangeHTRMTestCase1.java:24)
at com.morningstar.testNG.OrangeHTRMTestCase1.closeApp(OrangeHTRMTestCase1.java:24)
at com.morningstar.testNG.OrangeHTRMTestCase1.closeApp(OrangeHTRMTestCase1.java:24)
at com.morningstar.testNG.OrangeHTRMTestCase1.closeApp(OrangeHTRMTestCase1.java:24)
at com.morningstar.testNG.OrangeHTRMTestCase1.closeApp(OrangeHTRMTestCase1.java:24)
at com.morningstar.testNG.OrangeHTRMTestCase1.closeApp(OrangeHTRMTestCase1.java:24)
at com.morningstar.testNG.OrangeHTRMTestCase1.closeApp(OrangeHTRMTestCase1.java:24)
at com.morningstar.testNG.OrangeHTRMTestCase1.closeApp(OrangeHTRMTestCase1.java:24)
at com.morningstar.testNG.OrangeHTRMTestCase1.closeApp(OrangeHTRMTestCase1.java:24)
at com.morningstar.testNG.OrangeHTRMTestCase1.closeApp(OrangeHTRMTestCase1.java:24)
at com.morningstar.testNG.OrangeHTRMTestCase1.closeApp(OrangeHTRMTestCase1.java:24)
at com.morningstar.testNG.OrangeHTRMTestCase1.closeApp(OrangeHTRMTestCase1.java:24)
at com.morningstar.testNG.OrangeHTRMTestCase1.closeApp(OrangeHTRMTestCase1.java:24)
at com.morningstar.testNG.OrangeHTRMTestCase1.closeApp(OrangeHTRMTestCase1.java:24)
at com.morningstar.testNG.OrangeHTRMTestCase1.closeApp(OrangeHTRMTestCase1.java:24)
at com.morningstar.testNG.OrangeHTRMTestCase1.closeApp(OrangeHTRMTestCase1.java:24)
at com.morningstar.testNG.OrangeHTRMTestCase1.closeApp(OrangeHTRMTestCase1.java:24)
at com.morningstar.testNG.OrangeHTRMTestCase1.closeApp(OrangeHTRMTestCase1.java:24)
at com.morningstar.testNG.OrangeHTRMTestCase1.closeApp(OrangeHTRMTestCase1.java:24)
at com.morningstar.testNG.OrangeHTRMTestCase1.closeApp(OrangeHTRMTestCase1.java:24)
at com.morningstar.testNG.OrangeHTRMTestCase1.closeApp(OrangeHTRMTestCase1.java:24)
at com.morningstar.testNG.OrangeHTRMTestCase1.closeApp(OrangeHTRMTestCase1.java:24)
at com.morningstar.testNG.OrangeHTRMTestCase1.closeApp(OrangeHTRMTestCase1.java:24)
at com.morningstar.testNG.OrangeHTRMTestCase1.closeApp(OrangeHTRMTestCase1.java:24)
at com.morningstar.testNG.OrangeHTRMTestCase1.closeApp(OrangeHTRMTestCase1.java:24)
at com.morningstar.testNG.OrangeHTRMTestCase1.closeApp(OrangeHTRMTestCase1.java:24)
at com.morningstar.testNG.OrangeHTRMTestCase1.closeApp(OrangeHTRMTestCase1.java:24)
at com.morningstar.testNG.OrangeHTRMTestCase1.closeApp(OrangeHTRMTestCase1.java:24)
at com.morningstar.testNG.OrangeHTRMTestCase1.closeApp(OrangeHTRMTestCase1.java:24)
at com.morningstar.testNG.OrangeHTRMTestCase1.closeApp(OrangeHTRMTestCase1.java:24)
at com.morningstar.testNG.OrangeHTRMTestCase1.closeApp(OrangeHTRMTestCase1.java:24)
at com.morningstar.testNG.OrangeHTRMTestCase1.closeApp(OrangeHTRMTestCase1.java:24)
at com.morningstar.testNG.OrangeHTRMTestCase1.closeApp(OrangeHTRMTestCase1.java:24)
at com.morningstar.testNG.OrangeHTRMTestCase1.closeApp(OrangeHTRMTestCase1.java:24)
at com.morningstar.testNG.OrangeHTRMTestCase1.closeApp(OrangeHTRMTestCase1.java:24)
at com.morningstar.testNG.OrangeHTRMTestCase1.closeApp(OrangeHTRMTestCase1.java:24)
at com.morningstar.testNG.OrangeHTRMTestCase1.closeApp(OrangeHTRMTestCase1.java:24)
at com.morningstar.testNG.OrangeHTRMTestCase1.closeApp(OrangeHTRMTestCase1.java:24)
at com.morningstar.testNG.OrangeHTRMTestCase1.closeApp(OrangeHTRMTestCase1.java:24)
at com.morningstar.testNG.OrangeHTRMTestCase1.closeApp(OrangeHTRMTestCase1.java:24)
at com.morningstar.testNG.OrangeHTRMTestCase1.closeApp(OrangeHTRMTestCase1.java:24)
at com.morningstar.testNG.OrangeHTRMTestCase1.closeApp(OrangeHTRMTestCase1.java:24)
at com.morningstar.testNG.OrangeHTRMTestCase1.closeApp(OrangeHTRMTestCase1.java:24)
at com.morningstar.testNG.OrangeHTRMTestCase1.closeApp(OrangeHTRMTestCase1.java:24)
at com.morningstar.testNG.OrangeHTRMTestCase1.closeApp(OrangeHTRMTestCase1.java:24)
at com.morningstar.testNG.OrangeHTRMTestCase1.closeApp(OrangeHTRMTestCase1.java:24)
at com.morningstar.testNG.OrangeHTRMTestCase1.closeApp(OrangeHTRMTestCase1.java:24)
at com.morningstar.testNG.OrangeHTRMTestCase1.closeApp(OrangeHTRMTestCase1.java:24)
at com.morningstar.testNG.OrangeHTRMTestCase1.closeApp(OrangeHTRMTestCase1.java:24)
at com.morningstar.testNG.OrangeHTRMTestCase1.closeApp(OrangeHTRMTestCase1.java:24)
at com.morningstar.testNG.OrangeHTRMTestCase1.closeApp(OrangeHTRMTestCase1.java:24)
at com.morningstar.testNG.OrangeHTRMTestCase1.closeApp(OrangeHTRMTestCase1.java:24)
at com.morningstar.testNG.OrangeHTRMTestCase1.closeApp(OrangeHTRMTestCase1.java:24)
at com.morningstar.testNG.OrangeHTRMTestCase1.closeApp(OrangeHTRMTestCase1.java:24)
at com.morningstar.testNG.OrangeHTRMTestCase1.closeApp(OrangeHTRMTestCase1.java:24)
at com.morningstar.testNG.OrangeHTRMTestCase1.closeApp(OrangeHTRMTestCase1.java:24)
at com.morningstar.testNG.OrangeHTRMTestCase1.closeApp(OrangeHTRMTestCase1.java:24)
at com.morningstar.testNG.OrangeHTRMTestCase1.closeApp(OrangeHTRMTestCase1.java:24)
at com.morningstar.testNG.OrangeHTRMTestCase1.closeApp(OrangeHTRMTestCase1.java:24)
at com.morningstar.testNG.OrangeHTRMTestCase1.closeApp(OrangeHTRMTestCase1.java:24)
at com.morningstar.testNG.OrangeHTRMTestCase1.closeApp(OrangeHTRMTestCase1.java:24)
at com.morningstar.testNG.OrangeHTRMTestCase1.closeApp(OrangeHTRMTestCase1.java:24)
at com.morningstar.testNG.OrangeHTRMTestCase1.closeApp(OrangeHTRMTestCase1.java:24)
at com.morningstar.testNG.OrangeHTRMTestCase1.closeApp(OrangeHTRMTestCase1.java:24)
at com.morningstar.testNG.OrangeHTRMTestCase1.closeApp(OrangeHTRMTestCase1.java:24)
at com.morningstar.testNG.OrangeHTRMTestCase1.closeApp(OrangeHTRMTestCase1.java:24)
at com.morningstar.testNG.OrangeHTRMTestCase1.closeApp(OrangeHTRMTestCase1.java:24)
at com.morningstar.testNG.OrangeHTRMTestCase1.closeApp(OrangeHTRMTestCase1.java:24)
at com.morningstar.testNG.OrangeHTRMTestCase1.closeApp(OrangeHTRMTestCase1.java:24)
at com.morningstar.testNG.OrangeHTRMTestCase1.closeApp(OrangeHTRMTestCase1.java:24)
at com.morningstar.testNG.OrangeHTRMTestCase1.closeApp(OrangeHTRMTestCase1.java:24)
at com.morningstar.testNG.OrangeHTRMTestCase1.closeApp(OrangeHTRMTestCase1.java:24)
at com.morningstar.testNG.OrangeHTRMTestCase1.closeApp(OrangeHTRMTestCase1.java:24)
at com.morningstar.testNG.OrangeHTRMTestCase1.closeApp(OrangeHTRMTestCase1.java:24)
at com.morningstar.testNG.OrangeHTRMTestCase1.closeApp(OrangeHTRMTestCase1.java:24)
at com.morningstar.testNG.OrangeHTRMTestCase1.closeApp(OrangeHTRMTestCase1.java:24)
at com.morningstar.testNG.OrangeHTRMTestCase1.closeApp(OrangeHTRMTestCase1.java:24)
at com.morningstar.testNG.OrangeHTRMTestCase1.closeApp(OrangeHTRMTestCase1.java:24)
at com.morningstar.testNG.OrangeHTRMTestCase1.closeApp(OrangeHTRMTestCase1.java:24)
at com.morningstar.testNG.OrangeHTRMTestCase1.closeApp(OrangeHTRMTestCase1.java:24)
at com.morningstar.testNG.OrangeHTRMTestCase1.closeApp(OrangeHTRMTestCase1.java:24)
at com.morningstar.testNG.OrangeHTRMTestCase1.closeApp(OrangeHTRMTestCase1.java:24)
at com.morningstar.testNG.OrangeHTRMTestCase1.closeApp(OrangeHTRMTestCase1.java:24)
at com.morningstar.testNG.OrangeHTRMTestCase1.closeApp(OrangeHTRMTestCase1.java:24)
at com.morningstar.testNG.OrangeHTRMTestCase1.closeApp(OrangeHTRMTestCase1.java:24)
at com.morningstar.testNG.OrangeHTRMTestCase1.closeApp(OrangeHTRMTestCase1.java:24)
at com.morningstar.testNG.OrangeHTRMTestCase1.closeApp(OrangeHTRMTestCase1.java:24)
at com.morningstar.testNG.OrangeHTRMTestCase1.closeApp(OrangeHTRMTestCase1.java:24)
at com.morningstar.testNG.OrangeHTRMTestCase1.closeApp(OrangeHTRMTestCase1.java:24)
at com.morningstar.testNG.OrangeHTRMTestCase1.closeApp(OrangeHTRMTestCase1.java:24)
at com.morningstar.testNG.OrangeHTRMTestCase1.closeApp(OrangeHTRMTestCase1.java:24)
at com.morningstar.testNG.OrangeHTRMTestCase1.closeApp(OrangeHTRMTestCase1.java:24)
at com.morningstar.testNG.OrangeHTRMTestCase1.closeApp(OrangeHTRMTestCase1.java:24)
at com.morningstar.testNG.OrangeHTRMTestCase1.closeApp(OrangeHTRMTestCase1.java:24)
at com.morningstar.testNG.OrangeHTRMTestCase1.closeApp(OrangeHTRMTestCase1.java:24)
at com.morningstar.testNG.OrangeHTRMTestCase1.closeApp(OrangeHTRMTestCase1.java:24)
at com.morningstar.testNG.OrangeHTRMTestCase1.closeApp(OrangeHTRMTestCase1.java:24)
at com.morningstar.testNG.OrangeHTRMTestCase1.closeApp(OrangeHTRMTestCase1.java:24)
at com.morningstar.testNG.OrangeHTRMTestCase1.closeApp(OrangeHTRMTestCase1.java:24)
at com.morningstar.testNG.OrangeHTRMTestCase1.closeApp(OrangeHTRMTestCase1.java:24)
at com.morningstar.testNG.OrangeHTRMTestCase1.closeApp(OrangeHTRMTestCase1.java:24)
at com.morningstar.testNG.OrangeHTRMTestCase1.closeApp(OrangeHTRMTestCase1.java:24)
at com.morningstar.testNG.OrangeHTRMTestCase1.closeApp(OrangeHTRMTestCase1.java:24)
at com.morningstar.testNG.OrangeHTRMTestCase1.closeApp(OrangeHTRMTestCase1.java:24)
at com.morningstar.testNG.OrangeHTRMTestCase1.closeApp(OrangeHTRMTestCase1.java:24)
at com.morningstar.testNG.OrangeHTRMTestCase1.closeApp(OrangeHTRMTestCase1.java:24)
at com.morningstar.testNG.OrangeHTRMTestCase1.closeApp(OrangeHTRMTestCase1.java:24)
at com.morningstar.testNG.OrangeHTRMTestCase1.closeApp(OrangeHTRMTestCase1.java:24)
at com.morningstar.testNG.OrangeHTRMTestCase1.closeApp(OrangeHTRMTestCase1.java:24)
at com.morningstar.testNG.OrangeHTRMTestCase1.closeApp(OrangeHTRMTestCase1.java:24)
at com.morningstar.testNG.OrangeHTRMTestCase1.closeApp(OrangeHTRMTestCase1.java:24)
at com.morningstar.testNG.OrangeHTRMTestCase1.closeApp(OrangeHTRMTestCase1.java:24)
at com.morningstar.testNG.OrangeHTRMTestCase1.closeApp(OrangeHTRMTestCase1.java:24)
at com.morningstar.testNG.OrangeHTRMTestCase1.closeApp(OrangeHTRMTestCase1.java:24)
at com.morningstar.testNG.OrangeHTRMTestCase1.closeApp(OrangeHTRMTestCase1.java:24)
at com.morningstar.testNG.OrangeHTRMTestCase1.closeApp(OrangeHTRMTestCase1.java:24)
at com.morningstar.testNG.OrangeHTRMTestCase1.closeApp(OrangeHTRMTestCase1.java:24)
at com.morningstar.testNG.OrangeHTRMTestCase1.closeApp(OrangeHTRMTestCase1.java:24)
at com.morningstar.testNG.OrangeHTRMTestCase1.closeApp(OrangeHTRMTestCase1.java:24)
at com.morningstar.testNG.OrangeHTRMTestCase1.closeApp(OrangeHTRMTestCase1.java:24)
at com.morningstar.testNG.OrangeHTRMTestCase1.closeApp(OrangeHTRMTestCase1.java:24)
at com.morningstar.testNG.OrangeHTRMTestCase1.closeApp(OrangeHTRMTestCase1.java:24)
at com.morningstar.testNG.OrangeHTRMTestCase1.closeApp(OrangeHTRMTestCase1.java:24)
at com.morningstar.testNG.OrangeHTRMTestCase1.closeApp(OrangeHTRMTestCase1.java:24)
at com.morningstar.testNG.OrangeHTRMTestCase1.closeApp(OrangeHTRMTestCase1.java:24)
at com.morningstar.testNG.OrangeHTRMTestCase1.closeApp(OrangeHTRMTestCase1.java:24)
at com.morningstar.testNG.OrangeHTRMTestCase1.closeApp(OrangeHTRMTestCase1.java:24)
at com.morningstar.testNG.OrangeHTRMTestCase1.closeApp(OrangeHTRMTestCase1.java:24)
at com.morningstar.testNG.OrangeHTRMTestCase1.closeApp(OrangeHTRMTestCase1.java:24)
at com.morningstar.testNG.OrangeHTRMTestCase1.closeApp(OrangeHTRMTestCase1.java:24)
at com.morningstar.testNG.OrangeHTRMTestCase1.closeApp(OrangeHTRMTestCase1.java:24)
at com.morningstar.testNG.OrangeHTRMTestCase1.closeApp(OrangeHTRMTestCase1.java:24)
at com.morningstar.testNG.OrangeHTRMTestCase1.closeApp(OrangeHTRMTestCase1.java:24)
at com.morningstar.testNG.OrangeHTRMTestCase1.closeApp(OrangeHTRMTestCase1.java:24)
at com.morningstar.testNG.OrangeHTRMTestCase1.closeApp(OrangeHTRMTestCase1.java:24)
at com.morningstar.testNG.OrangeHTRMTestCase1.closeApp(OrangeHTRMTestCase1.java:24)
at com.morningstar.testNG.OrangeHTRMTestCase1.closeApp(OrangeHTRMTestCase1.java:24)
at com.morningstar.testNG.OrangeHTRMTestCase1.closeApp(OrangeHTRMTestCase1.java:24)
at com.morningstar.testNG.OrangeHTRMTestCase1.closeApp(OrangeHTRMTestCase1.java:24)
at com.morningstar.testNG.OrangeHTRMTestCase1.closeApp(OrangeHTRMTestCase1.java:24)
at com.morningstar.testNG.OrangeHTRMTestCase1.closeApp(OrangeHTRMTestCase1.java:24)
at com.morningstar.testNG.OrangeHTRMTestCase1.closeApp(OrangeHTRMTestCase1.java:24)
at com.morningstar.testNG.OrangeHTRMTestCase1.closeApp(OrangeHTRMTestCase1.java:24)
at com.morningstar.testNG.OrangeHTRMTestCase1.closeApp(OrangeHTRMTestCase1.java:24)
at com.morningstar.testNG.OrangeHTRMTestCase1.closeApp(OrangeHTRMTestCase1.java:24)
at com.morningstar.testNG.OrangeHTRMTestCase1.closeApp(OrangeHTRMTestCase1.java:24)
at com.morningstar.testNG.OrangeHTRMTestCase1.closeApp(OrangeHTRMTestCase1.java:24)
at com.morningstar.testNG.OrangeHTRMTestCase1.closeApp(OrangeHTRMTestCase1.java:24)
at com.morningstar.testNG.OrangeHTRMTestCase1.closeApp(OrangeHTRMTestCase1.java:24)
at com.morningstar.testNG.OrangeHTRMTestCase1.closeApp(OrangeHTRMTestCase1.java:24)
at com.morningstar.testNG.OrangeHTRMTestCase1.closeApp(OrangeHTRMTestCase1.java:24)
at com.morningstar.testNG.OrangeHTRMTestCase1.closeApp(OrangeHTRMTestCase1.java:24)
at com.morningstar.testNG.OrangeHTRMTestCase1.closeApp(OrangeHTRMTestCase1.java:24)
at com.morningstar.testNG.OrangeHTRMTestCase1.closeApp(OrangeHTRMTestCase1.java:24)
at com.morningstar.testNG.OrangeHTRMTestCase1.closeApp(OrangeHTRMTestCase1.java:24)
at com.morningstar.testNG.OrangeHTRMTestCase1.closeApp(OrangeHTRMTestCase1.java:24)
at com.morningstar.testNG.OrangeHTRMTestCase1.closeApp(OrangeHTRMTestCase1.java:24)
at com.morningstar.testNG.OrangeHTRMTestCase1.closeApp(OrangeHTRMTestCase1.java:24)
at com.morningstar.testNG.OrangeHTRMTestCase1.closeApp(OrangeHTRMTestCase1.java:24)
at com.morningstar.testNG.OrangeHTRMTestCase1.closeApp(OrangeHTRMTestCase1.java:24)
at com.morningstar.testNG.OrangeHTRMTestCase1.closeApp(OrangeHTRMTestCase1.java:24)
]]>
    </error>
  </testcase> <!-- closeApp -->
  <system-out/>
</testsuite> <!-- com.morningstar.testNG.OrangeHTRMTestCase1 -->
