<?xml version="1.0" encoding="UTF-8"?>
<!-- Generated by org.testng.reporters.JUnitReportReporter -->
<testsuite hostname="LAPTOP-CO6233UV" failures="0" tests="1" name="com.morningstar.testNG.OrangeHRMTestCase" time="9.182" errors="0" timestamp="2022-06-17T14:37:53 IST" skipped="0">
  <testcase classname="com.morningstar.testNG.OrangeHRMTestCase" name="login" time="9.182"/>
  <system-out/>
</testsuite> <!-- com.morningstar.testNG.OrangeHRMTestCase -->
