<?xml version="1.0" encoding="UTF-8"?>
<!-- Generated by org.testng.reporters.JUnitReportReporter -->
<testsuite hostname="LAPTOP-CO6233UV" failures="0" tests="3" name="com.morningstar.testNG.SampleTestCase1" time="0.010" errors="0" timestamp="2022-06-17T12:14:52 IST" skipped="0">
  <testcase classname="com.morningstar.testNG.SampleTestCase1" name="testCase3" time="0.003"/>
  <system-out/>
  <testcase classname="com.morningstar.testNG.SampleTestCase1" name="testCase2" time="0.001"/>
  <system-out/>
  <testcase classname="com.morningstar.testNG.SampleTestCase1" name="testCase1" time="0.006"/>
  <system-out/>
</testsuite> <!-- com.morningstar.testNG.SampleTestCase1 -->
