<?xml version="1.0" encoding="UTF-8"?>
<!-- Generated by org.testng.reporters.JUnitReportReporter -->
<testsuite hostname="LAPTOP-CO6233UV" failures="0" tests="1" name="com.testcase.LoginTestCase" time="12.622" errors="0" timestamp="20 Jun 2022 05:05:39 GMT" skipped="0">
  <testcase classname="com.testcase.LoginTestCase" name="loginTest" time="12.622"/>
</testsuite> <!-- com.testcase.LoginTestCase -->
