<?xml version="1.0" encoding="UTF-8"?>
<!-- Generated by org.testng.reporters.JUnitReportReporter -->
<testsuite hostname="LAPTOP-CO6233UV" failures="0" tests="1" name="testcase.LoginTestCase" time="6.824" errors="0" timestamp="20 Jun 2022 09:13:27 GMT" skipped="0">
  <testcase classname="testcase.LoginTestCase" name="loginTest" time="6.824"/>
</testsuite> <!-- testcase.LoginTestCase -->
